2023-12-22 20:24:11.337 [info] Added views:workbench.panel.markers.view in workbench.panel.markers
2023-12-22 20:24:11.337 [info] Added views:workbench.panel.output in workbench.panel.output
2023-12-22 20:24:11.337 [info] Added views:terminal in terminal
2023-12-22 20:24:11.337 [info] Added views:outline in workbench.view.explorer
2023-12-22 20:24:11.337 [info] Added views:workbench.scm in workbench.view.scm
2023-12-22 20:24:11.337 [info] Added views:workbench.view.search in workbench.view.search
2023-12-22 20:24:11.337 [info] Added views:timeline in workbench.view.explorer
2023-12-22 20:24:11.337 [info] Added views:workbench.explorer.emptyView in workbench.view.explorer
2023-12-22 20:24:11.542 [info] Added views:workbench.debug.variablesView,workbench.debug.watchExpressionsView,workbench.debug.callStackView,workbench.debug.breakPointsView in workbench.view.debug
2023-12-22 20:24:12.189 [info] Added views:workbench.panel.repl.view in workbench.panel.repl
2023-12-22 20:24:12.191 [info] Removed views:workbench.debug.breakPointsView,workbench.debug.callStackView,workbench.debug.watchExpressionsView,workbench.debug.variablesView from workbench.view.debug
2023-12-22 20:24:12.192 [info] Added views:workbench.debug.welcome in workbench.view.debug
2023-12-22 20:24:12.295 [info] Added views:~remote.forwardedPorts in ~remote.forwardedPortsContainer
2023-12-22 20:24:31.662 [info] Added views:workbench.views.extensions.installed,workbench.views.extensions.popular,extensions.recommendedList in workbench.view.extensions
2023-12-22 20:24:31.665 [info] Removed views:workbench.views.extensions.popular from workbench.view.extensions
2023-12-22 20:24:31.950 [info] Added views:workbench.views.extensions.popular in workbench.view.extensions
2023-12-22 20:24:33.139 [info] Removed views:extensions.recommendedList,workbench.views.extensions.popular,workbench.views.extensions.installed from workbench.view.extensions
2023-12-22 20:24:33.156 [info] Added views:workbench.views.extensions.marketplace in workbench.view.extensions
2023-12-22 20:24:45.794 [info] Removed views:workbench.views.extensions.marketplace from workbench.view.extensions
2023-12-22 20:24:45.815 [info] Added views:workbench.views.extensions.installed,workbench.views.extensions.popular,extensions.recommendedList in workbench.view.extensions
2023-12-22 20:24:46.451 [info] Removed views:extensions.recommendedList,workbench.views.extensions.popular,workbench.views.extensions.installed from workbench.view.extensions
2023-12-22 20:24:46.458 [info] Added views:workbench.views.extensions.marketplace in workbench.view.extensions
2023-12-22 20:25:02.373 [info] Removed views:workbench.views.extensions.marketplace from workbench.view.extensions
2023-12-22 20:25:02.389 [info] Added views:workbench.views.extensions.installed,workbench.views.extensions.popular,extensions.recommendedList in workbench.view.extensions
2023-12-22 20:25:03.168 [info] Removed views:extensions.recommendedList,workbench.views.extensions.popular,workbench.views.extensions.installed from workbench.view.extensions
2023-12-22 20:25:03.182 [info] Added views:workbench.views.extensions.marketplace in workbench.view.extensions
2023-12-22 20:25:06.260 [info] Removed views:workbench.views.extensions.marketplace from workbench.view.extensions
2023-12-22 20:25:06.274 [info] Added views:workbench.views.extensions.installed,workbench.views.extensions.popular,extensions.recommendedList in workbench.view.extensions
2023-12-22 20:25:10.185 [info] Removed views:extensions.recommendedList,workbench.views.extensions.popular,workbench.views.extensions.installed from workbench.view.extensions
2023-12-22 20:25:10.193 [info] Added views:workbench.views.extensions.marketplace in workbench.view.extensions
