2023-12-20 17:51:30.623 [info] Log level: Info
2023-12-20 17:51:30.623 [info] Validating found git in: "git"
2023-12-20 17:51:30.623 [info] Using git "2.43.0" from "git"
2023-12-20 17:51:30.623 [info] > git rev-parse --show-toplevel [3ms]
2023-12-20 17:51:30.623 [info] > git rev-parse --git-dir --git-common-dir [2ms]
2023-12-20 17:51:30.623 [info] Open repository: /home/mihalic2040/work/Database
2023-12-20 17:51:30.623 [info] > git rev-parse --show-toplevel [7ms]
2023-12-20 17:51:30.623 [info] > git config --get commit.template [14ms]
2023-12-20 17:51:30.623 [info] > git rev-parse --show-toplevel [66ms]
2023-12-20 17:51:30.629 [info] > git for-each-ref --format=%(refname)%00%(upstream:short)%00%(objectname)%00%(upstream:track)%00%(upstream:remotename)%00%(upstream:remoteref) refs/heads/main refs/remotes/main [17ms]
2023-12-20 17:51:30.633 [info] > git rev-parse --show-toplevel [5ms]
2023-12-20 17:51:30.663 [info] > git rev-parse --show-toplevel [9ms]
2023-12-20 17:51:30.670 [info] > git rev-parse --show-toplevel [1ms]
2023-12-20 17:51:30.673 [info] > git status -z -uall [10ms]
2023-12-20 17:51:30.688 [info] > git config --get commit.template [2ms]
2023-12-20 17:51:30.696 [info] > git for-each-ref --format=%(refname)%00%(upstream:short)%00%(objectname)%00%(upstream:track)%00%(upstream:remotename)%00%(upstream:remoteref) refs/heads/main refs/remotes/main [2ms]
2023-12-20 17:51:30.713 [info] > git status -z -uall [10ms]
2023-12-20 17:51:31.079 [info] > git check-ignore -v -z --stdin [4ms]
2023-12-20 17:51:31.223 [info] > git show --textconv :src/store/handler.go [9ms]
2023-12-20 17:51:31.224 [info] > git ls-files --stage -- /home/mihalic2040/work/Database/src/store/handler.go [2ms]
2023-12-20 17:51:31.232 [info] > git cat-file -s 57db936c22aa20f4629ad2ce9f52d5a8daa9030b [3ms]
2023-12-20 17:51:42.906 [info] > git show --textconv :src/store/db.go [5ms]
2023-12-20 17:51:42.907 [info] > git ls-files --stage -- /home/mihalic2040/work/Database/src/store/db.go [2ms]
2023-12-20 17:51:42.913 [info] > git cat-file -s 5072dfdd4c5e4a5a0d3e9ec92402b9b3b98d452c [2ms]
2023-12-20 18:12:27.533 [info] > git show --textconv :src/store/Dht.go [5ms]
2023-12-20 18:12:27.535 [info] > git ls-files --stage -- /home/mihalic2040/work/Database/src/store/Dht.go [2ms]
2023-12-20 18:12:27.787 [info] > git check-ignore -v -z --stdin [1ms]
2023-12-20 18:12:28.358 [info] > git config --get commit.template [4ms]
2023-12-20 18:12:28.359 [info] > git for-each-ref --format=%(refname)%00%(upstream:short)%00%(objectname)%00%(upstream:track)%00%(upstream:remotename)%00%(upstream:remoteref) refs/heads/main refs/remotes/main [1ms]
2023-12-20 18:12:28.372 [info] > git status -z -uall [9ms]
2023-12-20 18:14:47.017 [info] > git config --get commit.template [1ms]
2023-12-20 18:14:47.023 [info] > git for-each-ref --format=%(refname)%00%(upstream:short)%00%(objectname)%00%(upstream:track)%00%(upstream:remotename)%00%(upstream:remoteref) refs/heads/main refs/remotes/main [1ms]
2023-12-20 18:14:47.039 [info] > git status -z -uall [10ms]
2023-12-20 18:14:52.054 [info] > git for-each-ref --format=%(refname)%00%(upstream:short)%00%(objectname)%00%(upstream:track)%00%(upstream:remotename)%00%(upstream:remoteref) refs/heads/main refs/remotes/main [2ms]
2023-12-20 18:14:52.054 [info] > git config --get commit.template [8ms]
2023-12-20 18:14:52.066 [info] > git status -z -uall [7ms]
2023-12-20 18:16:22.180 [info] > git config --get commit.template [4ms]
2023-12-20 18:16:22.180 [info] > git for-each-ref --format=%(refname)%00%(upstream:short)%00%(objectname)%00%(upstream:track)%00%(upstream:remotename)%00%(upstream:remoteref) refs/heads/main refs/remotes/main [1ms]
2023-12-20 18:16:22.190 [info] > git status -z -uall [6ms]
2023-12-20 18:17:56.638 [info] > git config --get commit.template [8ms]
2023-12-20 18:17:56.639 [info] > git for-each-ref --format=%(refname)%00%(upstream:short)%00%(objectname)%00%(upstream:track)%00%(upstream:remotename)%00%(upstream:remoteref) refs/heads/main refs/remotes/main [2ms]
2023-12-20 18:17:56.658 [info] > git status -z -uall [12ms]
2023-12-20 18:18:01.849 [info] > git config --get commit.template [6ms]
2023-12-20 18:18:01.849 [info] > git for-each-ref --format=%(refname)%00%(upstream:short)%00%(objectname)%00%(upstream:track)%00%(upstream:remotename)%00%(upstream:remoteref) refs/heads/main refs/remotes/main [1ms]
2023-12-20 18:18:01.867 [info] > git status -z -uall [13ms]
2023-12-20 18:18:06.879 [info] > git config --get commit.template [4ms]
2023-12-20 18:18:06.880 [info] > git for-each-ref --format=%(refname)%00%(upstream:short)%00%(objectname)%00%(upstream:track)%00%(upstream:remotename)%00%(upstream:remoteref) refs/heads/main refs/remotes/main [1ms]
2023-12-20 18:18:06.892 [info] > git status -z -uall [7ms]
2023-12-20 18:18:11.911 [info] > git config --get commit.template [6ms]
2023-12-20 18:18:11.911 [info] > git for-each-ref --format=%(refname)%00%(upstream:short)%00%(objectname)%00%(upstream:track)%00%(upstream:remotename)%00%(upstream:remoteref) refs/heads/main refs/remotes/main [1ms]
2023-12-20 18:18:11.929 [info] > git status -z -uall [12ms]
2023-12-20 18:18:23.909 [info] > git config --get commit.template [6ms]
2023-12-20 18:18:23.909 [info] > git for-each-ref --format=%(refname)%00%(upstream:short)%00%(objectname)%00%(upstream:track)%00%(upstream:remotename)%00%(upstream:remoteref) refs/heads/main refs/remotes/main [1ms]
2023-12-20 18:18:23.920 [info] > git status -z -uall [6ms]
2023-12-20 18:18:34.475 [info] > git config --get commit.template [4ms]
2023-12-20 18:18:34.476 [info] > git for-each-ref --format=%(refname)%00%(upstream:short)%00%(objectname)%00%(upstream:track)%00%(upstream:remotename)%00%(upstream:remoteref) refs/heads/main refs/remotes/main [1ms]
2023-12-20 18:18:34.489 [info] > git status -z -uall [8ms]
2023-12-20 18:18:39.502 [info] > git config --get commit.template [5ms]
2023-12-20 18:18:39.502 [info] > git for-each-ref --format=%(refname)%00%(upstream:short)%00%(objectname)%00%(upstream:track)%00%(upstream:remotename)%00%(upstream:remoteref) refs/heads/main refs/remotes/main [1ms]
2023-12-20 18:18:39.513 [info] > git status -z -uall [6ms]
2023-12-20 18:19:19.216 [info] > git config --get commit.template [5ms]
2023-12-20 18:19:19.216 [info] > git for-each-ref --format=%(refname)%00%(upstream:short)%00%(objectname)%00%(upstream:track)%00%(upstream:remotename)%00%(upstream:remoteref) refs/heads/main refs/remotes/main [1ms]
2023-12-20 18:19:19.228 [info] > git status -z -uall [8ms]
2023-12-20 18:19:24.241 [info] > git config --get commit.template [5ms]
2023-12-20 18:19:24.241 [info] > git for-each-ref --format=%(refname)%00%(upstream:short)%00%(objectname)%00%(upstream:track)%00%(upstream:remotename)%00%(upstream:remoteref) refs/heads/main refs/remotes/main [1ms]
2023-12-20 18:19:24.251 [info] > git status -z -uall [6ms]
2023-12-20 18:19:29.901 [info] > git config --get commit.template [2ms]
2023-12-20 18:19:29.909 [info] > git for-each-ref --format=%(refname)%00%(upstream:short)%00%(objectname)%00%(upstream:track)%00%(upstream:remotename)%00%(upstream:remoteref) refs/heads/main refs/remotes/main [2ms]
2023-12-20 18:19:29.921 [info] > git status -z -uall [7ms]
2023-12-20 18:19:34.938 [info] > git config --get commit.template [7ms]
2023-12-20 18:19:34.938 [info] > git for-each-ref --format=%(refname)%00%(upstream:short)%00%(objectname)%00%(upstream:track)%00%(upstream:remotename)%00%(upstream:remoteref) refs/heads/main refs/remotes/main [1ms]
2023-12-20 18:19:34.959 [info] > git status -z -uall [12ms]
2023-12-20 18:20:02.308 [info] > git config --get commit.template [6ms]
2023-12-20 18:20:02.309 [info] > git for-each-ref --format=%(refname)%00%(upstream:short)%00%(objectname)%00%(upstream:track)%00%(upstream:remotename)%00%(upstream:remoteref) refs/heads/main refs/remotes/main [1ms]
2023-12-20 18:20:02.322 [info] > git status -z -uall [7ms]
2023-12-20 18:20:07.642 [info] > git config --get commit.template [5ms]
2023-12-20 18:20:07.642 [info] > git for-each-ref --format=%(refname)%00%(upstream:short)%00%(objectname)%00%(upstream:track)%00%(upstream:remotename)%00%(upstream:remoteref) refs/heads/main refs/remotes/main [1ms]
2023-12-20 18:20:07.652 [info] > git status -z -uall [6ms]
2023-12-20 18:20:12.680 [info] > git config --get commit.template [12ms]
2023-12-20 18:20:12.680 [info] > git for-each-ref --format=%(refname)%00%(upstream:short)%00%(objectname)%00%(upstream:track)%00%(upstream:remotename)%00%(upstream:remoteref) refs/heads/main refs/remotes/main [2ms]
2023-12-20 18:20:12.702 [info] > git status -z -uall [13ms]
2023-12-20 18:22:16.087 [info] > git config --get commit.template [5ms]
2023-12-20 18:22:16.088 [info] > git for-each-ref --format=%(refname)%00%(upstream:short)%00%(objectname)%00%(upstream:track)%00%(upstream:remotename)%00%(upstream:remoteref) refs/heads/main refs/remotes/main [1ms]
2023-12-20 18:22:16.104 [info] > git status -z -uall [11ms]
2023-12-20 18:23:51.434 [info] > git config --get commit.template [4ms]
2023-12-20 18:23:51.435 [info] > git for-each-ref --format=%(refname)%00%(upstream:short)%00%(objectname)%00%(upstream:track)%00%(upstream:remotename)%00%(upstream:remoteref) refs/heads/main refs/remotes/main [1ms]
2023-12-20 18:23:51.446 [info] > git status -z -uall [7ms]
2023-12-20 18:24:38.145 [info] > git show --textconv :src/store/db.go [12ms]
2023-12-20 18:24:38.145 [info] > git ls-files --stage -- /home/mihalic2040/work/Database/src/store/db.go [1ms]
2023-12-20 18:24:38.156 [info] > git cat-file -s 5072dfdd4c5e4a5a0d3e9ec92402b9b3b98d452c [3ms]
2023-12-20 18:24:38.985 [info] > git config --get commit.template [8ms]
2023-12-20 18:24:39.021 [info] > git for-each-ref --format=%(refname)%00%(upstream:short)%00%(objectname)%00%(upstream:track)%00%(upstream:remotename)%00%(upstream:remoteref) refs/heads/main refs/remotes/main [0ms]
2023-12-20 18:24:39.073 [info] > git status -z -uall [19ms]
