[Info  - 5:51:30 PM] 2023/12/20 17:51:30 go info for /home/mihalic2040/work/Database
(go dir /home/mihalic2040/work/Database)
(go version go version go1.21.5 linux/amd64)
(valid build configuration = true)
(build flags: [])
(selected go env: [GO111MODULE=, GOCACHE=/home/mihalic2040/.cache/go-build, GOFLAGS=, GOMODCACHE=/home/mihalic2040/go/pkg/mod, GOPATH=/home/mihalic2040/go, GOPRIVATE=, GOROOT=/usr/lib/go, GOWORK=])


[Info  - 5:51:31 PM] 2023/12/20 17:51:31 go/packages.Load #1
	snapshot=0
	directory=file:///home/mihalic2040/work/Database
	query=[/home/mihalic2040/work/Database/... builtin]
	packages=7

[Info  - 5:51:31 PM] 2023/12/20 17:51:31 go/packages.Load #1: updating metadata for 424 packages

[Error - 5:51:31 PM] Request textDocument/inlayHint failed.
  Message: getting file for InlayHint: context canceled
  Code: 0 
[Error - 5:51:32 PM] 2023/12/20 17:51:32 tidy: diagnosing file:///home/mihalic2040/work/Database/go.mod: err: exit status 1: stderr: go: downloading github.com/kr/pretty v0.2.1
go: github.com/Rosa-Devs/Database/cmd/cli imports
	github.com/libp2p/go-libp2p imports
	github.com/libp2p/go-libp2p/p2p/security/noise imports
	github.com/flynn/noise tested by
	github.com/flynn/noise.test imports
	gopkg.in/check.v1 imports
	github.com/kr/pretty: module lookup disabled by GOPROXY=off


[Error - 5:51:43 PM] 2023/12/20 17:51:43 tidy: diagnosing file:///home/mihalic2040/work/Database/go.mod: err: exit status 1: stderr: go: downloading github.com/kr/pretty v0.2.1
go: github.com/Rosa-Devs/Database/cmd/cli imports
	github.com/libp2p/go-libp2p imports
	github.com/libp2p/go-libp2p/p2p/security/noise imports
	github.com/flynn/noise tested by
	github.com/flynn/noise.test imports
	gopkg.in/check.v1 imports
	github.com/kr/pretty: module lookup disabled by GOPROXY=off


[Info  - 5:52:12 PM] 2023/12/20 17:52:12 background imports cache refresh starting

[Info  - 5:52:12 PM] 2023/12/20 17:52:12 background refresh finished after 14.199569ms

[Info  - 5:52:43 PM] 2023/12/20 17:52:43 background imports cache refresh starting

[Info  - 5:52:43 PM] 2023/12/20 17:52:43 background refresh finished after 7.286067ms

[Info  - 6:12:27 PM] 2023/12/20 18:12:27 go/packages.Load #2
	snapshot=3
	directory=file:///home/mihalic2040/work/Database
	query=[file=/home/mihalic2040/work/Database/src/store/Dht.go]
	packages=1

[Info  - 6:12:27 PM] 2023/12/20 18:12:27 go/packages.Load #2
	snapshot=3
	directory=file:///home/mihalic2040/work/Database
	package="github.com/Rosa-Devs/Database/src/store"
	files=[/home/mihalic2040/work/Database/src/store/Dht.go /home/mihalic2040/work/Database/src/store/db.go /home/mihalic2040/work/Database/src/store/eventbus.go /home/mihalic2040/work/Database/src/store/handler.go /home/mihalic2040/work/Database/src/store/merkle.go /home/mihalic2040/work/Database/src/store/pool.go /home/mihalic2040/work/Database/src/store/pubsub.go /home/mihalic2040/work/Database/src/store/server.go /home/mihalic2040/work/Database/src/store/sync.go]

[Info  - 6:12:27 PM] 2023/12/20 18:12:27 go/packages.Load #2: updating metadata for 1 packages

[Info  - 6:12:27 PM] 2023/12/20 18:12:27 go/packages.Load #3
	snapshot=3
	directory=file:///home/mihalic2040/work/Database
	query=[file=/home/mihalic2040/work/Database/src/store/Dht.go]
	packages=1

[Info  - 6:12:27 PM] 2023/12/20 18:12:27 go/packages.Load #3
	snapshot=3
	directory=file:///home/mihalic2040/work/Database
	package="github.com/Rosa-Devs/Database/src/store"
	files=[/home/mihalic2040/work/Database/src/store/Dht.go /home/mihalic2040/work/Database/src/store/db.go /home/mihalic2040/work/Database/src/store/eventbus.go /home/mihalic2040/work/Database/src/store/handler.go /home/mihalic2040/work/Database/src/store/merkle.go /home/mihalic2040/work/Database/src/store/pool.go /home/mihalic2040/work/Database/src/store/pubsub.go /home/mihalic2040/work/Database/src/store/server.go /home/mihalic2040/work/Database/src/store/sync.go]

[Info  - 6:12:27 PM] 2023/12/20 18:12:27 go/packages.Load #3: updating metadata for 0 packages

[Info  - 6:12:28 PM] 2023/12/20 18:12:28 go/packages.Load #4
	snapshot=6
	directory=file:///home/mihalic2040/work/Database
	query=[github.com/Rosa-Devs/Database/cmd/cli github.com/Rosa-Devs/Database/cmd/db github.com/Rosa-Devs/Database/cmd/manager]
	packages=3

[Info  - 6:12:28 PM] 2023/12/20 18:12:28 go/packages.Load #4
	snapshot=6
	directory=file:///home/mihalic2040/work/Database
	package="github.com/Rosa-Devs/Database/cmd/cli"
	files=[/home/mihalic2040/work/Database/cmd/cli/main.go]

[Info  - 6:12:28 PM] 2023/12/20 18:12:28 go/packages.Load #4
	snapshot=6
	directory=file:///home/mihalic2040/work/Database
	package="github.com/Rosa-Devs/Database/cmd/db"
	files=[/home/mihalic2040/work/Database/cmd/db/db.go]

[Info  - 6:12:28 PM] 2023/12/20 18:12:28 go/packages.Load #4
	snapshot=6
	directory=file:///home/mihalic2040/work/Database
	package="github.com/Rosa-Devs/Database/cmd/manager"
	files=[/home/mihalic2040/work/Database/cmd/manager/main.go]

[Info  - 6:12:28 PM] 2023/12/20 18:12:28 go/packages.Load #4: updating metadata for 3 packages

[Error - 6:12:28 PM] 2023/12/20 18:12:28 imports fixes: AllImportsFixes: importPrefix: failed to parse: 1:1: expected 'package', found pa
	file="/home/mihalic2040/work/Database/src/store/Dht.go"

[Info  - 6:12:29 PM] 2023/12/20 18:12:29 go/packages.Load #6
	snapshot=7
	directory=file:///home/mihalic2040/work/Database
	package="github.com/Rosa-Devs/Database/src/store"
	files=[/home/mihalic2040/work/Database/src/store/Dht.go /home/mihalic2040/work/Database/src/store/db.go /home/mihalic2040/work/Database/src/store/eventbus.go /home/mihalic2040/work/Database/src/store/handler.go /home/mihalic2040/work/Database/src/store/merkle.go /home/mihalic2040/work/Database/src/store/pool.go /home/mihalic2040/work/Database/src/store/pubsub.go /home/mihalic2040/work/Database/src/store/server.go /home/mihalic2040/work/Database/src/store/sync.go]

[Info  - 6:12:29 PM] 2023/12/20 18:12:29 go/packages.Load #6
	snapshot=7
	directory=file:///home/mihalic2040/work/Database
	query=[file=/home/mihalic2040/work/Database/src/store/Dht.go]
	packages=1

[Info  - 6:12:29 PM] 2023/12/20 18:12:29 go/packages.Load #6: updating metadata for 1 packages

[Info  - 6:12:29 PM] 2023/12/20 18:12:29 go/packages.Load #5
	snapshot=7
	directory=file:///home/mihalic2040/work/Database
	query=[file=/home/mihalic2040/work/Database/src/store/Dht.go]
	packages=1

[Info  - 6:12:29 PM] 2023/12/20 18:12:29 go/packages.Load #5
	snapshot=7
	directory=file:///home/mihalic2040/work/Database
	package="github.com/Rosa-Devs/Database/src/store"
	files=[/home/mihalic2040/work/Database/src/store/Dht.go /home/mihalic2040/work/Database/src/store/db.go /home/mihalic2040/work/Database/src/store/eventbus.go /home/mihalic2040/work/Database/src/store/handler.go /home/mihalic2040/work/Database/src/store/merkle.go /home/mihalic2040/work/Database/src/store/pool.go /home/mihalic2040/work/Database/src/store/pubsub.go /home/mihalic2040/work/Database/src/store/server.go /home/mihalic2040/work/Database/src/store/sync.go]

[Info  - 6:12:29 PM] 2023/12/20 18:12:29 go/packages.Load #5: updating metadata for 0 packages

[Info  - 6:12:30 PM] 2023/12/20 18:12:30 go/packages.Load #7
	snapshot=13
	directory=file:///home/mihalic2040/work/Database
	query=[github.com/Rosa-Devs/Database/cmd/cli github.com/Rosa-Devs/Database/cmd/db github.com/Rosa-Devs/Database/cmd/manager]
	packages=3

[Info  - 6:12:30 PM] 2023/12/20 18:12:30 go/packages.Load #7
	snapshot=13
	directory=file:///home/mihalic2040/work/Database
	package="github.com/Rosa-Devs/Database/cmd/cli"
	files=[/home/mihalic2040/work/Database/cmd/cli/main.go]

[Info  - 6:12:30 PM] 2023/12/20 18:12:30 go/packages.Load #7
	snapshot=13
	directory=file:///home/mihalic2040/work/Database
	package="github.com/Rosa-Devs/Database/cmd/db"
	files=[/home/mihalic2040/work/Database/cmd/db/db.go]

[Info  - 6:12:30 PM] 2023/12/20 18:12:30 go/packages.Load #7
	snapshot=13
	directory=file:///home/mihalic2040/work/Database
	package="github.com/Rosa-Devs/Database/cmd/manager"
	files=[/home/mihalic2040/work/Database/cmd/manager/main.go]

[Info  - 6:12:30 PM] 2023/12/20 18:12:30 go/packages.Load #7: updating metadata for 3 packages

[Error - 6:12:30 PM] 2023/12/20 18:12:30 tidy: diagnosing file:///home/mihalic2040/work/Database/go.mod: err: exit status 1: stderr: go: downloading github.com/kr/pretty v0.2.1
go: github.com/Rosa-Devs/Database/cmd/cli imports
	github.com/libp2p/go-libp2p imports
	github.com/libp2p/go-libp2p/p2p/security/noise imports
	github.com/flynn/noise tested by
	github.com/flynn/noise.test imports
	gopkg.in/check.v1 imports
	github.com/kr/pretty: module lookup disabled by GOPROXY=off


[Info  - 6:12:59 PM] 2023/12/20 18:12:59 background imports cache refresh starting

[Info  - 6:12:59 PM] 2023/12/20 18:12:59 background refresh finished after 13.73609ms

[Info  - 6:14:48 PM] 2023/12/20 18:14:48 go/packages.Load #8
	snapshot=14
	directory=file:///home/mihalic2040/work/Database
	query=[file=/home/mihalic2040/work/Database/src/store/Dht.go]
	packages=1

[Info  - 6:14:48 PM] 2023/12/20 18:14:48 go/packages.Load #8
	snapshot=14
	directory=file:///home/mihalic2040/work/Database
	package="github.com/Rosa-Devs/Database/src/store"
	files=[/home/mihalic2040/work/Database/src/store/Dht.go /home/mihalic2040/work/Database/src/store/db.go /home/mihalic2040/work/Database/src/store/eventbus.go /home/mihalic2040/work/Database/src/store/handler.go /home/mihalic2040/work/Database/src/store/merkle.go /home/mihalic2040/work/Database/src/store/pool.go /home/mihalic2040/work/Database/src/store/pubsub.go /home/mihalic2040/work/Database/src/store/server.go /home/mihalic2040/work/Database/src/store/sync.go]

[Info  - 6:14:48 PM] 2023/12/20 18:14:48 go/packages.Load #8: updating metadata for 1 packages

[Info  - 6:14:48 PM] 2023/12/20 18:14:48 go/packages.Load #9
	snapshot=14
	directory=file:///home/mihalic2040/work/Database
	query=[file=/home/mihalic2040/work/Database/src/store/Dht.go]
	packages=1

[Info  - 6:14:48 PM] 2023/12/20 18:14:48 go/packages.Load #9
	snapshot=14
	directory=file:///home/mihalic2040/work/Database
	package="github.com/Rosa-Devs/Database/src/store"
	files=[/home/mihalic2040/work/Database/src/store/Dht.go /home/mihalic2040/work/Database/src/store/db.go /home/mihalic2040/work/Database/src/store/eventbus.go /home/mihalic2040/work/Database/src/store/handler.go /home/mihalic2040/work/Database/src/store/merkle.go /home/mihalic2040/work/Database/src/store/pool.go /home/mihalic2040/work/Database/src/store/pubsub.go /home/mihalic2040/work/Database/src/store/server.go /home/mihalic2040/work/Database/src/store/sync.go]

[Info  - 6:14:48 PM] 2023/12/20 18:14:48 go/packages.Load #9: updating metadata for 0 packages

[Info  - 6:14:50 PM] 2023/12/20 18:14:50 go/packages.Load #10
	snapshot=18
	directory=file:///home/mihalic2040/work/Database
	query=[github.com/Rosa-Devs/Database/cmd/cli github.com/Rosa-Devs/Database/cmd/db github.com/Rosa-Devs/Database/cmd/manager]
	packages=3

[Info  - 6:14:50 PM] 2023/12/20 18:14:50 go/packages.Load #10
	snapshot=18
	directory=file:///home/mihalic2040/work/Database
	package="github.com/Rosa-Devs/Database/cmd/cli"
	files=[/home/mihalic2040/work/Database/cmd/cli/main.go]

[Info  - 6:14:50 PM] 2023/12/20 18:14:50 go/packages.Load #10
	snapshot=18
	directory=file:///home/mihalic2040/work/Database
	package="github.com/Rosa-Devs/Database/cmd/db"
	files=[/home/mihalic2040/work/Database/cmd/db/db.go]

[Info  - 6:14:50 PM] 2023/12/20 18:14:50 go/packages.Load #10
	snapshot=18
	directory=file:///home/mihalic2040/work/Database
	package="github.com/Rosa-Devs/Database/cmd/manager"
	files=[/home/mihalic2040/work/Database/cmd/manager/main.go]

[Info  - 6:14:50 PM] 2023/12/20 18:14:50 go/packages.Load #10: updating metadata for 3 packages

[Error - 6:14:50 PM] 2023/12/20 18:14:50 tidy: diagnosing file:///home/mihalic2040/work/Database/go.mod: err: exit status 1: stderr: go: downloading github.com/kr/pretty v0.2.1
go: finding module for package github.com/Mihalic2040/Hub/src/types
go: finding module for package github.com/libp2p/go-libp2p-kad-dht
go: github.com/Rosa-Devs/Database/src/store imports
	github.com/Mihalic2040/Hub/src/types: cannot find module providing package github.com/Mihalic2040/Hub/src/types: module lookup disabled by GOPROXY=off
go: github.com/Rosa-Devs/Database/src/store imports
	github.com/libp2p/go-libp2p-kad-dht: cannot find module providing package github.com/libp2p/go-libp2p-kad-dht: module lookup disabled by GOPROXY=off
go: github.com/Rosa-Devs/Database/cmd/cli imports
	github.com/libp2p/go-libp2p imports
	github.com/libp2p/go-libp2p/p2p/security/noise imports
	github.com/flynn/noise tested by
	github.com/flynn/noise.test imports
	gopkg.in/check.v1 imports
	github.com/kr/pretty: module lookup disabled by GOPROXY=off


[Error - 6:14:50 PM] Request textDocument/hover failed.
  Message: no package data for import "github.com/Mihalic2040/Hub/src/types"
  Code: 0 
[Error - 6:14:51 PM] Request textDocument/hover failed.
  Message: no package data for import "github.com/libp2p/go-libp2p-kad-dht"
  Code: 0 
[Error - 6:14:53 PM] Request textDocument/definition failed.
  Message: failed to resolve import "github.com/libp2p/go-libp2p-kad-dht"
  Code: 0 
[Error - 6:14:53 PM] Request textDocument/hover failed.
  Message: no package data for import "github.com/libp2p/go-libp2p-kad-dht"
  Code: 0 
[Error - 6:14:59 PM] Request textDocument/hover failed.
  Message: no package data for import "github.com/libp2p/go-libp2p-kad-dht"
  Code: 0 
[Error - 6:15:01 PM] Request textDocument/hover failed.
  Message: no package data for import "github.com/libp2p/go-libp2p-kad-dht"
  Code: 0 
[Error - 6:15:17 PM] Request textDocument/hover failed.
  Message: no package data for import "github.com/libp2p/go-libp2p-kad-dht"
  Code: 0 
[Info  - 6:15:18 PM] 2023/12/20 18:15:18 background imports cache refresh starting

[Info  - 6:15:18 PM] 2023/12/20 18:15:18 background refresh finished after 12.833885ms

[Error - 6:15:20 PM] Request textDocument/hover failed.
  Message: no package data for import "github.com/libp2p/go-libp2p-kad-dht"
  Code: 0 
[Error - 6:15:27 PM] Request textDocument/hover failed.
  Message: no package data for import "github.com/Mihalic2040/Hub/src/types"
  Code: 0 
[Error - 6:15:33 PM] Request textDocument/hover failed.
  Message: no package data for import "github.com/Mihalic2040/Hub/src/types"
  Code: 0 
[Info  - 6:15:34 PM] 2023/12/20 18:15:34 go/packages.Load #11
	snapshot=19
	directory=file:///home/mihalic2040/work/Database
	query=[file=/home/mihalic2040/work/Database/src/store/Dht.go]
	packages=1

[Info  - 6:15:34 PM] 2023/12/20 18:15:34 go/packages.Load #11
	snapshot=19
	directory=file:///home/mihalic2040/work/Database
	package="github.com/Rosa-Devs/Database/src/store"
	files=[/home/mihalic2040/work/Database/src/store/Dht.go /home/mihalic2040/work/Database/src/store/db.go /home/mihalic2040/work/Database/src/store/eventbus.go /home/mihalic2040/work/Database/src/store/handler.go /home/mihalic2040/work/Database/src/store/merkle.go /home/mihalic2040/work/Database/src/store/pool.go /home/mihalic2040/work/Database/src/store/pubsub.go /home/mihalic2040/work/Database/src/store/server.go /home/mihalic2040/work/Database/src/store/sync.go]

[Info  - 6:15:34 PM] 2023/12/20 18:15:34 go/packages.Load #11: updating metadata for 1 packages

[Info  - 6:15:36 PM] 2023/12/20 18:15:36 go/packages.Load #12
	snapshot=21
	directory=file:///home/mihalic2040/work/Database
	query=[github.com/Rosa-Devs/Database/cmd/cli github.com/Rosa-Devs/Database/cmd/db github.com/Rosa-Devs/Database/cmd/manager]
	packages=3

[Info  - 6:15:36 PM] 2023/12/20 18:15:36 go/packages.Load #12
	snapshot=21
	directory=file:///home/mihalic2040/work/Database
	package="github.com/Rosa-Devs/Database/cmd/cli"
	files=[/home/mihalic2040/work/Database/cmd/cli/main.go]

[Info  - 6:15:36 PM] 2023/12/20 18:15:36 go/packages.Load #12
	snapshot=21
	directory=file:///home/mihalic2040/work/Database
	package="github.com/Rosa-Devs/Database/cmd/db"
	files=[/home/mihalic2040/work/Database/cmd/db/db.go]

[Info  - 6:15:36 PM] 2023/12/20 18:15:36 go/packages.Load #12
	snapshot=21
	directory=file:///home/mihalic2040/work/Database
	package="github.com/Rosa-Devs/Database/cmd/manager"
	files=[/home/mihalic2040/work/Database/cmd/manager/main.go]

[Info  - 6:15:36 PM] 2023/12/20 18:15:36 go/packages.Load #12: updating metadata for 3 packages

[Error - 6:15:36 PM] 2023/12/20 18:15:36 tidy: diagnosing file:///home/mihalic2040/work/Database/go.mod: err: exit status 1: stderr: go: downloading github.com/kr/pretty v0.2.1
go: finding module for package github.com/Mihalic2040/Hub/src/types
go: finding module for package github.com/libp2p/go-libp2p-kad-dht
go: github.com/Rosa-Devs/Database/src/store imports
	github.com/Mihalic2040/Hub/src/types: cannot find module providing package github.com/Mihalic2040/Hub/src/types: module lookup disabled by GOPROXY=off
go: github.com/Rosa-Devs/Database/src/store imports
	github.com/libp2p/go-libp2p-kad-dht: cannot find module providing package github.com/libp2p/go-libp2p-kad-dht: module lookup disabled by GOPROXY=off
go: github.com/Rosa-Devs/Database/cmd/cli imports
	github.com/libp2p/go-libp2p imports
	github.com/libp2p/go-libp2p/p2p/security/noise imports
	github.com/flynn/noise tested by
	github.com/flynn/noise.test imports
	gopkg.in/check.v1 imports
	github.com/kr/pretty: module lookup disabled by GOPROXY=off


[Error - 6:15:38 PM] Request textDocument/hover failed.
  Message: no package data for import "github.com/libp2p/go-libp2p-kad-dht"
  Code: 0 
[Error - 6:15:38 PM] Request textDocument/hover failed.
  Message: no package data for import "github.com/libp2p/go-libp2p-kad-dht"
  Code: 0 
[Error - 6:15:48 PM] Request textDocument/hover failed.
  Message: no package data for import "github.com/libp2p/go-libp2p-kad-dht"
  Code: 0 
[Error - 6:15:49 PM] Request textDocument/definition failed.
  Message: failed to resolve import "github.com/libp2p/go-libp2p-kad-dht"
  Code: 0 
[Error - 6:15:49 PM] Request textDocument/definition failed.
  Message: failed to resolve import "github.com/libp2p/go-libp2p-kad-dht"
  Code: 0 
[Info  - 6:15:51 PM] 2023/12/20 18:15:51 background imports cache refresh starting

[Info  - 6:15:51 PM] 2023/12/20 18:15:51 background refresh finished after 24.244214ms

[Info  - 6:16:21 PM] 2023/12/20 18:16:21 go/packages.Load #14
	snapshot=23
	directory=file:///home/mihalic2040/work/Database
	query=[file=/home/mihalic2040/work/Database/src/store/Dht.go]
	packages=1

[Info  - 6:16:21 PM] 2023/12/20 18:16:21 go/packages.Load #14
	snapshot=23
	directory=file:///home/mihalic2040/work/Database
	package="github.com/Rosa-Devs/Database/src/store"
	files=[/home/mihalic2040/work/Database/src/store/Dht.go /home/mihalic2040/work/Database/src/store/db.go /home/mihalic2040/work/Database/src/store/eventbus.go /home/mihalic2040/work/Database/src/store/handler.go /home/mihalic2040/work/Database/src/store/merkle.go /home/mihalic2040/work/Database/src/store/pool.go /home/mihalic2040/work/Database/src/store/pubsub.go /home/mihalic2040/work/Database/src/store/server.go /home/mihalic2040/work/Database/src/store/sync.go]

[Info  - 6:16:21 PM] 2023/12/20 18:16:21 go/packages.Load #14: updating metadata for 11 packages

[Info  - 6:16:22 PM] 2023/12/20 18:16:22 go/packages.Load #15
	snapshot=24
	directory=file:///home/mihalic2040/work/Database
	query=[github.com/Rosa-Devs/Database/cmd/cli github.com/Rosa-Devs/Database/cmd/db github.com/Rosa-Devs/Database/cmd/manager]
	packages=3

[Info  - 6:16:22 PM] 2023/12/20 18:16:22 go/packages.Load #15
	snapshot=24
	directory=file:///home/mihalic2040/work/Database
	package="github.com/Rosa-Devs/Database/cmd/cli"
	files=[/home/mihalic2040/work/Database/cmd/cli/main.go]

[Info  - 6:16:22 PM] 2023/12/20 18:16:22 go/packages.Load #15
	snapshot=24
	directory=file:///home/mihalic2040/work/Database
	package="github.com/Rosa-Devs/Database/cmd/db"
	files=[/home/mihalic2040/work/Database/cmd/db/db.go]

[Info  - 6:16:22 PM] 2023/12/20 18:16:22 go/packages.Load #15
	snapshot=24
	directory=file:///home/mihalic2040/work/Database
	package="github.com/Rosa-Devs/Database/cmd/manager"
	files=[/home/mihalic2040/work/Database/cmd/manager/main.go]

[Info  - 6:16:22 PM] 2023/12/20 18:16:22 go/packages.Load #15: updating metadata for 3 packages

[Error - 6:16:22 PM] 2023/12/20 18:16:22 tidy: diagnosing file:///home/mihalic2040/work/Database/go.mod: err: exit status 1: stderr: go: downloading github.com/kr/pretty v0.2.1
go: finding module for package github.com/libp2p/go-libp2p-kad-dht
go: github.com/Rosa-Devs/Database/src/store imports
	github.com/libp2p/go-libp2p-kad-dht: cannot find module providing package github.com/libp2p/go-libp2p-kad-dht: module lookup disabled by GOPROXY=off
go: github.com/Rosa-Devs/Database/cmd/cli imports
	github.com/libp2p/go-libp2p imports
	github.com/libp2p/go-libp2p/p2p/security/noise imports
	github.com/flynn/noise tested by
	github.com/flynn/noise.test imports
	gopkg.in/check.v1 imports
	github.com/kr/pretty: module lookup disabled by GOPROXY=off


[Info  - 6:16:24 PM] 2023/12/20 18:16:24 go/packages.Load #16
	snapshot=27
	directory=file:///home/mihalic2040/work/Database
	query=[file=/home/mihalic2040/work/Database/src/store/Dht.go]
	packages=1

[Info  - 6:16:24 PM] 2023/12/20 18:16:24 go/packages.Load #16
	snapshot=27
	directory=file:///home/mihalic2040/work/Database
	package="github.com/Rosa-Devs/Database/src/store"
	files=[/home/mihalic2040/work/Database/src/store/Dht.go /home/mihalic2040/work/Database/src/store/db.go /home/mihalic2040/work/Database/src/store/eventbus.go /home/mihalic2040/work/Database/src/store/handler.go /home/mihalic2040/work/Database/src/store/merkle.go /home/mihalic2040/work/Database/src/store/pool.go /home/mihalic2040/work/Database/src/store/pubsub.go /home/mihalic2040/work/Database/src/store/server.go /home/mihalic2040/work/Database/src/store/sync.go]

[Info  - 6:16:24 PM] 2023/12/20 18:16:24 go/packages.Load #16: updating metadata for 1 packages

[Info  - 6:16:25 PM] 2023/12/20 18:16:25 go/packages.Load #17
	snapshot=27
	directory=file:///home/mihalic2040/work/Database
	query=[github.com/Rosa-Devs/Database/cmd/cli github.com/Rosa-Devs/Database/cmd/db github.com/Rosa-Devs/Database/cmd/manager]
	packages=3

[Info  - 6:16:25 PM] 2023/12/20 18:16:25 go/packages.Load #17
	snapshot=27
	directory=file:///home/mihalic2040/work/Database
	package="github.com/Rosa-Devs/Database/cmd/cli"
	files=[/home/mihalic2040/work/Database/cmd/cli/main.go]

[Info  - 6:16:25 PM] 2023/12/20 18:16:25 go/packages.Load #17
	snapshot=27
	directory=file:///home/mihalic2040/work/Database
	package="github.com/Rosa-Devs/Database/cmd/db"
	files=[/home/mihalic2040/work/Database/cmd/db/db.go]

[Info  - 6:16:25 PM] 2023/12/20 18:16:25 go/packages.Load #17
	snapshot=27
	directory=file:///home/mihalic2040/work/Database
	package="github.com/Rosa-Devs/Database/cmd/manager"
	files=[/home/mihalic2040/work/Database/cmd/manager/main.go]

[Info  - 6:16:25 PM] 2023/12/20 18:16:25 go/packages.Load #17: updating metadata for 3 packages

[Error - 6:16:25 PM] 2023/12/20 18:16:25 tidy: diagnosing file:///home/mihalic2040/work/Database/go.mod: err: exit status 1: stderr: go: downloading github.com/kr/pretty v0.2.1
go: finding module for package github.com/libp2p/go-libp2p-kad-dht
go: github.com/Rosa-Devs/Database/src/store imports
	github.com/libp2p/go-libp2p-kad-dht: cannot find module providing package github.com/libp2p/go-libp2p-kad-dht: module lookup disabled by GOPROXY=off
go: github.com/Rosa-Devs/Database/cmd/cli imports
	github.com/libp2p/go-libp2p imports
	github.com/libp2p/go-libp2p/p2p/security/noise imports
	github.com/flynn/noise tested by
	github.com/flynn/noise.test imports
	gopkg.in/check.v1 imports
	github.com/kr/pretty: module lookup disabled by GOPROXY=off


[Info  - 6:16:50 PM] 2023/12/20 18:16:50 background imports cache refresh starting

[Info  - 6:16:50 PM] 2023/12/20 18:16:50 background refresh finished after 18.959885ms

[Info  - 6:17:33 PM] 2023/12/20 18:17:33 background imports cache refresh starting

[Info  - 6:17:33 PM] 2023/12/20 18:17:33 background refresh finished after 6.707494ms

[Error - 6:17:50 PM] 2023/12/20 18:17:50 no completions found: this is a definition of func N(func(_ invalid type, Context *invalid type, dht *invalid type), invalid type)
	position=14:6

[Error - 6:17:50 PM] 2023/12/20 18:17:50 imports fixes: AllImportsFixes: /home/mihalic2040/work/Database/src/store/Dht.go:15:9: expected '(', found newline (and 9 more errors)
	file="/home/mihalic2040/work/Database/src/store/Dht.go"

[Error - 6:17:51 PM] 2023/12/20 18:17:51 imports fixes: AllImportsFixes: /home/mihalic2040/work/Database/src/store/Dht.go:15:10: expected '(', found newline (and 9 more errors)
	file="/home/mihalic2040/work/Database/src/store/Dht.go"

[Error - 6:17:51 PM] 2023/12/20 18:17:51 no completions found: this is a definition of func NewDh(func(_ invalid type, Context *invalid type, dht *invalid type), invalid type)
	position=14:10

[Error - 6:17:51 PM] 2023/12/20 18:17:51 no completions found: this is a definition of func NewDht(func(_ invalid type, Context *invalid type, dht *invalid type), invalid type)
	position=14:11

[Error - 6:17:51 PM] 2023/12/20 18:17:51 imports fixes: AllImportsFixes: /home/mihalic2040/work/Database/src/store/Dht.go:15:12: expected '(', found newline (and 9 more errors)
	file="/home/mihalic2040/work/Database/src/store/Dht.go"

[Error - 6:17:51 PM] 2023/12/20 18:17:51 no completions found: this is a definition of func NewDht9(func(_ invalid type, Context *invalid type, dht *invalid type), invalid type)
	position=14:12

[Error - 6:17:52 PM] 2023/12/20 18:17:52 imports fixes: AllImportsFixes: /home/mihalic2040/work/Database/src/store/Dht.go:15:13: expected '(', found newline (and 9 more errors)
	file="/home/mihalic2040/work/Database/src/store/Dht.go"

[Error - 6:17:52 PM] 2023/12/20 18:17:52 no signature help: cannot find an enclosing function
	position=14:12

[Error - 6:17:53 PM] 2023/12/20 18:17:53 tidy: diagnosing file:///home/mihalic2040/work/Database/go.mod: err: exit status 1: stderr: go: downloading github.com/kr/pretty v0.2.1
go: finding module for package github.com/libp2p/go-libp2p-kad-dht
go: github.com/Rosa-Devs/Database/src/store imports
	github.com/libp2p/go-libp2p-kad-dht: cannot find module providing package github.com/libp2p/go-libp2p-kad-dht: module lookup disabled by GOPROXY=off
go: github.com/Rosa-Devs/Database/cmd/cli imports
	github.com/libp2p/go-libp2p imports
	github.com/libp2p/go-libp2p/p2p/security/noise imports
	github.com/flynn/noise tested by
	github.com/flynn/noise.test imports
	gopkg.in/check.v1 imports
	github.com/kr/pretty: module lookup disabled by GOPROXY=off


[Info  - 6:17:55 PM] 2023/12/20 18:17:55 go/packages.Load #19
	snapshot=51
	directory=file:///home/mihalic2040/work/Database
	query=[file=/home/mihalic2040/work/Database/src/store/Dht.go]
	packages=1

[Info  - 6:17:55 PM] 2023/12/20 18:17:55 go/packages.Load #19
	snapshot=51
	directory=file:///home/mihalic2040/work/Database
	package="github.com/Rosa-Devs/Database/src/store"
	files=[/home/mihalic2040/work/Database/src/store/Dht.go /home/mihalic2040/work/Database/src/store/db.go /home/mihalic2040/work/Database/src/store/eventbus.go /home/mihalic2040/work/Database/src/store/handler.go /home/mihalic2040/work/Database/src/store/merkle.go /home/mihalic2040/work/Database/src/store/pool.go /home/mihalic2040/work/Database/src/store/pubsub.go /home/mihalic2040/work/Database/src/store/server.go /home/mihalic2040/work/Database/src/store/sync.go]

[Info  - 6:17:55 PM] 2023/12/20 18:17:55 go/packages.Load #19: updating metadata for 1 packages

[Info  - 6:17:57 PM] 2023/12/20 18:17:57 go/packages.Load #20
	snapshot=52
	directory=file:///home/mihalic2040/work/Database
	query=[github.com/Rosa-Devs/Database/cmd/cli github.com/Rosa-Devs/Database/cmd/db github.com/Rosa-Devs/Database/cmd/manager]
	packages=3

[Info  - 6:17:57 PM] 2023/12/20 18:17:57 go/packages.Load #20
	snapshot=52
	directory=file:///home/mihalic2040/work/Database
	package="github.com/Rosa-Devs/Database/cmd/cli"
	files=[/home/mihalic2040/work/Database/cmd/cli/main.go]

[Info  - 6:17:57 PM] 2023/12/20 18:17:57 go/packages.Load #20
	snapshot=52
	directory=file:///home/mihalic2040/work/Database
	package="github.com/Rosa-Devs/Database/cmd/db"
	files=[/home/mihalic2040/work/Database/cmd/db/db.go]

[Info  - 6:17:57 PM] 2023/12/20 18:17:57 go/packages.Load #20
	snapshot=52
	directory=file:///home/mihalic2040/work/Database
	package="github.com/Rosa-Devs/Database/cmd/manager"
	files=[/home/mihalic2040/work/Database/cmd/manager/main.go]

[Info  - 6:17:57 PM] 2023/12/20 18:17:57 go/packages.Load #20: updating metadata for 3 packages

[Error - 6:17:57 PM] 2023/12/20 18:17:57 tidy: diagnosing file:///home/mihalic2040/work/Database/go.mod: err: exit status 1: stderr: go: downloading github.com/kr/pretty v0.2.1
go: finding module for package github.com/libp2p/go-libp2p-kad-dht
go: github.com/Rosa-Devs/Database/src/store imports
	github.com/libp2p/go-libp2p-kad-dht: cannot find module providing package github.com/libp2p/go-libp2p-kad-dht: module lookup disabled by GOPROXY=off
go: github.com/Rosa-Devs/Database/cmd/cli imports
	github.com/libp2p/go-libp2p imports
	github.com/libp2p/go-libp2p/p2p/security/noise imports
	github.com/flynn/noise tested by
	github.com/flynn/noise.test imports
	gopkg.in/check.v1 imports
	github.com/kr/pretty: module lookup disabled by GOPROXY=off


[Error - 6:17:59 PM] 2023/12/20 18:17:59 no signature help: cannot find an enclosing function
	position=15:29

[Error - 6:18:02 PM] 2023/12/20 18:18:02 tidy: diagnosing file:///home/mihalic2040/work/Database/go.mod: err: exit status 1: stderr: go: downloading github.com/kr/pretty v0.2.1
go: finding module for package github.com/libp2p/go-libp2p-kad-dht
go: github.com/Rosa-Devs/Database/src/store imports
	github.com/libp2p/go-libp2p-kad-dht: cannot find module providing package github.com/libp2p/go-libp2p-kad-dht: module lookup disabled by GOPROXY=off
go: github.com/Rosa-Devs/Database/cmd/cli imports
	github.com/libp2p/go-libp2p imports
	github.com/libp2p/go-libp2p/p2p/security/noise imports
	github.com/flynn/noise tested by
	github.com/flynn/noise.test imports
	gopkg.in/check.v1 imports
	github.com/kr/pretty: module lookup disabled by GOPROXY=off


[Error - 6:18:03 PM] 2023/12/20 18:18:03 no completions found: this is a definition of var h github.com/libp2p/go-libp2p/core/host.Host
	position=15:30

[Error - 6:18:03 PM] 2023/12/20 18:18:03 imports fixes: AllImportsFixes: /home/mihalic2040/work/Database/src/store/Dht.go:16:13: mixed named and unnamed parameters
	file="/home/mihalic2040/work/Database/src/store/Dht.go"

[Error - 6:18:04 PM] 2023/12/20 18:18:04 imports fixes: AllImportsFixes: /home/mihalic2040/work/Database/src/store/Dht.go:16:13: mixed named and unnamed parameters
	file="/home/mihalic2040/work/Database/src/store/Dht.go"

[Error - 6:18:04 PM] Request textDocument/formatting failed.
  Message: 16:13: mixed named and unnamed parameters
  Code: 0 
[Error - 6:18:04 PM] 2023/12/20 18:18:04 imports fixes: AllImportsFixes: /home/mihalic2040/work/Database/src/store/Dht.go:16:13: mixed named and unnamed parameters
	file="/home/mihalic2040/work/Database/src/store/Dht.go"

[Error - 6:18:05 PM] 2023/12/20 18:18:05 imports fixes: AllImportsFixes: /home/mihalic2040/work/Database/src/store/Dht.go:16:14: mixed named and unnamed parameters
	file="/home/mihalic2040/work/Database/src/store/Dht.go"

[Error - 6:18:05 PM] 2023/12/20 18:18:05 imports fixes: AllImportsFixes: /home/mihalic2040/work/Database/src/store/Dht.go:16:14: mixed named and unnamed parameters
	file="/home/mihalic2040/work/Database/src/store/Dht.go"

[Error - 6:18:05 PM] 2023/12/20 18:18:05 no completions found: this is a definition of var c context.Context
	position=15:13

[Error - 6:18:07 PM] 2023/12/20 18:18:07 tidy: diagnosing file:///home/mihalic2040/work/Database/go.mod: err: exit status 1: stderr: go: downloading github.com/kr/pretty v0.2.1
go: finding module for package github.com/libp2p/go-libp2p-kad-dht
go: github.com/Rosa-Devs/Database/src/store imports
	github.com/libp2p/go-libp2p-kad-dht: cannot find module providing package github.com/libp2p/go-libp2p-kad-dht: module lookup disabled by GOPROXY=off
go: github.com/Rosa-Devs/Database/cmd/cli imports
	github.com/libp2p/go-libp2p imports
	github.com/libp2p/go-libp2p/p2p/security/noise imports
	github.com/flynn/noise tested by
	github.com/flynn/noise.test imports
	gopkg.in/check.v1 imports
	github.com/kr/pretty: module lookup disabled by GOPROXY=off


[Error - 6:18:09 PM] 2023/12/20 18:18:09 tidy: diagnosing file:///home/mihalic2040/work/Database/go.mod: err: exit status 1: stderr: go: downloading github.com/kr/pretty v0.2.1
go: finding module for package github.com/libp2p/go-libp2p-kad-dht
go: github.com/Rosa-Devs/Database/src/store imports
	github.com/libp2p/go-libp2p-kad-dht: cannot find module providing package github.com/libp2p/go-libp2p-kad-dht: module lookup disabled by GOPROXY=off
go: github.com/Rosa-Devs/Database/cmd/cli imports
	github.com/libp2p/go-libp2p imports
	github.com/libp2p/go-libp2p/p2p/security/noise imports
	github.com/flynn/noise tested by
	github.com/flynn/noise.test imports
	gopkg.in/check.v1 imports
	github.com/kr/pretty: module lookup disabled by GOPROXY=off


[Info  - 6:18:16 PM] 2023/12/20 18:18:16 background imports cache refresh starting

[Info  - 6:18:16 PM] 2023/12/20 18:18:16 background refresh finished after 7.984841ms

[Error - 6:18:20 PM] 2023/12/20 18:18:20 no completions found: this is a definition of var h github.com/libp2p/go-libp2p/core/host.Host
	position=15:34

[Error - 6:18:22 PM] 2023/12/20 18:18:22 tidy: diagnosing file:///home/mihalic2040/work/Database/go.mod: err: exit status 1: stderr: go: downloading github.com/kr/pretty v0.2.1
go: finding module for package github.com/libp2p/go-libp2p-kad-dht
go: github.com/Rosa-Devs/Database/src/store imports
	github.com/libp2p/go-libp2p-kad-dht: cannot find module providing package github.com/libp2p/go-libp2p-kad-dht: module lookup disabled by GOPROXY=off
go: github.com/Rosa-Devs/Database/cmd/cli imports
	github.com/libp2p/go-libp2p imports
	github.com/libp2p/go-libp2p/p2p/security/noise imports
	github.com/flynn/noise tested by
	github.com/flynn/noise.test imports
	gopkg.in/check.v1 imports
	github.com/kr/pretty: module lookup disabled by GOPROXY=off


[Error - 6:18:24 PM] 2023/12/20 18:18:24 tidy: diagnosing file:///home/mihalic2040/work/Database/go.mod: err: exit status 1: stderr: go: downloading github.com/kr/pretty v0.2.1
go: finding module for package github.com/libp2p/go-libp2p-kad-dht
go: github.com/Rosa-Devs/Database/src/store imports
	github.com/libp2p/go-libp2p-kad-dht: cannot find module providing package github.com/libp2p/go-libp2p-kad-dht: module lookup disabled by GOPROXY=off
go: github.com/Rosa-Devs/Database/cmd/cli imports
	github.com/libp2p/go-libp2p imports
	github.com/libp2p/go-libp2p/p2p/security/noise imports
	github.com/flynn/noise tested by
	github.com/flynn/noise.test imports
	gopkg.in/check.v1 imports
	github.com/kr/pretty: module lookup disabled by GOPROXY=off


[Error - 6:18:27 PM] 2023/12/20 18:18:27 tidy: diagnosing file:///home/mihalic2040/work/Database/go.mod: err: exit status 1: stderr: go: downloading github.com/kr/pretty v0.2.1
go: finding module for package github.com/libp2p/go-libp2p-kad-dht
go: github.com/Rosa-Devs/Database/src/store imports
	github.com/libp2p/go-libp2p-kad-dht: cannot find module providing package github.com/libp2p/go-libp2p-kad-dht: module lookup disabled by GOPROXY=off
go: github.com/Rosa-Devs/Database/cmd/cli imports
	github.com/libp2p/go-libp2p imports
	github.com/libp2p/go-libp2p/p2p/security/noise imports
	github.com/flynn/noise tested by
	github.com/flynn/noise.test imports
	gopkg.in/check.v1 imports
	github.com/kr/pretty: module lookup disabled by GOPROXY=off


[Error - 6:18:28 PM] 2023/12/20 18:18:28 tidy: diagnosing file:///home/mihalic2040/work/Database/go.mod: err: exit status 1: stderr: go: downloading github.com/kr/pretty v0.2.1
go: finding module for package github.com/libp2p/go-libp2p-kad-dht
go: github.com/Rosa-Devs/Database/src/store imports
	github.com/libp2p/go-libp2p-kad-dht: cannot find module providing package github.com/libp2p/go-libp2p-kad-dht: module lookup disabled by GOPROXY=off
go: github.com/Rosa-Devs/Database/cmd/cli imports
	github.com/libp2p/go-libp2p imports
	github.com/libp2p/go-libp2p/p2p/security/noise imports
	github.com/flynn/noise tested by
	github.com/flynn/noise.test imports
	gopkg.in/check.v1 imports
	github.com/kr/pretty: module lookup disabled by GOPROXY=off


[Error - 6:18:31 PM] 2023/12/20 18:18:31 no completions found: this is a definition of func I(ctx context.Context, host github.com/libp2p/go-libp2p/core/host.Host)
	position=15:6

[Error - 6:18:32 PM] 2023/12/20 18:18:32 no completions found: this is a definition of func InitDb(ctx context.Context, host github.com/libp2p/go-libp2p/core/host.Host)
	position=15:11

[Error - 6:18:34 PM] 2023/12/20 18:18:34 tidy: diagnosing file:///home/mihalic2040/work/Database/go.mod: err: exit status 1: stderr: go: downloading github.com/kr/pretty v0.2.1
go: finding module for package github.com/libp2p/go-libp2p-kad-dht
go: github.com/Rosa-Devs/Database/src/store imports
	github.com/libp2p/go-libp2p-kad-dht: cannot find module providing package github.com/libp2p/go-libp2p-kad-dht: module lookup disabled by GOPROXY=off
go: github.com/Rosa-Devs/Database/cmd/cli imports
	github.com/libp2p/go-libp2p imports
	github.com/libp2p/go-libp2p/p2p/security/noise imports
	github.com/flynn/noise tested by
	github.com/flynn/noise.test imports
	gopkg.in/check.v1 imports
	github.com/kr/pretty: module lookup disabled by GOPROXY=off


[Error - 6:18:38 PM] 2023/12/20 18:18:38 tidy: diagnosing file:///home/mihalic2040/work/Database/go.mod: err: exit status 1: stderr: go: downloading github.com/kr/pretty v0.2.1
go: finding module for package github.com/libp2p/go-libp2p-kad-dht
go: github.com/Rosa-Devs/Database/src/store imports
	github.com/libp2p/go-libp2p-kad-dht: cannot find module providing package github.com/libp2p/go-libp2p-kad-dht: module lookup disabled by GOPROXY=off
go: github.com/Rosa-Devs/Database/cmd/cli imports
	github.com/libp2p/go-libp2p imports
	github.com/libp2p/go-libp2p/p2p/security/noise imports
	github.com/flynn/noise tested by
	github.com/flynn/noise.test imports
	gopkg.in/check.v1 imports
	github.com/kr/pretty: module lookup disabled by GOPROXY=off


[Info  - 6:18:47 PM] 2023/12/20 18:18:47 background imports cache refresh starting

[Info  - 6:18:47 PM] 2023/12/20 18:18:47 background refresh finished after 7.975025ms

[Error - 6:19:10 PM] 2023/12/20 18:19:10 imports fixes: AllImportsFixes: /home/mihalic2040/work/Database/src/store/Dht.go:55:32: expected ')', found ""
	file="/home/mihalic2040/work/Database/src/store/Dht.go"

[Error - 6:19:10 PM] 2023/12/20 18:19:10 tidy: diagnosing file:///home/mihalic2040/work/Database/go.mod: err: exit status 1: stderr: go: downloading github.com/kr/pretty v0.2.1
go: finding module for package github.com/libp2p/go-libp2p-kad-dht
go: github.com/Rosa-Devs/Database/src/store imports
	github.com/libp2p/go-libp2p-kad-dht: cannot find module providing package github.com/libp2p/go-libp2p-kad-dht: module lookup disabled by GOPROXY=off
go: github.com/Rosa-Devs/Database/cmd/cli imports
	github.com/libp2p/go-libp2p imports
	github.com/libp2p/go-libp2p/p2p/security/noise imports
	github.com/flynn/noise tested by
	github.com/flynn/noise.test imports
	gopkg.in/check.v1 imports
	github.com/kr/pretty: module lookup disabled by GOPROXY=off


[Error - 6:19:11 PM] 2023/12/20 18:19:11 imports fixes: AllImportsFixes: /home/mihalic2040/work/Database/src/store/Dht.go:55:32: expected ')', found ','
	file="/home/mihalic2040/work/Database/src/store/Dht.go"

[Error - 6:19:11 PM] 2023/12/20 18:19:11 no completions found: this is a definition of var p github.com/libp2p/go-libp2p/core/host.Host
	position=54:32

[Error - 6:19:13 PM] 2023/12/20 18:19:13 imports fixes: AllImportsFixes: /home/mihalic2040/work/Database/src/store/Dht.go:55:32: expected ')', found ','
	file="/home/mihalic2040/work/Database/src/store/Dht.go"

[Error - 6:19:14 PM] 2023/12/20 18:19:14 tidy: diagnosing file:///home/mihalic2040/work/Database/go.mod: err: exit status 1: stderr: go: downloading github.com/kr/pretty v0.2.1
go: finding module for package github.com/libp2p/go-libp2p-kad-dht
go: github.com/Rosa-Devs/Database/src/store imports
	github.com/libp2p/go-libp2p-kad-dht: cannot find module providing package github.com/libp2p/go-libp2p-kad-dht: module lookup disabled by GOPROXY=off
go: github.com/Rosa-Devs/Database/cmd/cli imports
	github.com/libp2p/go-libp2p imports
	github.com/libp2p/go-libp2p/p2p/security/noise imports
	github.com/flynn/noise tested by
	github.com/flynn/noise.test imports
	gopkg.in/check.v1 imports
	github.com/kr/pretty: module lookup disabled by GOPROXY=off


[Error - 6:19:14 PM] 2023/12/20 18:19:14 no completions found: this is a definition of var r github.com/libp2p/go-libp2p/core/host.Host
	position=54:32

[Error - 6:19:14 PM] 2023/12/20 18:19:14 no completions found: this is a definition of var ran github.com/libp2p/go-libp2p/core/host.Host
	position=54:34

[Error - 6:19:15 PM] 2023/12/20 18:19:15 no completions found: this is a definition of var rand github.com/libp2p/go-libp2p/core/host.Host
	position=54:35

[Error - 6:19:15 PM] 2023/12/20 18:19:15 no completions found: this is a definition of var rande github.com/libp2p/go-libp2p/core/host.Host
	position=54:36

[Error - 6:19:15 PM] 2023/12/20 18:19:15 no completions found: this is a definition of var randev github.com/libp2p/go-libp2p/core/host.Host
	position=54:37

[Error - 6:19:16 PM] 2023/12/20 18:19:16 no completions found: this is a definition of var randevi github.com/libp2p/go-libp2p/core/host.Host
	position=54:38

[Error - 6:19:17 PM] 2023/12/20 18:19:17 no completions found: this is a definition of var randevu github.com/libp2p/go-libp2p/core/host.Host
	position=54:38

[Error - 6:19:19 PM] 2023/12/20 18:19:19 tidy: diagnosing file:///home/mihalic2040/work/Database/go.mod: err: exit status 1: stderr: go: downloading github.com/kr/pretty v0.2.1
go: finding module for package github.com/libp2p/go-libp2p-kad-dht
go: github.com/Rosa-Devs/Database/src/store imports
	github.com/libp2p/go-libp2p-kad-dht: cannot find module providing package github.com/libp2p/go-libp2p-kad-dht: module lookup disabled by GOPROXY=off
go: github.com/Rosa-Devs/Database/cmd/cli imports
	github.com/libp2p/go-libp2p imports
	github.com/libp2p/go-libp2p/p2p/security/noise imports
	github.com/flynn/noise tested by
	github.com/flynn/noise.test imports
	gopkg.in/check.v1 imports
	github.com/kr/pretty: module lookup disabled by GOPROXY=off


[Error - 6:19:23 PM] 2023/12/20 18:19:23 tidy: diagnosing file:///home/mihalic2040/work/Database/go.mod: err: exit status 1: stderr: go: downloading github.com/kr/pretty v0.2.1
go: finding module for package github.com/libp2p/go-libp2p-kad-dht
go: github.com/Rosa-Devs/Database/src/store imports
	github.com/libp2p/go-libp2p-kad-dht: cannot find module providing package github.com/libp2p/go-libp2p-kad-dht: module lookup disabled by GOPROXY=off
go: github.com/Rosa-Devs/Database/cmd/cli imports
	github.com/libp2p/go-libp2p imports
	github.com/libp2p/go-libp2p/p2p/security/noise imports
	github.com/flynn/noise tested by
	github.com/flynn/noise.test imports
	gopkg.in/check.v1 imports
	github.com/kr/pretty: module lookup disabled by GOPROXY=off


[Error - 6:19:30 PM] 2023/12/20 18:19:30 tidy: diagnosing file:///home/mihalic2040/work/Database/go.mod: err: exit status 1: stderr: go: downloading github.com/kr/pretty v0.2.1
go: finding module for package github.com/libp2p/go-libp2p-kad-dht
go: github.com/Rosa-Devs/Database/src/store imports
	github.com/libp2p/go-libp2p-kad-dht: cannot find module providing package github.com/libp2p/go-libp2p-kad-dht: module lookup disabled by GOPROXY=off
go: github.com/Rosa-Devs/Database/cmd/cli imports
	github.com/libp2p/go-libp2p imports
	github.com/libp2p/go-libp2p/p2p/security/noise imports
	github.com/flynn/noise tested by
	github.com/flynn/noise.test imports
	gopkg.in/check.v1 imports
	github.com/kr/pretty: module lookup disabled by GOPROXY=off


[Info  - 6:19:31 PM] 2023/12/20 18:19:31 background imports cache refresh starting

[Info  - 6:19:31 PM] 2023/12/20 18:19:31 background refresh finished after 11.945574ms

[Error - 6:19:33 PM] 2023/12/20 18:19:33 tidy: diagnosing file:///home/mihalic2040/work/Database/go.mod: err: exit status 1: stderr: go: downloading github.com/kr/pretty v0.2.1
go: finding module for package github.com/libp2p/go-libp2p-kad-dht
go: github.com/Rosa-Devs/Database/src/store imports
	github.com/libp2p/go-libp2p-kad-dht: cannot find module providing package github.com/libp2p/go-libp2p-kad-dht: module lookup disabled by GOPROXY=off
go: github.com/Rosa-Devs/Database/cmd/cli imports
	github.com/libp2p/go-libp2p imports
	github.com/libp2p/go-libp2p/p2p/security/noise imports
	github.com/flynn/noise tested by
	github.com/flynn/noise.test imports
	gopkg.in/check.v1 imports
	github.com/kr/pretty: module lookup disabled by GOPROXY=off


[Error - 6:19:57 PM] 2023/12/20 18:19:57 tidy: diagnosing file:///home/mihalic2040/work/Database/go.mod: err: exit status 1: stderr: go: downloading github.com/kr/pretty v0.2.1
go: finding module for package github.com/libp2p/go-libp2p-kad-dht
go: github.com/Rosa-Devs/Database/src/store imports
	github.com/libp2p/go-libp2p-kad-dht: cannot find module providing package github.com/libp2p/go-libp2p-kad-dht: module lookup disabled by GOPROXY=off
go: github.com/Rosa-Devs/Database/cmd/cli imports
	github.com/libp2p/go-libp2p imports
	github.com/libp2p/go-libp2p/p2p/security/noise imports
	github.com/flynn/noise tested by
	github.com/flynn/noise.test imports
	gopkg.in/check.v1 imports
	github.com/kr/pretty: module lookup disabled by GOPROXY=off


[Error - 6:19:59 PM] 2023/12/20 18:19:59 imports fixes: AllImportsFixes: /home/mihalic2040/work/Database/src/store/Dht.go:46:1: expected declaration, found '}' (and 1 more errors)
	file="/home/mihalic2040/work/Database/src/store/Dht.go"

[Error - 6:20:00 PM] 2023/12/20 18:20:00 imports fixes: AllImportsFixes: /home/mihalic2040/work/Database/src/store/Dht.go:46:1: expected declaration, found '}' (and 1 more errors)
	file="/home/mihalic2040/work/Database/src/store/Dht.go"

[Info  - 6:20:01 PM] 2023/12/20 18:20:01 background imports cache refresh starting

[Info  - 6:20:01 PM] 2023/12/20 18:20:01 background refresh finished after 7.359171ms

[Error - 6:20:02 PM] 2023/12/20 18:20:02 tidy: diagnosing file:///home/mihalic2040/work/Database/go.mod: err: exit status 1: stderr: go: downloading github.com/kr/pretty v0.2.1
go: finding module for package github.com/libp2p/go-libp2p-kad-dht
go: github.com/Rosa-Devs/Database/src/store imports
	github.com/libp2p/go-libp2p-kad-dht: cannot find module providing package github.com/libp2p/go-libp2p-kad-dht: module lookup disabled by GOPROXY=off
go: github.com/Rosa-Devs/Database/cmd/cli imports
	github.com/libp2p/go-libp2p imports
	github.com/libp2p/go-libp2p/p2p/security/noise imports
	github.com/flynn/noise tested by
	github.com/flynn/noise.test imports
	gopkg.in/check.v1 imports
	github.com/kr/pretty: module lookup disabled by GOPROXY=off


[Error - 6:20:06 PM] 2023/12/20 18:20:06 tidy: diagnosing file:///home/mihalic2040/work/Database/go.mod: err: exit status 1: stderr: go: downloading github.com/kr/pretty v0.2.1
go: finding module for package github.com/libp2p/go-libp2p-kad-dht
go: github.com/Rosa-Devs/Database/src/store imports
	github.com/libp2p/go-libp2p-kad-dht: cannot find module providing package github.com/libp2p/go-libp2p-kad-dht: module lookup disabled by GOPROXY=off
go: github.com/Rosa-Devs/Database/cmd/cli imports
	github.com/libp2p/go-libp2p imports
	github.com/libp2p/go-libp2p/p2p/security/noise imports
	github.com/flynn/noise tested by
	github.com/flynn/noise.test imports
	gopkg.in/check.v1 imports
	github.com/kr/pretty: module lookup disabled by GOPROXY=off


[Error - 6:20:07 PM] Request textDocument/hover failed.
  Message: no package data for import "github.com/libp2p/go-libp2p-kad-dht"
  Code: 0 
[Error - 6:20:07 PM] 2023/12/20 18:20:07 tidy: diagnosing file:///home/mihalic2040/work/Database/go.mod: err: exit status 1: stderr: go: downloading github.com/kr/pretty v0.2.1
go: finding module for package github.com/libp2p/go-libp2p-kad-dht
go: github.com/Rosa-Devs/Database/src/store imports
	github.com/libp2p/go-libp2p-kad-dht: cannot find module providing package github.com/libp2p/go-libp2p-kad-dht: module lookup disabled by GOPROXY=off
go: github.com/Rosa-Devs/Database/cmd/cli imports
	github.com/libp2p/go-libp2p imports
	github.com/libp2p/go-libp2p/p2p/security/noise imports
	github.com/flynn/noise tested by
	github.com/flynn/noise.test imports
	gopkg.in/check.v1 imports
	github.com/kr/pretty: module lookup disabled by GOPROXY=off


[Error - 6:20:09 PM] 2023/12/20 18:20:09 tidy: diagnosing file:///home/mihalic2040/work/Database/go.mod: err: exit status 1: stderr: go: downloading github.com/kr/pretty v0.2.1
go: finding module for package github.com/libp2p/go-libp2p-kad-dht
go: github.com/Rosa-Devs/Database/src/store imports
	github.com/libp2p/go-libp2p-kad-dht: cannot find module providing package github.com/libp2p/go-libp2p-kad-dht: module lookup disabled by GOPROXY=off
go: github.com/Rosa-Devs/Database/cmd/cli imports
	github.com/libp2p/go-libp2p imports
	github.com/libp2p/go-libp2p/p2p/security/noise imports
	github.com/flynn/noise tested by
	github.com/flynn/noise.test imports
	gopkg.in/check.v1 imports
	github.com/kr/pretty: module lookup disabled by GOPROXY=off


[Info  - 6:20:10 PM] 2023/12/20 18:20:10 go/packages.Load #22
	snapshot=164
	directory=file:///home/mihalic2040/work/Database
	query=[file=/home/mihalic2040/work/Database/src/store/Dht.go]
	packages=1

[Info  - 6:20:10 PM] 2023/12/20 18:20:10 go/packages.Load #22
	snapshot=164
	directory=file:///home/mihalic2040/work/Database
	package="github.com/Rosa-Devs/Database/src/store"
	files=[/home/mihalic2040/work/Database/src/store/Dht.go /home/mihalic2040/work/Database/src/store/db.go /home/mihalic2040/work/Database/src/store/eventbus.go /home/mihalic2040/work/Database/src/store/handler.go /home/mihalic2040/work/Database/src/store/merkle.go /home/mihalic2040/work/Database/src/store/pool.go /home/mihalic2040/work/Database/src/store/pubsub.go /home/mihalic2040/work/Database/src/store/server.go /home/mihalic2040/work/Database/src/store/sync.go]

[Info  - 6:20:10 PM] 2023/12/20 18:20:10 go/packages.Load #22: updating metadata for 1 packages

[Info  - 6:20:11 PM] 2023/12/20 18:20:11 go/packages.Load #23
	snapshot=166
	directory=file:///home/mihalic2040/work/Database
	query=[file=/home/mihalic2040/work/Database/src/store/Dht.go]
	packages=1

[Info  - 6:20:11 PM] 2023/12/20 18:20:11 go/packages.Load #23
	snapshot=166
	directory=file:///home/mihalic2040/work/Database
	package="github.com/Rosa-Devs/Database/src/store"
	files=[/home/mihalic2040/work/Database/src/store/Dht.go /home/mihalic2040/work/Database/src/store/db.go /home/mihalic2040/work/Database/src/store/eventbus.go /home/mihalic2040/work/Database/src/store/handler.go /home/mihalic2040/work/Database/src/store/merkle.go /home/mihalic2040/work/Database/src/store/pool.go /home/mihalic2040/work/Database/src/store/pubsub.go /home/mihalic2040/work/Database/src/store/server.go /home/mihalic2040/work/Database/src/store/sync.go]

[Info  - 6:20:11 PM] 2023/12/20 18:20:11 go/packages.Load #23: updating metadata for 1 packages

[Info  - 6:20:11 PM] 2023/12/20 18:20:11 go/packages.Load #24
	snapshot=166
	directory=file:///home/mihalic2040/work/Database
	query=[file=/home/mihalic2040/work/Database/src/store/Dht.go]
	packages=1

[Info  - 6:20:11 PM] 2023/12/20 18:20:11 go/packages.Load #24
	snapshot=166
	directory=file:///home/mihalic2040/work/Database
	package="github.com/Rosa-Devs/Database/src/store"
	files=[/home/mihalic2040/work/Database/src/store/Dht.go /home/mihalic2040/work/Database/src/store/db.go /home/mihalic2040/work/Database/src/store/eventbus.go /home/mihalic2040/work/Database/src/store/handler.go /home/mihalic2040/work/Database/src/store/merkle.go /home/mihalic2040/work/Database/src/store/pool.go /home/mihalic2040/work/Database/src/store/pubsub.go /home/mihalic2040/work/Database/src/store/server.go /home/mihalic2040/work/Database/src/store/sync.go]

[Info  - 6:20:11 PM] 2023/12/20 18:20:11 go/packages.Load #24: updating metadata for 0 packages

[Info  - 6:20:12 PM] 2023/12/20 18:20:12 go/packages.Load #25
	snapshot=166
	directory=file:///home/mihalic2040/work/Database
	query=[github.com/Rosa-Devs/Database/cmd/cli github.com/Rosa-Devs/Database/cmd/db github.com/Rosa-Devs/Database/cmd/manager]
	packages=3

[Info  - 6:20:12 PM] 2023/12/20 18:20:12 go/packages.Load #25
	snapshot=166
	directory=file:///home/mihalic2040/work/Database
	package="github.com/Rosa-Devs/Database/cmd/cli"
	files=[/home/mihalic2040/work/Database/cmd/cli/main.go]

[Info  - 6:20:12 PM] 2023/12/20 18:20:12 go/packages.Load #25
	snapshot=166
	directory=file:///home/mihalic2040/work/Database
	package="github.com/Rosa-Devs/Database/cmd/db"
	files=[/home/mihalic2040/work/Database/cmd/db/db.go]

[Info  - 6:20:12 PM] 2023/12/20 18:20:12 go/packages.Load #25
	snapshot=166
	directory=file:///home/mihalic2040/work/Database
	package="github.com/Rosa-Devs/Database/cmd/manager"
	files=[/home/mihalic2040/work/Database/cmd/manager/main.go]

[Info  - 6:20:12 PM] 2023/12/20 18:20:12 go/packages.Load #25: updating metadata for 3 packages

[Error - 6:20:12 PM] 2023/12/20 18:20:12 tidy: diagnosing file:///home/mihalic2040/work/Database/go.mod: err: exit status 1: stderr: go: downloading github.com/kr/pretty v0.2.1
go: github.com/Rosa-Devs/Database/cmd/cli imports
	github.com/libp2p/go-libp2p imports
	github.com/libp2p/go-libp2p/p2p/security/noise imports
	github.com/flynn/noise tested by
	github.com/flynn/noise.test imports
	gopkg.in/check.v1 imports
	github.com/kr/pretty: module lookup disabled by GOPROXY=off


[Error - 6:20:13 PM] Request textDocument/hover failed.
  Message: no package data for import "github.com/libp2p/go-libp2p-kad-dht"
  Code: 0 
[Info  - 6:20:32 PM] 2023/12/20 18:20:32 background imports cache refresh starting

[Info  - 6:20:32 PM] 2023/12/20 18:20:32 background refresh finished after 6.401403ms

[Error - 6:21:59 PM] Request textDocument/hover failed.
  Message: no package data for import "github.com/libp2p/go-libp2p-kad-dht"
  Code: 0 
[Error - 6:22:01 PM] 2023/12/20 18:22:01 no completions found: this is a definition of package d ("github.com/libp2p/go-libp2p-kad-dht")
	position=9:2

[Error - 6:22:03 PM] 2023/12/20 18:22:03 tidy: diagnosing file:///home/mihalic2040/work/Database/go.mod: err: exit status 1: stderr: go: downloading github.com/kr/pretty v0.2.1
go: finding module for package github.com/libp2p/go-libp2p-kad-dht
go: github.com/Rosa-Devs/Database/src/store imports
	github.com/libp2p/go-libp2p-kad-dht: cannot find module providing package github.com/libp2p/go-libp2p-kad-dht: module lookup disabled by GOPROXY=off
go: github.com/Rosa-Devs/Database/cmd/cli imports
	github.com/libp2p/go-libp2p imports
	github.com/libp2p/go-libp2p/p2p/security/noise imports
	github.com/flynn/noise tested by
	github.com/flynn/noise.test imports
	gopkg.in/check.v1 imports
	github.com/kr/pretty: module lookup disabled by GOPROXY=off


[Error - 6:22:17 PM] Request textDocument/hover failed.
  Message: no package data for import "github.com/libp2p/go-libp2p-kad-dht"
  Code: 0 
[Info  - 6:22:29 PM] 2023/12/20 18:22:29 background imports cache refresh starting

[Info  - 6:22:29 PM] 2023/12/20 18:22:29 background refresh finished after 9.492177ms

[Error - 6:23:48 PM] Request textDocument/hover failed.
  Message: no package data for import "github.com/libp2p/go-libp2p-kad-dht"
  Code: 0 
[Error - 6:23:51 PM] 2023/12/20 18:23:51 tidy: diagnosing file:///home/mihalic2040/work/Database/go.mod: err: exit status 1: stderr: go: downloading github.com/kr/pretty v0.2.1
go: finding module for package github.com/libp2p/go-libp2p-kad-dht
go: github.com/Rosa-Devs/Database/src/store imports
	github.com/libp2p/go-libp2p-kad-dht: cannot find module providing package github.com/libp2p/go-libp2p-kad-dht: module lookup disabled by GOPROXY=off
go: github.com/Rosa-Devs/Database/cmd/cli imports
	github.com/libp2p/go-libp2p imports
	github.com/libp2p/go-libp2p/p2p/security/noise imports
	github.com/flynn/noise tested by
	github.com/flynn/noise.test imports
	gopkg.in/check.v1 imports
	github.com/kr/pretty: module lookup disabled by GOPROXY=off


[Error - 6:23:51 PM] Request textDocument/hover failed.
  Message: no package data for import "github.com/libp2p/go-libp2p-kad-dht"
  Code: 0 
[Info  - 6:24:18 PM] 2023/12/20 18:24:18 background imports cache refresh starting

[Info  - 6:24:18 PM] 2023/12/20 18:24:18 background refresh finished after 7.252087ms

[Error - 6:24:38 PM] Request textDocument/codeAction failed.
  Message: context canceled
  Code: 0 
[Info  - 6:24:38 PM] 2023/12/20 18:24:38 go/packages.Load #27
	snapshot=177
	directory=file:///home/mihalic2040/work/Database
	query=[file=/home/mihalic2040/work/Database/src/store/db.go]
	packages=1

[Info  - 6:24:38 PM] 2023/12/20 18:24:38 go/packages.Load #27
	snapshot=177
	directory=file:///home/mihalic2040/work/Database
	package="github.com/Rosa-Devs/Database/src/store"
	files=[/home/mihalic2040/work/Database/src/store/db.go /home/mihalic2040/work/Database/src/store/eventbus.go /home/mihalic2040/work/Database/src/store/handler.go /home/mihalic2040/work/Database/src/store/merkle.go /home/mihalic2040/work/Database/src/store/pool.go /home/mihalic2040/work/Database/src/store/pubsub.go /home/mihalic2040/work/Database/src/store/server.go /home/mihalic2040/work/Database/src/store/sync.go]

[Info  - 6:24:38 PM] 2023/12/20 18:24:38 go/packages.Load #27: updating metadata for 1 packages

