2023-12-18 23:47:59.860 [info] Log level: Info
2023-12-18 23:47:59.860 [info] Validating found git in: "git"
2023-12-18 23:47:59.860 [info] Using git "2.43.0" from "git"
2023-12-18 23:47:59.860 [info] > git rev-parse --show-toplevel [7ms]
2023-12-18 23:47:59.860 [info] > git rev-parse --git-dir --git-common-dir [7ms]
2023-12-18 23:47:59.860 [info] Open repository: /home/mihalic2040/work/Rosa-Desktop
2023-12-18 23:47:59.890 [info] > git config --get commit.template [17ms]
2023-12-18 23:47:59.893 [info] > git rev-parse --show-toplevel [7ms]
2023-12-18 23:47:59.922 [info] > git rev-parse --show-toplevel [4ms]
2023-12-18 23:47:59.922 [info] > git for-each-ref --format=%(refname)%00%(upstream:short)%00%(objectname)%00%(upstream:track)%00%(upstream:remotename)%00%(upstream:remoteref) refs/heads/main refs/remotes/main [15ms]
2023-12-18 23:47:59.942 [info] > git rev-parse --show-toplevel [1ms]
2023-12-18 23:47:59.980 [info] > git rev-parse --show-toplevel [25ms]
2023-12-18 23:48:00.005 [info] > git status -z -uall [34ms]
2023-12-18 23:48:00.005 [info] > git rev-parse --show-toplevel [4ms]
2023-12-18 23:48:00.320 [info] > git config --get commit.template [273ms]
2023-12-18 23:48:00.320 [info] > git rev-parse --show-toplevel [283ms]
2023-12-18 23:48:00.405 [info] > git rev-parse --show-toplevel [64ms]
2023-12-18 23:48:00.409 [info] > git for-each-ref --format=%(refname)%00%(upstream:short)%00%(objectname)%00%(upstream:track)%00%(upstream:remotename)%00%(upstream:remoteref) refs/heads/main refs/remotes/main [12ms]
2023-12-18 23:48:00.485 [info] > git status -z -uall [26ms]
2023-12-18 23:48:00.766 [info] > git check-ignore -v -z --stdin [26ms]
2023-12-18 23:48:01.191 [info] > git show --textconv :frontend/src/itemkit/Chat.tsx [7ms]
2023-12-18 23:48:01.217 [info] > git show --textconv :src/DbManager.go [19ms]
2023-12-18 23:48:01.217 [info] > git ls-files --stage -- /home/mihalic2040/work/Rosa-Desktop/src/DbManager.go [14ms]
2023-12-18 23:48:01.225 [info] > git ls-files --stage -- /home/mihalic2040/work/Rosa-Desktop/frontend/src/itemkit/Chat.tsx [35ms]
2023-12-18 23:48:01.241 [info] > git cat-file -s 41048a1ee5fbeeac15f8beea5ee0f62240d77c52 [7ms]
2023-12-18 23:48:01.242 [info] > git cat-file -s 4dbfb2db20701f5facf6067fd43f37d50a9deddb [18ms]
2023-12-18 23:48:59.449 [info] > git config --get commit.template [20ms]
2023-12-18 23:48:59.452 [info] > git for-each-ref --format=%(refname)%00%(upstream:short)%00%(objectname)%00%(upstream:track)%00%(upstream:remotename)%00%(upstream:remoteref) refs/heads/main refs/remotes/main [6ms]
2023-12-18 23:48:59.487 [info] > git status -z -uall [17ms]
2023-12-18 23:49:32.082 [info] > git config --get commit.template [8ms]
2023-12-18 23:49:32.082 [info] > git for-each-ref --format=%(refname)%00%(upstream:short)%00%(objectname)%00%(upstream:track)%00%(upstream:remotename)%00%(upstream:remoteref) refs/heads/main refs/remotes/main [1ms]
2023-12-18 23:49:32.100 [info] > git ls-files --stage -- /home/mihalic2040/work/Rosa-Desktop/frontend/src/itemkit/Chat.tsx [10ms]
2023-12-18 23:49:32.111 [info] > git ls-files --stage -- /home/mihalic2040/work/Rosa-Desktop/src/DbManager.go [12ms]
2023-12-18 23:49:32.119 [info] > git cat-file -s 41048a1ee5fbeeac15f8beea5ee0f62240d77c52 [14ms]
2023-12-18 23:49:32.120 [info] > git cat-file -s 4dbfb2db20701f5facf6067fd43f37d50a9deddb [1ms]
2023-12-18 23:49:32.127 [info] > git status -z -uall [17ms]
2023-12-18 23:49:32.141 [info] > git show --textconv :frontend/src/itemkit/Chat.tsx [14ms]
2023-12-18 23:49:32.145 [info] > git show --textconv :src/DbManager.go [5ms]
2023-12-18 23:49:37.144 [info] > git config --get commit.template [5ms]
2023-12-18 23:49:37.144 [info] > git for-each-ref --format=%(refname)%00%(upstream:short)%00%(objectname)%00%(upstream:track)%00%(upstream:remotename)%00%(upstream:remoteref) refs/heads/main refs/remotes/main [1ms]
2023-12-18 23:49:37.161 [info] > git status -z -uall [11ms]
2023-12-18 23:50:07.600 [info] > git config --get commit.template [10ms]
2023-12-18 23:50:07.601 [info] > git for-each-ref --format=%(refname)%00%(upstream:short)%00%(objectname)%00%(upstream:track)%00%(upstream:remotename)%00%(upstream:remoteref) refs/heads/main refs/remotes/main [2ms]
2023-12-18 23:50:07.621 [info] > git ls-files --stage -- /home/mihalic2040/work/Rosa-Desktop/frontend/src/itemkit/Chat.tsx [8ms]
2023-12-18 23:50:07.633 [info] > git ls-files --stage -- /home/mihalic2040/work/Rosa-Desktop/src/DbManager.go [12ms]
2023-12-18 23:50:07.641 [info] > git cat-file -s 41048a1ee5fbeeac15f8beea5ee0f62240d77c52 [14ms]
2023-12-18 23:50:07.642 [info] > git cat-file -s 4dbfb2db20701f5facf6067fd43f37d50a9deddb [2ms]
2023-12-18 23:50:07.649 [info] > git status -z -uall [17ms]
2023-12-18 23:50:07.662 [info] > git show --textconv :frontend/src/itemkit/Chat.tsx [13ms]
2023-12-18 23:50:07.666 [info] > git show --textconv :src/DbManager.go [5ms]
2023-12-18 23:50:12.669 [info] > git config --get commit.template [4ms]
2023-12-18 23:50:12.669 [info] > git for-each-ref --format=%(refname)%00%(upstream:short)%00%(objectname)%00%(upstream:track)%00%(upstream:remotename)%00%(upstream:remoteref) refs/heads/main refs/remotes/main [1ms]
2023-12-18 23:50:12.686 [info] > git status -z -uall [12ms]
2023-12-18 23:50:24.919 [info] > git config --get commit.template [5ms]
2023-12-18 23:50:24.920 [info] > git for-each-ref --format=%(refname)%00%(upstream:short)%00%(objectname)%00%(upstream:track)%00%(upstream:remotename)%00%(upstream:remoteref) refs/heads/main refs/remotes/main [2ms]
2023-12-18 23:50:24.938 [info] > git status -z -uall [13ms]
2023-12-18 23:50:36.215 [info] > git config --get commit.template [7ms]
2023-12-18 23:50:36.216 [info] > git for-each-ref --format=%(refname)%00%(upstream:short)%00%(objectname)%00%(upstream:track)%00%(upstream:remotename)%00%(upstream:remoteref) refs/heads/main refs/remotes/main [1ms]
2023-12-18 23:50:36.243 [info] > git status -z -uall [20ms]
2023-12-18 23:51:07.461 [info] > git config --get commit.template [8ms]
2023-12-18 23:51:07.495 [info] > git ls-files --stage -- /home/mihalic2040/work/Rosa-Desktop/src/DbManager.go [0ms]
2023-12-18 23:51:07.504 [info] > git ls-files --stage -- /home/mihalic2040/work/Rosa-Desktop/frontend/src/itemkit/Chat.tsx [36ms]
2023-12-18 23:51:07.510 [info] > git for-each-ref --format=%(refname)%00%(upstream:short)%00%(objectname)%00%(upstream:track)%00%(upstream:remotename)%00%(upstream:remoteref) refs/heads/main refs/remotes/main [51ms]
2023-12-18 23:51:07.511 [info] > git cat-file -s 41048a1ee5fbeeac15f8beea5ee0f62240d77c52 [2ms]
2023-12-18 23:51:07.512 [info] > git cat-file -s 4dbfb2db20701f5facf6067fd43f37d50a9deddb [9ms]
2023-12-18 23:51:07.540 [info] > git status -z -uall [17ms]
2023-12-18 23:51:07.541 [info] > git show --textconv :frontend/src/itemkit/Chat.tsx [8ms]
2023-12-18 23:51:07.546 [info] > git show --textconv :src/DbManager.go [6ms]
2023-12-18 23:51:12.560 [info] > git config --get commit.template [7ms]
2023-12-18 23:51:12.561 [info] > git for-each-ref --format=%(refname)%00%(upstream:short)%00%(objectname)%00%(upstream:track)%00%(upstream:remotename)%00%(upstream:remoteref) refs/heads/main refs/remotes/main [1ms]
2023-12-18 23:51:12.577 [info] > git status -z -uall [10ms]
2023-12-18 23:51:46.526 [info] > git config --get commit.template [5ms]
2023-12-18 23:51:46.526 [info] > git for-each-ref --format=%(refname)%00%(upstream:short)%00%(objectname)%00%(upstream:track)%00%(upstream:remotename)%00%(upstream:remoteref) refs/heads/main refs/remotes/main [1ms]
2023-12-18 23:51:46.542 [info] > git status -z -uall [11ms]
2023-12-18 23:52:33.357 [info] > git config --get commit.template [2ms]
2023-12-18 23:52:33.383 [info] > git ls-files --stage -- /home/mihalic2040/work/Rosa-Desktop/frontend/src/itemkit/Chat.tsx [11ms]
2023-12-18 23:52:33.397 [info] > git ls-files --stage -- /home/mihalic2040/work/Rosa-Desktop/src/DbManager.go [15ms]
2023-12-18 23:52:33.407 [info] > git for-each-ref --format=%(refname)%00%(upstream:short)%00%(objectname)%00%(upstream:track)%00%(upstream:remotename)%00%(upstream:remoteref) refs/heads/main refs/remotes/main [11ms]
2023-12-18 23:52:33.407 [info] > git cat-file -s 41048a1ee5fbeeac15f8beea5ee0f62240d77c52 [16ms]
2023-12-18 23:52:33.408 [info] > git cat-file -s 4dbfb2db20701f5facf6067fd43f37d50a9deddb [2ms]
2023-12-18 23:52:33.429 [info] > git status -z -uall [15ms]
2023-12-18 23:52:33.429 [info] > git show --textconv :frontend/src/itemkit/Chat.tsx [7ms]
2023-12-18 23:52:33.435 [info] > git show --textconv :src/DbManager.go [6ms]
2023-12-18 23:52:38.444 [info] > git config --get commit.template [1ms]
2023-12-18 23:52:38.450 [info] > git for-each-ref --format=%(refname)%00%(upstream:short)%00%(objectname)%00%(upstream:track)%00%(upstream:remotename)%00%(upstream:remoteref) refs/heads/main refs/remotes/main [1ms]
2023-12-18 23:52:38.465 [info] > git status -z -uall [10ms]
2023-12-18 23:53:32.774 [info] > git config --get commit.template [1ms]
2023-12-18 23:53:32.793 [info] > git ls-files --stage -- /home/mihalic2040/work/Rosa-Desktop/frontend/src/itemkit/Chat.tsx [9ms]
2023-12-18 23:53:32.810 [info] > git ls-files --stage -- /home/mihalic2040/work/Rosa-Desktop/src/DbManager.go [18ms]
2023-12-18 23:53:32.818 [info] > git for-each-ref --format=%(refname)%00%(upstream:short)%00%(objectname)%00%(upstream:track)%00%(upstream:remotename)%00%(upstream:remoteref) refs/heads/main refs/remotes/main [9ms]
2023-12-18 23:53:32.819 [info] > git cat-file -s 41048a1ee5fbeeac15f8beea5ee0f62240d77c52 [17ms]
2023-12-18 23:53:32.821 [info] > git cat-file -s 4dbfb2db20701f5facf6067fd43f37d50a9deddb [2ms]
2023-12-18 23:53:32.846 [info] > git status -z -uall [15ms]
2023-12-18 23:53:32.846 [info] > git show --textconv :frontend/src/itemkit/Chat.tsx [8ms]
2023-12-18 23:53:32.851 [info] > git show --textconv :src/DbManager.go [6ms]
2023-12-18 23:54:09.467 [info] > git for-each-ref --format=%(refname)%00%(upstream:short)%00%(objectname)%00%(upstream:track)%00%(upstream:remotename)%00%(upstream:remoteref) refs/heads/main refs/remotes/main [2ms]
2023-12-18 23:54:09.468 [info] > git config --get commit.template [12ms]
2023-12-18 23:54:09.494 [info] > git status -z -uall [20ms]
2023-12-18 23:54:09.494 [info] > git ls-files --stage -- /home/mihalic2040/work/Rosa-Desktop/frontend/src/itemkit/Chat.tsx [7ms]
2023-12-18 23:54:09.504 [info] > git cat-file -s 41048a1ee5fbeeac15f8beea5ee0f62240d77c52 [5ms]
2023-12-18 23:54:09.504 [info] > git ls-files --stage -- /home/mihalic2040/work/Rosa-Desktop/src/DbManager.go [11ms]
2023-12-18 23:54:09.516 [info] > git cat-file -s 4dbfb2db20701f5facf6067fd43f37d50a9deddb [7ms]
2023-12-18 23:54:09.519 [info] > git show --textconv :frontend/src/itemkit/Chat.tsx [4ms]
2023-12-18 23:54:09.529 [info] > git show --textconv :src/DbManager.go [2ms]
2023-12-18 23:54:11.831 [info] > git show --textconv :frontend/src/Router.tsx [8ms]
2023-12-18 23:54:11.833 [info] > git ls-files --stage -- /home/mihalic2040/work/Rosa-Desktop/frontend/src/Router.tsx [3ms]
2023-12-18 23:54:11.842 [info] > git cat-file -s e898ac9b9952fef4077e199f229952472f93f8aa [1ms]
2023-12-18 23:54:46.496 [info] > git config --get commit.template [8ms]
2023-12-18 23:54:46.512 [info] > git ls-files --stage -- /home/mihalic2040/work/Rosa-Desktop/src/DbManager.go [9ms]
2023-12-18 23:54:46.518 [info] > git for-each-ref --format=%(refname)%00%(upstream:short)%00%(objectname)%00%(upstream:track)%00%(upstream:remotename)%00%(upstream:remoteref) refs/heads/main refs/remotes/main [23ms]
2023-12-18 23:54:46.519 [info] > git ls-files --stage -- /home/mihalic2040/work/Rosa-Desktop/frontend/src/Router.tsx [8ms]
2023-12-18 23:54:46.524 [info] > git cat-file -s 4dbfb2db20701f5facf6067fd43f37d50a9deddb [6ms]
2023-12-18 23:54:46.525 [info] > git cat-file -s e898ac9b9952fef4077e199f229952472f93f8aa [1ms]
2023-12-18 23:54:46.543 [info] > git status -z -uall [13ms]
2023-12-18 23:54:46.543 [info] > git show --textconv :src/DbManager.go [6ms]
2023-12-18 23:54:46.555 [info] > git show --textconv :frontend/src/Router.tsx [13ms]
2023-12-18 23:56:51.764 [info] > git config --get commit.template [10ms]
2023-12-18 23:56:51.785 [info] > git ls-files --stage -- /home/mihalic2040/work/Rosa-Desktop/src/DbManager.go [11ms]
2023-12-18 23:56:51.792 [info] > git for-each-ref --format=%(refname)%00%(upstream:short)%00%(objectname)%00%(upstream:track)%00%(upstream:remotename)%00%(upstream:remoteref) refs/heads/main refs/remotes/main [29ms]
2023-12-18 23:56:51.793 [info] > git ls-files --stage -- /home/mihalic2040/work/Rosa-Desktop/frontend/src/Router.tsx [9ms]
2023-12-18 23:56:51.799 [info] > git cat-file -s 4dbfb2db20701f5facf6067fd43f37d50a9deddb [7ms]
2023-12-18 23:56:51.800 [info] > git cat-file -s e898ac9b9952fef4077e199f229952472f93f8aa [1ms]
2023-12-18 23:56:51.824 [info] > git status -z -uall [19ms]
2023-12-18 23:56:51.824 [info] > git show --textconv :src/DbManager.go [9ms]
2023-12-18 23:56:51.829 [info] > git show --textconv :frontend/src/Router.tsx [6ms]
2023-12-18 23:59:31.374 [info] > git config --get commit.template [1ms]
2023-12-18 23:59:31.386 [info] > git for-each-ref --format=%(refname)%00%(upstream:short)%00%(objectname)%00%(upstream:track)%00%(upstream:remotename)%00%(upstream:remoteref) refs/heads/main refs/remotes/main [1ms]
2023-12-18 23:59:31.408 [info] > git status -z -uall [15ms]
