2023-12-20 18:24:12.149 [info] Configuration changed
2023-12-20 18:24:12.291 [info] Configuration changed
2023-12-20 18:24:13.425 [info] Configuration changed
2023-12-20 18:24:15.341 [info] Active editor: file:///home/mihalic2040/work/Rosa-Desktop/src/DbManager.go
2023-12-20 18:24:15.360 [info] /home/mihalic2040/work/Rosa-Desktop/frontend/src/Router.tsx.git closed
2023-12-20 18:24:20.055 [info] Active editor: file:///home/mihalic2040/work/Rosa-Desktop/src/Dht.go
2023-12-20 18:24:43.530 [info] /home/mihalic2040/.config/Code/User/settings.json closed
2023-12-20 18:24:43.587 [info] Configuration changed
2023-12-20 18:24:46.111 [info] Active editor: file:///home/mihalic2040/work/Rosa-Desktop/src/DbManager.go
2023-12-20 18:24:46.129 [info] /home/mihalic2040/work/Rosa-Desktop/src/Dht.go.git closed
2023-12-20 18:25:07.827 [info] Active editor: file:///home/mihalic2040/work/Rosa-Desktop/src/Dht.go
2023-12-20 18:25:09.125 [info] /home/mihalic2040/work/Rosa-Desktop/src/DbManager.go.git closed
2023-12-20 18:25:09.130 [info] Active editor: file:///home/mihalic2040/work/Rosa-Desktop/src/Dht.go
2023-12-20 18:25:09.156 [info] /home/mihalic2040/work/Rosa-Desktop/src/Dht.go.git closed
2023-12-20 18:25:14.125 [info] Active editor: file:///home/mihalic2040/work/Rosa-Desktop/src/DbManager.go
2023-12-20 18:26:57.534 [info] Active editor: file:///home/mihalic2040/work/Rosa-Desktop/src/Dht.go
2023-12-20 18:27:04.257 [info] Active editor: file:///home/mihalic2040/work/Rosa-Desktop/src/DbManager.go
2023-12-20 18:28:00.182 [info] Active editor: file:///home/mihalic2040/work/Rosa-Desktop/src/MsgManager.go
2023-12-20 18:28:00.196 [info] /home/mihalic2040/work/Rosa-Desktop/src/DbManager.go.git closed
2023-12-20 18:29:30.466 [info] Active editor: file:///home/mihalic2040/work/Rosa-Desktop/src/Dht.go
2023-12-20 18:33:23.118 [info] Active editor: file:///home/mihalic2040/work/Rosa-Desktop/src/DbManager.go
2023-12-20 18:33:23.126 [info] /home/mihalic2040/work/Rosa-Desktop/src/MsgManager.go.git closed
2023-12-20 18:34:41.121 [info] Active editor: file:///home/mihalic2040/work/Rosa-Desktop/src/MsgManager.go
2023-12-20 18:34:41.135 [info] /home/mihalic2040/work/Rosa-Desktop/src/DbManager.go.git closed
