2023-12-18 22:52:20.309 [info] Log level: Info
2023-12-18 22:52:20.309 [info] Validating found git in: "git"
2023-12-18 22:52:20.309 [info] Using git "2.43.0" from "git"
2023-12-18 22:52:20.309 [info] > git rev-parse --show-toplevel [58ms]
2023-12-18 22:52:20.309 [info] > git rev-parse --git-dir --git-common-dir [18ms]
2023-12-18 22:52:20.309 [info] Open repository: /home/mihalic2040/work/Rosa-Desktop
2023-12-18 22:52:20.310 [info] > git rev-parse --show-toplevel [11ms]
2023-12-18 22:52:20.311 [info] > git config --get commit.template [20ms]
2023-12-18 22:52:20.348 [info] > git rev-parse --show-toplevel [30ms]
2023-12-18 22:52:20.355 [info] > git for-each-ref --format=%(refname)%00%(upstream:short)%00%(objectname)%00%(upstream:track)%00%(upstream:remotename)%00%(upstream:remoteref) refs/heads/main refs/remotes/main [30ms]
2023-12-18 22:52:20.360 [info] > git rev-parse --show-toplevel [6ms]
2023-12-18 22:52:20.370 [info] > git rev-parse --show-toplevel [3ms]
2023-12-18 22:52:20.383 [info] > git rev-parse --show-toplevel [3ms]
2023-12-18 22:52:20.387 [info] > git status -z -uall [12ms]
2023-12-18 22:52:20.410 [info] > git config --get commit.template [13ms]
2023-12-18 22:52:20.499 [info] > git for-each-ref --format=%(refname)%00%(upstream:short)%00%(objectname)%00%(upstream:track)%00%(upstream:remotename)%00%(upstream:remoteref) refs/heads/main refs/remotes/main [28ms]
2023-12-18 22:52:20.525 [info] > git status -z -uall [15ms]
2023-12-18 22:52:20.822 [info] > git check-ignore -v -z --stdin [8ms]
2023-12-18 22:52:27.489 [info] > git show --textconv :frontend/src/itemkit/Chat.tsx [13ms]
2023-12-18 22:52:27.501 [info] > git ls-files --stage -- /home/mihalic2040/work/Rosa-Desktop/frontend/src/itemkit/Chat.tsx [13ms]
2023-12-18 22:52:27.522 [info] > git cat-file -s 41048a1ee5fbeeac15f8beea5ee0f62240d77c52 [0ms]
2023-12-18 22:52:53.699 [info] > git for-each-ref --format=%(refname)%00%(upstream:short)%00%(objectname)%00%(upstream:track)%00%(upstream:remotename)%00%(upstream:remoteref) refs/heads/main refs/remotes/main [1ms]
2023-12-18 22:52:53.700 [info] > git config --get commit.template [8ms]
2023-12-18 22:52:53.717 [info] > git status -z -uall [12ms]
2023-12-18 22:52:57.880 [info] > git check-ignore -v -z --stdin [7ms]
2023-12-18 22:52:58.481 [info] > git show --textconv :frontend/src/pages/Login.tsx [5ms]
2023-12-18 22:52:58.482 [info] > git ls-files --stage -- /home/mihalic2040/work/Rosa-Desktop/frontend/src/pages/Login.tsx [1ms]
2023-12-18 22:52:58.487 [info] > git cat-file -s 7b97e6d19747b49671488b513b591a9ac656c085 [1ms]
2023-12-18 22:53:05.175 [info] > git config --get commit.template [1ms]
2023-12-18 22:53:05.180 [info] > git for-each-ref --format=%(refname)%00%(upstream:short)%00%(objectname)%00%(upstream:track)%00%(upstream:remotename)%00%(upstream:remoteref) refs/heads/main refs/remotes/main [1ms]
2023-12-18 22:53:05.195 [info] > git status -z -uall [10ms]
2023-12-18 22:53:35.504 [info] > git config --get commit.template [8ms]
2023-12-18 22:53:35.504 [info] > git for-each-ref --format=%(refname)%00%(upstream:short)%00%(objectname)%00%(upstream:track)%00%(upstream:remotename)%00%(upstream:remoteref) refs/heads/main refs/remotes/main [1ms]
2023-12-18 22:53:35.523 [info] > git ls-files --stage -- /home/mihalic2040/work/Rosa-Desktop/frontend/src/pages/Login.tsx [2ms]
2023-12-18 22:53:35.533 [info] > git status -z -uall [21ms]
2023-12-18 22:53:35.535 [info] > git cat-file -s 7b97e6d19747b49671488b513b591a9ac656c085 [3ms]
2023-12-18 22:53:35.555 [info] > git show --textconv :frontend/src/pages/Login.tsx [2ms]
2023-12-18 22:53:40.464 [info] > git show --textconv :frontend/src/itemkit/Chat.tsx [6ms]
2023-12-18 22:53:40.465 [info] > git ls-files --stage -- /home/mihalic2040/work/Rosa-Desktop/frontend/src/itemkit/Chat.tsx [1ms]
2023-12-18 22:53:40.471 [info] > git cat-file -s 41048a1ee5fbeeac15f8beea5ee0f62240d77c52 [1ms]
2023-12-18 22:53:40.554 [info] > git for-each-ref --format=%(refname)%00%(upstream:short)%00%(objectname)%00%(upstream:track)%00%(upstream:remotename)%00%(upstream:remoteref) refs/heads/main refs/remotes/main [1ms]
2023-12-18 22:53:40.555 [info] > git config --get commit.template [12ms]
2023-12-18 22:53:40.583 [info] > git status -z -uall [17ms]
2023-12-18 22:53:55.035 [info] > git show --textconv :frontend/src/pages/RightBar.tsx [9ms]
2023-12-18 22:53:55.037 [info] > git ls-files --stage -- /home/mihalic2040/work/Rosa-Desktop/frontend/src/pages/RightBar.tsx [2ms]
2023-12-18 22:53:55.042 [info] > git cat-file -s a79d0ba87e6648cec6b2ddf5952bb88d12d2824a [0ms]
2023-12-18 22:54:11.512 [info] > git show --textconv :frontend/src/index.css [7ms]
2023-12-18 22:54:11.513 [info] > git ls-files --stage -- /home/mihalic2040/work/Rosa-Desktop/frontend/src/index.css [2ms]
2023-12-18 22:54:11.520 [info] > git cat-file -s ddfb1f524673cea0a3569c259603f53f43c1a229 [1ms]
2023-12-18 22:54:47.832 [info] > git config --get commit.template [6ms]
2023-12-18 22:54:47.832 [info] > git for-each-ref --format=%(refname)%00%(upstream:short)%00%(objectname)%00%(upstream:track)%00%(upstream:remotename)%00%(upstream:remoteref) refs/heads/main refs/remotes/main [1ms]
2023-12-18 22:54:47.846 [info] > git status -z -uall [9ms]
2023-12-18 22:55:15.333 [info] > git config --get commit.template [1ms]
2023-12-18 22:55:15.340 [info] > git for-each-ref --format=%(refname)%00%(upstream:short)%00%(objectname)%00%(upstream:track)%00%(upstream:remotename)%00%(upstream:remoteref) refs/heads/main refs/remotes/main [1ms]
2023-12-18 22:55:15.359 [info] > git status -z -uall [12ms]
2023-12-18 22:55:16.688 [info] > git show --textconv :frontend/src/pages/RightBar.tsx [6ms]
2023-12-18 22:55:16.689 [info] > git ls-files --stage -- /home/mihalic2040/work/Rosa-Desktop/frontend/src/pages/RightBar.tsx [2ms]
2023-12-18 22:55:16.695 [info] > git cat-file -s a79d0ba87e6648cec6b2ddf5952bb88d12d2824a [1ms]
2023-12-18 22:55:18.113 [info] > git show --textconv :frontend/src/index.css [5ms]
2023-12-18 22:55:18.114 [info] > git ls-files --stage -- /home/mihalic2040/work/Rosa-Desktop/frontend/src/index.css [1ms]
2023-12-18 22:55:18.119 [info] > git cat-file -s ddfb1f524673cea0a3569c259603f53f43c1a229 [1ms]
2023-12-18 22:55:19.257 [info] > git show --textconv :frontend/src/pages/RightBar.tsx [6ms]
2023-12-18 22:55:19.258 [info] > git ls-files --stage -- /home/mihalic2040/work/Rosa-Desktop/frontend/src/pages/RightBar.tsx [2ms]
2023-12-18 22:55:19.263 [info] > git cat-file -s a79d0ba87e6648cec6b2ddf5952bb88d12d2824a [0ms]
2023-12-18 22:55:47.611 [info] > git config --get commit.template [5ms]
2023-12-18 22:55:47.611 [info] > git for-each-ref --format=%(refname)%00%(upstream:short)%00%(objectname)%00%(upstream:track)%00%(upstream:remotename)%00%(upstream:remoteref) refs/heads/main refs/remotes/main [1ms]
2023-12-18 22:55:47.627 [info] > git status -z -uall [10ms]
2023-12-18 22:55:55.213 [info] > git config --get commit.template [5ms]
2023-12-18 22:55:55.214 [info] > git for-each-ref --format=%(refname)%00%(upstream:short)%00%(objectname)%00%(upstream:track)%00%(upstream:remotename)%00%(upstream:remoteref) refs/heads/main refs/remotes/main [1ms]
2023-12-18 22:55:55.229 [info] > git status -z -uall [9ms]
2023-12-18 22:56:00.243 [info] > git config --get commit.template [6ms]
2023-12-18 22:56:00.243 [info] > git for-each-ref --format=%(refname)%00%(upstream:short)%00%(objectname)%00%(upstream:track)%00%(upstream:remotename)%00%(upstream:remoteref) refs/heads/main refs/remotes/main [0ms]
2023-12-18 22:56:00.261 [info] > git status -z -uall [12ms]
2023-12-18 22:56:01.095 [info] > git show --textconv :frontend/src/index.css [6ms]
2023-12-18 22:56:01.097 [info] > git ls-files --stage -- /home/mihalic2040/work/Rosa-Desktop/frontend/src/index.css [2ms]
2023-12-18 22:56:01.103 [info] > git cat-file -s ddfb1f524673cea0a3569c259603f53f43c1a229 [0ms]
2023-12-18 22:56:12.168 [info] > git config --get commit.template [1ms]
2023-12-18 22:56:12.175 [info] > git for-each-ref --format=%(refname)%00%(upstream:short)%00%(objectname)%00%(upstream:track)%00%(upstream:remotename)%00%(upstream:remoteref) refs/heads/main refs/remotes/main [3ms]
2023-12-18 22:56:12.212 [info] > git status -z -uall [27ms]
2023-12-18 22:56:26.201 [info] > git config --get commit.template [8ms]
2023-12-18 22:56:26.203 [info] > git for-each-ref --format=%(refname)%00%(upstream:short)%00%(objectname)%00%(upstream:track)%00%(upstream:remotename)%00%(upstream:remoteref) refs/heads/main refs/remotes/main [2ms]
2023-12-18 22:56:26.226 [info] > git status -z -uall [14ms]
2023-12-18 22:57:32.883 [info] > git config --get commit.template [10ms]
2023-12-18 22:57:32.884 [info] > git for-each-ref --format=%(refname)%00%(upstream:short)%00%(objectname)%00%(upstream:track)%00%(upstream:remotename)%00%(upstream:remoteref) refs/heads/main refs/remotes/main [2ms]
2023-12-18 22:57:32.905 [info] > git status -z -uall [12ms]
2023-12-18 22:57:41.871 [info] > git config --get commit.template [7ms]
2023-12-18 22:57:41.872 [info] > git for-each-ref --format=%(refname)%00%(upstream:short)%00%(objectname)%00%(upstream:track)%00%(upstream:remotename)%00%(upstream:remoteref) refs/heads/main refs/remotes/main [1ms]
2023-12-18 22:57:41.893 [info] > git status -z -uall [15ms]
2023-12-18 22:57:49.720 [info] > git config --get commit.template [9ms]
2023-12-18 22:57:49.721 [info] > git for-each-ref --format=%(refname)%00%(upstream:short)%00%(objectname)%00%(upstream:track)%00%(upstream:remotename)%00%(upstream:remoteref) refs/heads/main refs/remotes/main [1ms]
2023-12-18 22:57:49.742 [info] > git status -z -uall [15ms]
2023-12-18 22:58:11.020 [info] > git config --get commit.template [2ms]
2023-12-18 22:58:11.028 [info] > git for-each-ref --format=%(refname)%00%(upstream:short)%00%(objectname)%00%(upstream:track)%00%(upstream:remotename)%00%(upstream:remoteref) refs/heads/main refs/remotes/main [2ms]
2023-12-18 22:58:11.046 [info] > git status -z -uall [11ms]
2023-12-18 22:58:26.132 [info] > git config --get commit.template [1ms]
2023-12-18 22:58:26.139 [info] > git for-each-ref --format=%(refname)%00%(upstream:short)%00%(objectname)%00%(upstream:track)%00%(upstream:remotename)%00%(upstream:remoteref) refs/heads/main refs/remotes/main [1ms]
2023-12-18 22:58:26.183 [info] > git status -z -uall [13ms]
2023-12-18 22:59:10.320 [info] > git config --get commit.template [7ms]
2023-12-18 22:59:10.320 [info] > git for-each-ref --format=%(refname)%00%(upstream:short)%00%(objectname)%00%(upstream:track)%00%(upstream:remotename)%00%(upstream:remoteref) refs/heads/main refs/remotes/main [1ms]
2023-12-18 22:59:10.335 [info] > git status -z -uall [10ms]
2023-12-18 22:59:15.348 [info] > git config --get commit.template [6ms]
2023-12-18 22:59:15.349 [info] > git for-each-ref --format=%(refname)%00%(upstream:short)%00%(objectname)%00%(upstream:track)%00%(upstream:remotename)%00%(upstream:remoteref) refs/heads/main refs/remotes/main [1ms]
2023-12-18 22:59:15.363 [info] > git status -z -uall [9ms]
2023-12-18 22:59:38.993 [info] > git config --get commit.template [9ms]
2023-12-18 22:59:38.993 [info] > git for-each-ref --format=%(refname)%00%(upstream:short)%00%(objectname)%00%(upstream:track)%00%(upstream:remotename)%00%(upstream:remoteref) refs/heads/main refs/remotes/main [1ms]
2023-12-18 22:59:39.017 [info] > git status -z -uall [16ms]
2023-12-18 23:00:25.392 [info] > git show --textconv :frontend/src/pages/Home.tsx [7ms]
2023-12-18 23:00:25.394 [info] > git ls-files --stage -- /home/mihalic2040/work/Rosa-Desktop/frontend/src/pages/Home.tsx [2ms]
2023-12-18 23:00:25.401 [info] > git cat-file -s db514ada68af9678727b65286c4418bed728cb85 [1ms]
2023-12-18 23:00:37.239 [info] > git show --textconv :frontend/src/main.tsx [5ms]
2023-12-18 23:00:37.240 [info] > git ls-files --stage -- /home/mihalic2040/work/Rosa-Desktop/frontend/src/main.tsx [1ms]
2023-12-18 23:00:37.246 [info] > git cat-file -s fe322f502a8b230b22fa1fe653e3876349bb28c5 [1ms]
2023-12-18 23:00:39.483 [info] > git show --textconv :frontend/src/pages/Home.tsx [6ms]
2023-12-18 23:00:39.484 [info] > git ls-files --stage -- /home/mihalic2040/work/Rosa-Desktop/frontend/src/pages/Home.tsx [1ms]
2023-12-18 23:00:39.490 [info] > git cat-file -s db514ada68af9678727b65286c4418bed728cb85 [1ms]
2023-12-18 23:00:40.959 [info] > git show --textconv :frontend/src/pages/Login.tsx [5ms]
2023-12-18 23:00:40.960 [info] > git ls-files --stage -- /home/mihalic2040/work/Rosa-Desktop/frontend/src/pages/Login.tsx [1ms]
2023-12-18 23:00:40.966 [info] > git cat-file -s 7b97e6d19747b49671488b513b591a9ac656c085 [1ms]
2023-12-18 23:00:41.683 [info] > git show --textconv :frontend/src/pages/RightBar.tsx [8ms]
2023-12-18 23:00:41.684 [info] > git ls-files --stage -- /home/mihalic2040/work/Rosa-Desktop/frontend/src/pages/RightBar.tsx [2ms]
2023-12-18 23:00:41.689 [info] > git cat-file -s a79d0ba87e6648cec6b2ddf5952bb88d12d2824a [1ms]
2023-12-18 23:00:47.791 [info] > git show --textconv :src/DbManager.go [6ms]
2023-12-18 23:00:47.792 [info] > git ls-files --stage -- /home/mihalic2040/work/Rosa-Desktop/src/DbManager.go [1ms]
2023-12-18 23:00:47.799 [info] > git cat-file -s 4dbfb2db20701f5facf6067fd43f37d50a9deddb [1ms]
2023-12-18 23:00:52.427 [info] > git show --textconv :src/Profile.go [6ms]
2023-12-18 23:00:52.428 [info] > git ls-files --stage -- /home/mihalic2040/work/Rosa-Desktop/src/Profile.go [1ms]
2023-12-18 23:00:52.435 [info] > git cat-file -s 9c99ad4391afc0380174b71e2c5007ca8aee5512 [0ms]
2023-12-18 23:00:54.692 [info] > git show --textconv :src/DbManager.go [5ms]
2023-12-18 23:00:54.693 [info] > git ls-files --stage -- /home/mihalic2040/work/Rosa-Desktop/src/DbManager.go [1ms]
2023-12-18 23:00:54.699 [info] > git cat-file -s 4dbfb2db20701f5facf6067fd43f37d50a9deddb [1ms]
2023-12-18 23:01:00.490 [info] > git show --textconv :src/MsgManager.go [7ms]
2023-12-18 23:01:00.491 [info] > git ls-files --stage -- /home/mihalic2040/work/Rosa-Desktop/src/MsgManager.go [1ms]
2023-12-18 23:01:00.498 [info] > git cat-file -s 3d705b79f99200d6c7585909717ab4c9cca96cc4 [1ms]
2023-12-18 23:01:07.890 [info] > git show --textconv :src/Models.go [6ms]
2023-12-18 23:01:07.891 [info] > git ls-files --stage -- /home/mihalic2040/work/Rosa-Desktop/src/Models.go [1ms]
2023-12-18 23:01:07.897 [info] > git cat-file -s 38ff4930fc4defb9b48868572906eac49ed41cf2 [0ms]
2023-12-18 23:01:10.775 [info] > git show --textconv :src/ProfileMgr/model.go [6ms]
2023-12-18 23:01:10.776 [info] > git ls-files --stage -- /home/mihalic2040/work/Rosa-Desktop/src/ProfileMgr/model.go [2ms]
2023-12-18 23:01:10.782 [info] > git cat-file -s ffdffd3c1e457c8a31e572b7851b3d73ef6730d7 [0ms]
2023-12-18 23:01:12.021 [info] > git show --textconv :src/Models.go [7ms]
2023-12-18 23:01:12.023 [info] > git ls-files --stage -- /home/mihalic2040/work/Rosa-Desktop/src/Models.go [2ms]
2023-12-18 23:01:12.028 [info] > git cat-file -s 38ff4930fc4defb9b48868572906eac49ed41cf2 [1ms]
2023-12-18 23:01:12.498 [info] > git show --textconv :src/DbManager.go [6ms]
2023-12-18 23:01:12.499 [info] > git ls-files --stage -- /home/mihalic2040/work/Rosa-Desktop/src/DbManager.go [1ms]
2023-12-18 23:01:12.505 [info] > git cat-file -s 4dbfb2db20701f5facf6067fd43f37d50a9deddb [1ms]
2023-12-18 23:01:49.758 [info] > git show --textconv :frontend/src/main.tsx [6ms]
2023-12-18 23:01:49.759 [info] > git ls-files --stage -- /home/mihalic2040/work/Rosa-Desktop/frontend/src/main.tsx [1ms]
2023-12-18 23:01:49.765 [info] > git cat-file -s fe322f502a8b230b22fa1fe653e3876349bb28c5 [1ms]
2023-12-18 23:01:55.345 [info] > git show --textconv :frontend/src/Router.tsx [5ms]
2023-12-18 23:01:55.346 [info] > git ls-files --stage -- /home/mihalic2040/work/Rosa-Desktop/frontend/src/Router.tsx [2ms]
2023-12-18 23:01:55.352 [info] > git cat-file -s e898ac9b9952fef4077e199f229952472f93f8aa [0ms]
2023-12-18 23:05:06.676 [info] > git check-ignore -v -z --stdin [1ms]
2023-12-18 23:06:25.700 [info] > git config --get commit.template [9ms]
2023-12-18 23:06:25.700 [info] > git for-each-ref --format=%(refname)%00%(upstream:short)%00%(objectname)%00%(upstream:track)%00%(upstream:remotename)%00%(upstream:remoteref) refs/heads/main refs/remotes/main [1ms]
2023-12-18 23:06:25.730 [info] > git ls-files --stage -- /home/mihalic2040/work/Rosa-Desktop/frontend/src/Router.tsx [2ms]
2023-12-18 23:06:25.737 [info] > git status -z -uall [26ms]
2023-12-18 23:06:25.741 [info] > git cat-file -s e898ac9b9952fef4077e199f229952472f93f8aa [4ms]
2023-12-18 23:06:25.757 [info] > git show --textconv :frontend/src/Router.tsx [2ms]
2023-12-18 23:06:30.754 [info] > git config --get commit.template [7ms]
2023-12-18 23:06:30.754 [info] > git for-each-ref --format=%(refname)%00%(upstream:short)%00%(objectname)%00%(upstream:track)%00%(upstream:remotename)%00%(upstream:remoteref) refs/heads/main refs/remotes/main [1ms]
2023-12-18 23:06:30.769 [info] > git status -z -uall [10ms]
2023-12-18 23:07:14.788 [info] > git show --textconv :frontend/src/pages/Login.tsx [6ms]
2023-12-18 23:07:14.789 [info] > git ls-files --stage -- /home/mihalic2040/work/Rosa-Desktop/frontend/src/pages/Login.tsx [1ms]
2023-12-18 23:07:14.796 [info] > git cat-file -s 7b97e6d19747b49671488b513b591a9ac656c085 [1ms]
2023-12-18 23:07:18.941 [info] > git show --textconv :frontend/src/itemkit/Chat.tsx [5ms]
2023-12-18 23:07:18.943 [info] > git ls-files --stage -- /home/mihalic2040/work/Rosa-Desktop/frontend/src/itemkit/Chat.tsx [1ms]
2023-12-18 23:07:18.948 [info] > git cat-file -s 41048a1ee5fbeeac15f8beea5ee0f62240d77c52 [1ms]
2023-12-18 23:08:46.587 [info] > git config --get commit.template [8ms]
2023-12-18 23:08:46.588 [info] > git for-each-ref --format=%(refname)%00%(upstream:short)%00%(objectname)%00%(upstream:track)%00%(upstream:remotename)%00%(upstream:remoteref) refs/heads/main refs/remotes/main [1ms]
2023-12-18 23:08:46.608 [info] > git status -z -uall [13ms]
2023-12-18 23:09:07.602 [info] > git config --get commit.template [5ms]
2023-12-18 23:09:07.602 [info] > git for-each-ref --format=%(refname)%00%(upstream:short)%00%(objectname)%00%(upstream:track)%00%(upstream:remotename)%00%(upstream:remoteref) refs/heads/main refs/remotes/main [1ms]
2023-12-18 23:09:07.616 [info] > git status -z -uall [9ms]
2023-12-18 23:09:13.389 [info] > git config --get commit.template [5ms]
2023-12-18 23:09:13.390 [info] > git for-each-ref --format=%(refname)%00%(upstream:short)%00%(objectname)%00%(upstream:track)%00%(upstream:remotename)%00%(upstream:remoteref) refs/heads/main refs/remotes/main [1ms]
2023-12-18 23:09:13.404 [info] > git status -z -uall [9ms]
2023-12-18 23:09:23.512 [info] > git config --get commit.template [6ms]
2023-12-18 23:09:23.512 [info] > git for-each-ref --format=%(refname)%00%(upstream:short)%00%(objectname)%00%(upstream:track)%00%(upstream:remotename)%00%(upstream:remoteref) refs/heads/main refs/remotes/main [1ms]
2023-12-18 23:09:23.528 [info] > git status -z -uall [11ms]
2023-12-18 23:09:51.031 [info] > git config --get commit.template [5ms]
2023-12-18 23:09:51.032 [info] > git for-each-ref --format=%(refname)%00%(upstream:short)%00%(objectname)%00%(upstream:track)%00%(upstream:remotename)%00%(upstream:remoteref) refs/heads/main refs/remotes/main [1ms]
2023-12-18 23:09:51.046 [info] > git status -z -uall [10ms]
2023-12-18 23:10:00.458 [info] > git config --get commit.template [5ms]
2023-12-18 23:10:00.459 [info] > git for-each-ref --format=%(refname)%00%(upstream:short)%00%(objectname)%00%(upstream:track)%00%(upstream:remotename)%00%(upstream:remoteref) refs/heads/main refs/remotes/main [1ms]
2023-12-18 23:10:00.473 [info] > git status -z -uall [9ms]
2023-12-18 23:10:34.491 [info] > git config --get commit.template [11ms]
2023-12-18 23:10:34.491 [info] > git for-each-ref --format=%(refname)%00%(upstream:short)%00%(objectname)%00%(upstream:track)%00%(upstream:remotename)%00%(upstream:remoteref) refs/heads/main refs/remotes/main [1ms]
2023-12-18 23:10:34.513 [info] > git status -z -uall [15ms]
2023-12-18 23:11:03.714 [info] > git config --get commit.template [3ms]
2023-12-18 23:11:03.722 [info] > git for-each-ref --format=%(refname)%00%(upstream:short)%00%(objectname)%00%(upstream:track)%00%(upstream:remotename)%00%(upstream:remoteref) refs/heads/main refs/remotes/main [1ms]
2023-12-18 23:11:03.744 [info] > git status -z -uall [13ms]
2023-12-18 23:12:05.211 [info] > git config --get commit.template [7ms]
2023-12-18 23:12:05.211 [info] > git for-each-ref --format=%(refname)%00%(upstream:short)%00%(objectname)%00%(upstream:track)%00%(upstream:remotename)%00%(upstream:remoteref) refs/heads/main refs/remotes/main [0ms]
2023-12-18 23:12:05.228 [info] > git status -z -uall [11ms]
2023-12-18 23:12:24.418 [info] > git config --get commit.template [10ms]
2023-12-18 23:12:24.419 [info] > git for-each-ref --format=%(refname)%00%(upstream:short)%00%(objectname)%00%(upstream:track)%00%(upstream:remotename)%00%(upstream:remoteref) refs/heads/main refs/remotes/main [2ms]
2023-12-18 23:12:24.448 [info] > git status -z -uall [18ms]
2023-12-18 23:12:29.463 [info] > git config --get commit.template [5ms]
2023-12-18 23:12:29.464 [info] > git for-each-ref --format=%(refname)%00%(upstream:short)%00%(objectname)%00%(upstream:track)%00%(upstream:remotename)%00%(upstream:remoteref) refs/heads/main refs/remotes/main [1ms]
2023-12-18 23:12:29.481 [info] > git status -z -uall [10ms]
2023-12-18 23:13:16.188 [info] > git config --get commit.template [5ms]
2023-12-18 23:13:16.188 [info] > git for-each-ref --format=%(refname)%00%(upstream:short)%00%(objectname)%00%(upstream:track)%00%(upstream:remotename)%00%(upstream:remoteref) refs/heads/main refs/remotes/main [1ms]
2023-12-18 23:13:16.204 [info] > git ls-files --stage -- /home/mihalic2040/work/Rosa-Desktop/frontend/src/itemkit/Chat.tsx [1ms]
2023-12-18 23:13:16.213 [info] > git status -z -uall [18ms]
2023-12-18 23:13:16.219 [info] > git cat-file -s 41048a1ee5fbeeac15f8beea5ee0f62240d77c52 [6ms]
2023-12-18 23:13:16.238 [info] > git show --textconv :frontend/src/itemkit/Chat.tsx [2ms]
2023-12-18 23:13:21.228 [info] > git config --get commit.template [5ms]
2023-12-18 23:13:21.229 [info] > git for-each-ref --format=%(refname)%00%(upstream:short)%00%(objectname)%00%(upstream:track)%00%(upstream:remotename)%00%(upstream:remoteref) refs/heads/main refs/remotes/main [1ms]
2023-12-18 23:13:21.245 [info] > git status -z -uall [10ms]
2023-12-18 23:13:35.880 [info] > git config --get commit.template [9ms]
2023-12-18 23:13:35.881 [info] > git for-each-ref --format=%(refname)%00%(upstream:short)%00%(objectname)%00%(upstream:track)%00%(upstream:remotename)%00%(upstream:remoteref) refs/heads/main refs/remotes/main [2ms]
2023-12-18 23:13:35.903 [info] > git status -z -uall [14ms]
2023-12-18 23:13:40.919 [info] > git config --get commit.template [6ms]
2023-12-18 23:13:40.920 [info] > git for-each-ref --format=%(refname)%00%(upstream:short)%00%(objectname)%00%(upstream:track)%00%(upstream:remotename)%00%(upstream:remoteref) refs/heads/main refs/remotes/main [1ms]
2023-12-18 23:13:40.934 [info] > git status -z -uall [9ms]
2023-12-18 23:14:43.531 [info] > git config --get commit.template [7ms]
2023-12-18 23:14:43.531 [info] > git for-each-ref --format=%(refname)%00%(upstream:short)%00%(objectname)%00%(upstream:track)%00%(upstream:remotename)%00%(upstream:remoteref) refs/heads/main refs/remotes/main [1ms]
2023-12-18 23:14:43.554 [info] > git status -z -uall [16ms]
2023-12-18 23:15:38.094 [info] > git config --get commit.template [7ms]
2023-12-18 23:15:38.095 [info] > git for-each-ref --format=%(refname)%00%(upstream:short)%00%(objectname)%00%(upstream:track)%00%(upstream:remotename)%00%(upstream:remoteref) refs/heads/main refs/remotes/main [1ms]
2023-12-18 23:15:38.116 [info] > git status -z -uall [15ms]
2023-12-18 23:16:22.122 [info] > git config --get commit.template [2ms]
2023-12-18 23:16:22.133 [info] > git for-each-ref --format=%(refname)%00%(upstream:short)%00%(objectname)%00%(upstream:track)%00%(upstream:remotename)%00%(upstream:remoteref) refs/heads/main refs/remotes/main [4ms]
2023-12-18 23:16:22.159 [info] > git status -z -uall [17ms]
2023-12-18 23:20:04.366 [info] > git config --get commit.template [5ms]
2023-12-18 23:20:04.367 [info] > git for-each-ref --format=%(refname)%00%(upstream:short)%00%(objectname)%00%(upstream:track)%00%(upstream:remotename)%00%(upstream:remoteref) refs/heads/main refs/remotes/main [1ms]
2023-12-18 23:20:04.383 [info] > git status -z -uall [11ms]
2023-12-18 23:20:14.897 [info] > git config --get commit.template [7ms]
2023-12-18 23:20:14.898 [info] > git for-each-ref --format=%(refname)%00%(upstream:short)%00%(objectname)%00%(upstream:track)%00%(upstream:remotename)%00%(upstream:remoteref) refs/heads/main refs/remotes/main [1ms]
2023-12-18 23:20:14.913 [info] > git status -z -uall [9ms]
2023-12-18 23:20:33.503 [info] > git config --get commit.template [10ms]
2023-12-18 23:20:33.505 [info] > git for-each-ref --format=%(refname)%00%(upstream:short)%00%(objectname)%00%(upstream:track)%00%(upstream:remotename)%00%(upstream:remoteref) refs/heads/main refs/remotes/main [1ms]
2023-12-18 23:20:33.531 [info] > git status -z -uall [15ms]
2023-12-18 23:21:07.655 [info] > git for-each-ref --format=%(refname)%00%(upstream:short)%00%(objectname)%00%(upstream:track)%00%(upstream:remotename)%00%(upstream:remoteref) refs/heads/main refs/remotes/main [4ms]
2023-12-18 23:21:07.655 [info] > git config --get commit.template [14ms]
2023-12-18 23:21:07.674 [info] > git status -z -uall [12ms]
2023-12-18 23:22:51.143 [info] > git show --textconv :src/MsgManager.go [6ms]
2023-12-18 23:22:51.144 [info] > git ls-files --stage -- /home/mihalic2040/work/Rosa-Desktop/src/MsgManager.go [1ms]
2023-12-18 23:22:51.152 [info] > git cat-file -s 3d705b79f99200d6c7585909717ab4c9cca96cc4 [2ms]
2023-12-18 23:23:45.859 [info] > git config --get commit.template [7ms]
2023-12-18 23:23:45.860 [info] > git for-each-ref --format=%(refname)%00%(upstream:short)%00%(objectname)%00%(upstream:track)%00%(upstream:remotename)%00%(upstream:remoteref) refs/heads/main refs/remotes/main [1ms]
2023-12-18 23:23:45.879 [info] > git status -z -uall [13ms]
2023-12-18 23:25:07.325 [info] > git config --get commit.template [1ms]
2023-12-18 23:25:07.341 [info] > git ls-files --stage -- /home/mihalic2040/work/Rosa-Desktop/src/MsgManager.go [9ms]
2023-12-18 23:25:07.349 [info] > git for-each-ref --format=%(refname)%00%(upstream:short)%00%(objectname)%00%(upstream:track)%00%(upstream:remotename)%00%(upstream:remoteref) refs/heads/main refs/remotes/main [8ms]
2023-12-18 23:25:07.349 [info] > git cat-file -s 3d705b79f99200d6c7585909717ab4c9cca96cc4 [1ms]
2023-12-18 23:25:07.369 [info] > git show --textconv :src/MsgManager.go [2ms]
2023-12-18 23:25:07.375 [info] > git status -z -uall [18ms]
2023-12-18 23:25:53.355 [info] > git for-each-ref --format=%(refname)%00%(upstream:short)%00%(objectname)%00%(upstream:track)%00%(upstream:remotename)%00%(upstream:remoteref) refs/heads/main refs/remotes/main [6ms]
2023-12-18 23:25:53.355 [info] > git config --get commit.template [16ms]
2023-12-18 23:25:53.394 [info] > git status -z -uall [15ms]
2023-12-18 23:25:53.521 [info] > git show --textconv :frontend/src/itemkit/Chat.tsx [7ms]
2023-12-18 23:25:53.522 [info] > git ls-files --stage -- /home/mihalic2040/work/Rosa-Desktop/frontend/src/itemkit/Chat.tsx [2ms]
2023-12-18 23:25:53.528 [info] > git cat-file -s 41048a1ee5fbeeac15f8beea5ee0f62240d77c52 [1ms]
2023-12-18 23:26:08.713 [info] > git config --get commit.template [1ms]
2023-12-18 23:26:08.720 [info] > git for-each-ref --format=%(refname)%00%(upstream:short)%00%(objectname)%00%(upstream:track)%00%(upstream:remotename)%00%(upstream:remoteref) refs/heads/main refs/remotes/main [1ms]
2023-12-18 23:26:08.738 [info] > git status -z -uall [11ms]
2023-12-18 23:26:14.015 [info] > git config --get commit.template [0ms]
2023-12-18 23:26:14.024 [info] > git for-each-ref --format=%(refname)%00%(upstream:short)%00%(objectname)%00%(upstream:track)%00%(upstream:remotename)%00%(upstream:remoteref) refs/heads/main refs/remotes/main [1ms]
2023-12-18 23:26:14.045 [info] > git status -z -uall [11ms]
2023-12-18 23:26:22.220 [info] > git config --get commit.template [2ms]
2023-12-18 23:26:22.228 [info] > git for-each-ref --format=%(refname)%00%(upstream:short)%00%(objectname)%00%(upstream:track)%00%(upstream:remotename)%00%(upstream:remoteref) refs/heads/main refs/remotes/main [1ms]
2023-12-18 23:26:22.252 [info] > git status -z -uall [14ms]
2023-12-18 23:26:53.620 [info] > git show --textconv :src/MsgManager.go [7ms]
2023-12-18 23:26:53.621 [info] > git ls-files --stage -- /home/mihalic2040/work/Rosa-Desktop/src/MsgManager.go [2ms]
2023-12-18 23:26:53.627 [info] > git cat-file -s 3d705b79f99200d6c7585909717ab4c9cca96cc4 [1ms]
2023-12-18 23:27:24.271 [info] > git config --get commit.template [6ms]
2023-12-18 23:27:24.271 [info] > git for-each-ref --format=%(refname)%00%(upstream:short)%00%(objectname)%00%(upstream:track)%00%(upstream:remotename)%00%(upstream:remoteref) refs/heads/main refs/remotes/main [0ms]
2023-12-18 23:27:24.292 [info] > git status -z -uall [15ms]
2023-12-18 23:27:24.296 [info] > git ls-files --stage -- /home/mihalic2040/work/Rosa-Desktop/src/MsgManager.go [5ms]
2023-12-18 23:27:24.308 [info] > git cat-file -s 3d705b79f99200d6c7585909717ab4c9cca96cc4 [2ms]
2023-12-18 23:27:24.318 [info] > git show --textconv :src/MsgManager.go [2ms]
2023-12-18 23:27:26.807 [info] > git show --textconv :frontend/src/index.css [6ms]
2023-12-18 23:27:26.808 [info] > git ls-files --stage -- /home/mihalic2040/work/Rosa-Desktop/frontend/src/index.css [2ms]
2023-12-18 23:27:26.814 [info] > git cat-file -s ddfb1f524673cea0a3569c259603f53f43c1a229 [1ms]
2023-12-18 23:27:28.481 [info] > git show --textconv :frontend/src/Router.tsx [6ms]
2023-12-18 23:27:28.483 [info] > git ls-files --stage -- /home/mihalic2040/work/Rosa-Desktop/frontend/src/Router.tsx [1ms]
2023-12-18 23:27:28.489 [info] > git cat-file -s e898ac9b9952fef4077e199f229952472f93f8aa [1ms]
2023-12-18 23:27:29.309 [info] > git config --get commit.template [6ms]
2023-12-18 23:27:29.309 [info] > git for-each-ref --format=%(refname)%00%(upstream:short)%00%(objectname)%00%(upstream:track)%00%(upstream:remotename)%00%(upstream:remoteref) refs/heads/main refs/remotes/main [1ms]
2023-12-18 23:27:29.328 [info] > git status -z -uall [10ms]
2023-12-18 23:27:29.401 [info] > git show --textconv :frontend/src/itemkit/Chat.tsx [6ms]
2023-12-18 23:27:29.402 [info] > git ls-files --stage -- /home/mihalic2040/work/Rosa-Desktop/frontend/src/itemkit/Chat.tsx [2ms]
2023-12-18 23:27:29.408 [info] > git cat-file -s 41048a1ee5fbeeac15f8beea5ee0f62240d77c52 [1ms]
2023-12-18 23:28:05.615 [info] > git config --get commit.template [6ms]
2023-12-18 23:28:05.632 [info] > git for-each-ref --format=%(refname)%00%(upstream:short)%00%(objectname)%00%(upstream:track)%00%(upstream:remotename)%00%(upstream:remoteref) refs/heads/main refs/remotes/main [1ms]
2023-12-18 23:28:05.658 [info] > git status -z -uall [16ms]
2023-12-18 23:28:56.155 [info] > git config --get commit.template [10ms]
2023-12-18 23:28:56.156 [info] > git for-each-ref --format=%(refname)%00%(upstream:short)%00%(objectname)%00%(upstream:track)%00%(upstream:remotename)%00%(upstream:remoteref) refs/heads/main refs/remotes/main [2ms]
2023-12-18 23:28:56.187 [info] > git status -z -uall [18ms]
2023-12-18 23:28:56.187 [info] > git ls-files --stage -- /home/mihalic2040/work/Rosa-Desktop/frontend/src/itemkit/Chat.tsx [4ms]
2023-12-18 23:28:56.203 [info] > git cat-file -s 41048a1ee5fbeeac15f8beea5ee0f62240d77c52 [6ms]
2023-12-18 23:28:56.218 [info] > git show --textconv :frontend/src/itemkit/Chat.tsx [4ms]
2023-12-18 23:29:26.581 [info] > git config --get commit.template [7ms]
2023-12-18 23:29:26.581 [info] > git for-each-ref --format=%(refname)%00%(upstream:short)%00%(objectname)%00%(upstream:track)%00%(upstream:remotename)%00%(upstream:remoteref) refs/heads/main refs/remotes/main [1ms]
2023-12-18 23:29:26.597 [info] > git status -z -uall [10ms]
2023-12-18 23:29:31.616 [info] > git config --get commit.template [8ms]
2023-12-18 23:29:31.616 [info] > git for-each-ref --format=%(refname)%00%(upstream:short)%00%(objectname)%00%(upstream:track)%00%(upstream:remotename)%00%(upstream:remoteref) refs/heads/main refs/remotes/main [1ms]
2023-12-18 23:29:31.633 [info] > git status -z -uall [11ms]
2023-12-18 23:30:36.717 [info] > git config --get commit.template [1ms]
2023-12-18 23:30:36.734 [info] > git for-each-ref --format=%(refname)%00%(upstream:short)%00%(objectname)%00%(upstream:track)%00%(upstream:remotename)%00%(upstream:remoteref) refs/heads/main refs/remotes/main [3ms]
2023-12-18 23:30:36.760 [info] > git status -z -uall [18ms]
2023-12-18 23:30:41.773 [info] > git config --get commit.template [1ms]
2023-12-18 23:30:41.780 [info] > git for-each-ref --format=%(refname)%00%(upstream:short)%00%(objectname)%00%(upstream:track)%00%(upstream:remotename)%00%(upstream:remoteref) refs/heads/main refs/remotes/main [1ms]
2023-12-18 23:30:41.795 [info] > git status -z -uall [10ms]
2023-12-18 23:31:11.679 [info] > git config --get commit.template [12ms]
2023-12-18 23:31:11.680 [info] > git for-each-ref --format=%(refname)%00%(upstream:short)%00%(objectname)%00%(upstream:track)%00%(upstream:remotename)%00%(upstream:remoteref) refs/heads/main refs/remotes/main [2ms]
2023-12-18 23:31:11.710 [info] > git status -z -uall [18ms]
2023-12-18 23:31:41.985 [info] > git config --get commit.template [9ms]
2023-12-18 23:31:41.985 [info] > git for-each-ref --format=%(refname)%00%(upstream:short)%00%(objectname)%00%(upstream:track)%00%(upstream:remotename)%00%(upstream:remoteref) refs/heads/main refs/remotes/main [1ms]
2023-12-18 23:31:42.004 [info] > git status -z -uall [12ms]
2023-12-18 23:41:37.037 [info] > git config --get commit.template [2ms]
2023-12-18 23:41:37.044 [info] > git for-each-ref --format=%(refname)%00%(upstream:short)%00%(objectname)%00%(upstream:track)%00%(upstream:remotename)%00%(upstream:remoteref) refs/heads/main refs/remotes/main [1ms]
2023-12-18 23:41:37.062 [info] > git status -z -uall [12ms]
2023-12-18 23:41:42.078 [info] > git config --get commit.template [7ms]
2023-12-18 23:41:42.078 [info] > git for-each-ref --format=%(refname)%00%(upstream:short)%00%(objectname)%00%(upstream:track)%00%(upstream:remotename)%00%(upstream:remoteref) refs/heads/main refs/remotes/main [1ms]
2023-12-18 23:41:42.095 [info] > git status -z -uall [10ms]
2023-12-18 23:44:47.832 [info] > git config --get commit.template [8ms]
2023-12-18 23:44:47.832 [info] > git for-each-ref --format=%(refname)%00%(upstream:short)%00%(objectname)%00%(upstream:track)%00%(upstream:remotename)%00%(upstream:remoteref) refs/heads/main refs/remotes/main [1ms]
2023-12-18 23:44:47.856 [info] > git status -z -uall [16ms]
2023-12-18 23:44:47.861 [info] > git ls-files --stage -- /home/mihalic2040/work/Rosa-Desktop/frontend/src/itemkit/Chat.tsx [7ms]
2023-12-18 23:44:47.870 [info] > git cat-file -s 41048a1ee5fbeeac15f8beea5ee0f62240d77c52 [2ms]
2023-12-18 23:44:47.883 [info] > git show --textconv :frontend/src/itemkit/Chat.tsx [1ms]
2023-12-18 23:44:49.317 [info] > git show --textconv :src/MsgManager.go [11ms]
2023-12-18 23:44:49.318 [info] > git ls-files --stage -- /home/mihalic2040/work/Rosa-Desktop/src/MsgManager.go [2ms]
2023-12-18 23:44:49.323 [info] > git cat-file -s 3d705b79f99200d6c7585909717ab4c9cca96cc4 [0ms]
2023-12-18 23:44:51.525 [info] > git show --textconv :frontend/src/pages/Login.tsx [6ms]
2023-12-18 23:44:51.526 [info] > git ls-files --stage -- /home/mihalic2040/work/Rosa-Desktop/frontend/src/pages/Login.tsx [1ms]
2023-12-18 23:44:51.533 [info] > git cat-file -s 7b97e6d19747b49671488b513b591a9ac656c085 [1ms]
2023-12-18 23:44:52.753 [info] > git show --textconv :frontend/src/Router.tsx [6ms]
2023-12-18 23:44:52.754 [info] > git ls-files --stage -- /home/mihalic2040/work/Rosa-Desktop/frontend/src/Router.tsx [2ms]
2023-12-18 23:44:52.760 [info] > git cat-file -s e898ac9b9952fef4077e199f229952472f93f8aa [0ms]
2023-12-18 23:44:52.872 [info] > git config --get commit.template [6ms]
2023-12-18 23:44:52.872 [info] > git for-each-ref --format=%(refname)%00%(upstream:short)%00%(objectname)%00%(upstream:track)%00%(upstream:remotename)%00%(upstream:remoteref) refs/heads/main refs/remotes/main [1ms]
2023-12-18 23:44:52.890 [info] > git status -z -uall [12ms]
2023-12-18 23:46:08.709 [info] > git config --get commit.template [1ms]
2023-12-18 23:46:08.722 [info] > git ls-files --stage -- /home/mihalic2040/work/Rosa-Desktop/frontend/src/Router.tsx [1ms]
2023-12-18 23:46:08.741 [info] > git for-each-ref --format=%(refname)%00%(upstream:short)%00%(objectname)%00%(upstream:track)%00%(upstream:remotename)%00%(upstream:remoteref) refs/heads/main refs/remotes/main [4ms]
2023-12-18 23:46:08.741 [info] > git cat-file -s e898ac9b9952fef4077e199f229952472f93f8aa [11ms]
2023-12-18 23:46:08.776 [info] > git show --textconv :frontend/src/Router.tsx [10ms]
2023-12-18 23:46:08.790 [info] > git status -z -uall [15ms]
2023-12-18 23:46:13.810 [info] > git config --get commit.template [8ms]
2023-12-18 23:46:13.810 [info] > git for-each-ref --format=%(refname)%00%(upstream:short)%00%(objectname)%00%(upstream:track)%00%(upstream:remotename)%00%(upstream:remoteref) refs/heads/main refs/remotes/main [1ms]
2023-12-18 23:46:13.827 [info] > git status -z -uall [11ms]
2023-12-18 23:46:19.002 [info] > git config --get commit.template [7ms]
2023-12-18 23:46:19.002 [info] > git for-each-ref --format=%(refname)%00%(upstream:short)%00%(objectname)%00%(upstream:track)%00%(upstream:remotename)%00%(upstream:remoteref) refs/heads/main refs/remotes/main [1ms]
2023-12-18 23:46:19.024 [info] > git status -z -uall [13ms]
2023-12-18 23:46:25.672 [info] > git show --textconv :frontend/src/itemkit/Chat.tsx [5ms]
2023-12-18 23:46:25.673 [info] > git ls-files --stage -- /home/mihalic2040/work/Rosa-Desktop/frontend/src/itemkit/Chat.tsx [1ms]
2023-12-18 23:46:25.679 [info] > git cat-file -s 41048a1ee5fbeeac15f8beea5ee0f62240d77c52 [1ms]
2023-12-18 23:46:54.198 [info] > git show --textconv :src/MsgManager.go [7ms]
2023-12-18 23:46:54.199 [info] > git ls-files --stage -- /home/mihalic2040/work/Rosa-Desktop/src/MsgManager.go [1ms]
2023-12-18 23:46:54.206 [info] > git cat-file -s 3d705b79f99200d6c7585909717ab4c9cca96cc4 [1ms]
2023-12-18 23:46:55.145 [info] > git show --textconv :frontend/src/itemkit/Chat.tsx [7ms]
2023-12-18 23:46:55.158 [info] > git show --textconv :src/MsgManager.go [7ms]
2023-12-18 23:46:55.159 [info] > git ls-files --stage -- /home/mihalic2040/work/Rosa-Desktop/frontend/src/itemkit/Chat.tsx [14ms]
2023-12-18 23:46:55.166 [info] > git ls-files --stage -- /home/mihalic2040/work/Rosa-Desktop/src/MsgManager.go [9ms]
2023-12-18 23:46:55.172 [info] > git cat-file -s 41048a1ee5fbeeac15f8beea5ee0f62240d77c52 [7ms]
2023-12-18 23:46:55.173 [info] > git cat-file -s 3d705b79f99200d6c7585909717ab4c9cca96cc4 [1ms]
2023-12-18 23:47:02.754 [info] > git show --textconv :src/DbManager.go [7ms]
2023-12-18 23:47:02.756 [info] > git ls-files --stage -- /home/mihalic2040/work/Rosa-Desktop/src/DbManager.go [2ms]
2023-12-18 23:47:02.762 [info] > git cat-file -s 4dbfb2db20701f5facf6067fd43f37d50a9deddb [0ms]
2023-12-18 23:47:05.094 [info] > git show --textconv :frontend/src/itemkit/Chat.tsx [6ms]
2023-12-18 23:47:05.108 [info] > git show --textconv :src/DbManager.go [8ms]
2023-12-18 23:47:05.109 [info] > git ls-files --stage -- /home/mihalic2040/work/Rosa-Desktop/frontend/src/itemkit/Chat.tsx [16ms]
2023-12-18 23:47:05.115 [info] > git ls-files --stage -- /home/mihalic2040/work/Rosa-Desktop/src/DbManager.go [7ms]
2023-12-18 23:47:05.121 [info] > git cat-file -s 41048a1ee5fbeeac15f8beea5ee0f62240d77c52 [7ms]
2023-12-18 23:47:05.122 [info] > git cat-file -s 4dbfb2db20701f5facf6067fd43f37d50a9deddb [2ms]
2023-12-18 23:47:09.596 [info] > git config --get commit.template [1ms]
2023-12-18 23:47:09.610 [info] > git for-each-ref --format=%(refname)%00%(upstream:short)%00%(objectname)%00%(upstream:track)%00%(upstream:remotename)%00%(upstream:remoteref) refs/heads/main refs/remotes/main [1ms]
2023-12-18 23:47:09.634 [info] > git status -z -uall [17ms]
2023-12-18 23:47:09.694 [info] > git ls-files --stage -- /home/mihalic2040/work/Rosa-Desktop/frontend/src/itemkit/Chat.tsx [6ms]
2023-12-18 23:47:09.700 [info] > git ls-files --stage -- /home/mihalic2040/work/Rosa-Desktop/src/DbManager.go [6ms]
2023-12-18 23:47:09.708 [info] > git cat-file -s 41048a1ee5fbeeac15f8beea5ee0f62240d77c52 [7ms]
2023-12-18 23:47:09.708 [info] > git cat-file -s 4dbfb2db20701f5facf6067fd43f37d50a9deddb [1ms]
2023-12-18 23:47:09.721 [info] > git show --textconv :frontend/src/itemkit/Chat.tsx [7ms]
2023-12-18 23:47:09.723 [info] > git show --textconv :src/DbManager.go [2ms]
2023-12-18 23:47:11.503 [info] > git ls-files --stage -- /home/mihalic2040/work/Rosa-Desktop/frontend/src/itemkit/Chat.tsx [6ms]
2023-12-18 23:47:11.509 [info] > git ls-files --stage -- /home/mihalic2040/work/Rosa-Desktop/src/DbManager.go [7ms]
2023-12-18 23:47:11.518 [info] > git cat-file -s 41048a1ee5fbeeac15f8beea5ee0f62240d77c52 [10ms]
2023-12-18 23:47:11.519 [info] > git cat-file -s 4dbfb2db20701f5facf6067fd43f37d50a9deddb [1ms]
2023-12-18 23:47:11.530 [info] > git show --textconv :frontend/src/itemkit/Chat.tsx [6ms]
2023-12-18 23:47:11.531 [info] > git show --textconv :src/DbManager.go [2ms]
2023-12-18 23:47:14.656 [info] > git config --get commit.template [7ms]
2023-12-18 23:47:14.657 [info] > git for-each-ref --format=%(refname)%00%(upstream:short)%00%(objectname)%00%(upstream:track)%00%(upstream:remotename)%00%(upstream:remoteref) refs/heads/main refs/remotes/main [1ms]
2023-12-18 23:47:14.673 [info] > git status -z -uall [11ms]
2023-12-18 23:47:19.692 [info] > git config --get commit.template [6ms]
2023-12-18 23:47:19.692 [info] > git for-each-ref --format=%(refname)%00%(upstream:short)%00%(objectname)%00%(upstream:track)%00%(upstream:remotename)%00%(upstream:remoteref) refs/heads/main refs/remotes/main [1ms]
2023-12-18 23:47:19.707 [info] > git status -z -uall [10ms]
