2023-12-21 21:36:20.031 [info] Log level: Info
2023-12-21 21:36:20.031 [info] Validating found git in: "git"
2023-12-21 21:36:20.031 [info] Using git "2.43.0" from "git"
2023-12-21 21:36:20.031 [info] > git rev-parse --show-toplevel [2ms]
2023-12-21 21:36:20.031 [info] fatal: not a git repository (or any of the parent directories): .git
2023-12-21 21:36:20.119 [info] > git rev-parse --show-toplevel [4ms]
2023-12-21 21:36:20.119 [info] fatal: not a git repository (or any of the parent directories): .git
2023-12-21 21:36:20.323 [info] > git rev-parse --show-toplevel [1ms]
2023-12-21 21:36:20.323 [info] fatal: not a git repository (or any of the parent directories): .git
2023-12-21 21:37:24.890 [info] > git rev-parse --show-toplevel [1ms]
2023-12-21 21:37:24.890 [info] fatal: not a git repository (or any of the parent directories): .git
2023-12-21 21:40:13.367 [info] > git rev-parse --show-toplevel [10ms]
2023-12-21 21:40:13.367 [info] fatal: not a git repository (or any of the parent directories): .git
2023-12-21 21:40:14.094 [info] > git rev-parse --show-toplevel [2ms]
2023-12-21 21:40:14.094 [info] fatal: not a git repository (or any of the parent directories): .git
2023-12-21 21:40:14.205 [info] > git rev-parse --show-toplevel [1ms]
2023-12-21 21:40:14.205 [info] fatal: not a git repository (or any of the parent directories): .git
2023-12-21 21:40:14.897 [info] > git rev-parse --show-toplevel [1ms]
2023-12-21 21:40:14.897 [info] fatal: not a git repository (or any of the parent directories): .git
2023-12-21 21:40:15.040 [info] > git rev-parse --show-toplevel [2ms]
2023-12-21 21:40:15.040 [info] fatal: not a git repository (or any of the parent directories): .git
2023-12-21 21:40:55.400 [info] > git rev-parse --show-toplevel [1ms]
2023-12-21 21:40:55.400 [info] fatal: not a git repository (or any of the parent directories): .git
2023-12-21 21:40:56.881 [info] > git rev-parse --show-toplevel [1ms]
2023-12-21 21:40:56.881 [info] fatal: not a git repository (or any of the parent directories): .git
2023-12-21 21:41:04.159 [info] > git rev-parse --show-toplevel [1ms]
2023-12-21 21:41:04.159 [info] fatal: not a git repository (or any of the parent directories): .git
2023-12-21 21:41:04.257 [info] > git rev-parse --show-toplevel [2ms]
2023-12-21 21:41:04.257 [info] fatal: not a git repository (or any of the parent directories): .git
2023-12-21 21:41:31.385 [info] > git rev-parse --show-toplevel [1ms]
2023-12-21 21:41:31.385 [info] fatal: not a git repository (or any of the parent directories): .git
2023-12-21 21:43:51.952 [info] > git rev-parse --show-toplevel [2ms]
2023-12-21 21:43:51.952 [info] fatal: not a git repository (or any of the parent directories): .git
2023-12-21 21:43:52.282 [info] > git rev-parse --show-toplevel [1ms]
2023-12-21 21:43:52.282 [info] fatal: not a git repository (or any of the parent directories): .git
2023-12-21 21:44:15.942 [info] > git rev-parse --show-toplevel [1ms]
2023-12-21 21:44:15.942 [info] fatal: not a git repository (or any of the parent directories): .git
