2023-12-18 22:52:20.641 [info] Configuration changed
2023-12-18 22:52:20.839 [info] Configuration changed
2023-12-18 22:52:23.672 [info] /home/mihalic2040/.config/Code/User/settings.json closed
2023-12-18 22:52:23.688 [info] Configuration changed
2023-12-18 22:52:23.765 [info] /home/mihalic2040/.config/Code/User/settings.json closed
2023-12-18 22:52:23.781 [info] Configuration changed
2023-12-18 22:52:23.882 [info] /home/mihalic2040/.config/Code/User/settings.json closed
2023-12-18 22:52:23.894 [info] Configuration changed
2023-12-18 22:52:26.952 [info] Active editor: file:///home/mihalic2040/work/Rosa-Desktop/frontend/src/itemkit/Chat.tsx
2023-12-18 22:52:30.212 [info] /home/mihalic2040/work/Rosa-Desktop/frontend/node_modules/@types/react/index.d.ts closed
2023-12-18 22:52:32.633 [info] /home/mihalic2040/.config/Code/User/settings.json closed
2023-12-18 22:52:32.653 [info] Configuration changed
2023-12-18 22:52:33.308 [info] /home/mihalic2040/.config/Code/User/settings.json closed
2023-12-18 22:52:33.323 [info] Configuration changed
2023-12-18 22:52:58.227 [info] /home/mihalic2040/work/Rosa-Desktop/frontend/src/itemkit/Chat.tsx closed
2023-12-18 22:52:58.244 [info] Active editor: file:///home/mihalic2040/work/Rosa-Desktop/frontend/src/pages/Login.tsx
2023-12-18 22:52:58.275 [info] /home/mihalic2040/work/Rosa-Desktop/frontend/src/itemkit/Chat.tsx.git closed
2023-12-18 22:53:40.230 [info] Active editor: file:///home/mihalic2040/work/Rosa-Desktop/frontend/src/itemkit/Chat.tsx
2023-12-18 22:53:40.256 [info] /home/mihalic2040/work/Rosa-Desktop/frontend/src/pages/Login.tsx.git closed
2023-12-18 22:53:54.738 [info] /home/mihalic2040/work/Rosa-Desktop/frontend/src/itemkit/Chat.tsx closed
2023-12-18 22:53:54.756 [info] Active editor: file:///home/mihalic2040/work/Rosa-Desktop/frontend/src/pages/RightBar.tsx
2023-12-18 22:53:54.822 [info] /home/mihalic2040/work/Rosa-Desktop/frontend/src/itemkit/Chat.tsx.git closed
2023-12-18 22:54:11.289 [info] Active editor: file:///home/mihalic2040/work/Rosa-Desktop/frontend/src/index.css
2023-12-18 22:54:11.295 [info] /home/mihalic2040/work/Rosa-Desktop/frontend/src/pages/RightBar.tsx.git closed
2023-12-18 22:55:16.464 [info] Active editor: file:///home/mihalic2040/work/Rosa-Desktop/frontend/src/pages/RightBar.tsx
2023-12-18 22:55:16.477 [info] /home/mihalic2040/work/Rosa-Desktop/frontend/src/index.css.git closed
2023-12-18 22:55:17.891 [info] Active editor: file:///home/mihalic2040/work/Rosa-Desktop/frontend/src/index.css
2023-12-18 22:55:17.902 [info] /home/mihalic2040/work/Rosa-Desktop/frontend/src/pages/RightBar.tsx.git closed
2023-12-18 22:55:19.031 [info] Active editor: file:///home/mihalic2040/work/Rosa-Desktop/frontend/src/pages/RightBar.tsx
2023-12-18 22:55:19.045 [info] /home/mihalic2040/work/Rosa-Desktop/frontend/src/index.css.git closed
2023-12-18 22:56:00.873 [info] Active editor: file:///home/mihalic2040/work/Rosa-Desktop/frontend/src/index.css
2023-12-18 22:56:00.884 [info] /home/mihalic2040/work/Rosa-Desktop/frontend/src/pages/RightBar.tsx.git closed
2023-12-18 23:00:25.152 [info] Active editor: file:///home/mihalic2040/work/Rosa-Desktop/frontend/src/pages/Home.tsx
2023-12-18 23:00:25.181 [info] /home/mihalic2040/work/Rosa-Desktop/frontend/src/index.css.git closed
2023-12-18 23:00:36.999 [info] /home/mihalic2040/work/Rosa-Desktop/frontend/src/pages/Home.tsx closed
2023-12-18 23:00:37.018 [info] Active editor: file:///home/mihalic2040/work/Rosa-Desktop/frontend/src/main.tsx
2023-12-18 23:00:37.029 [info] /home/mihalic2040/work/Rosa-Desktop/frontend/src/pages/Home.tsx.git closed
2023-12-18 23:00:39.237 [info] /home/mihalic2040/work/Rosa-Desktop/frontend/src/main.tsx closed
2023-12-18 23:00:39.260 [info] Active editor: file:///home/mihalic2040/work/Rosa-Desktop/frontend/src/pages/Home.tsx
2023-12-18 23:00:39.273 [info] /home/mihalic2040/work/Rosa-Desktop/frontend/src/main.tsx.git closed
2023-12-18 23:00:40.737 [info] Active editor: file:///home/mihalic2040/work/Rosa-Desktop/frontend/src/pages/Login.tsx
2023-12-18 23:00:40.749 [info] /home/mihalic2040/work/Rosa-Desktop/frontend/src/pages/Home.tsx.git closed
2023-12-18 23:00:41.455 [info] Active editor: file:///home/mihalic2040/work/Rosa-Desktop/frontend/src/pages/RightBar.tsx
2023-12-18 23:00:41.470 [info] /home/mihalic2040/work/Rosa-Desktop/frontend/src/pages/Login.tsx.git closed
2023-12-18 23:00:47.563 [info] /home/mihalic2040/work/Rosa-Desktop/frontend/src/pages/Home.tsx closed
2023-12-18 23:00:47.575 [info] Active editor: file:///home/mihalic2040/work/Rosa-Desktop/src/DbManager.go
2023-12-18 23:00:47.591 [info] /home/mihalic2040/work/Rosa-Desktop/frontend/src/pages/RightBar.tsx.git closed
2023-12-18 23:00:52.200 [info] /home/mihalic2040/work/Rosa-Desktop/src/DbManager.go closed
2023-12-18 23:00:52.210 [info] Active editor: file:///home/mihalic2040/work/Rosa-Desktop/src/Profile.go
2023-12-18 23:00:52.219 [info] /home/mihalic2040/work/Rosa-Desktop/src/DbManager.go.git closed
2023-12-18 23:00:54.459 [info] /home/mihalic2040/work/Rosa-Desktop/src/Profile.go closed
2023-12-18 23:00:54.470 [info] Active editor: file:///home/mihalic2040/work/Rosa-Desktop/src/DbManager.go
2023-12-18 23:00:54.483 [info] /home/mihalic2040/work/Rosa-Desktop/src/Profile.go.git closed
2023-12-18 23:01:00.256 [info] /home/mihalic2040/work/Rosa-Desktop/src/DbManager.go closed
2023-12-18 23:01:00.267 [info] Active editor: file:///home/mihalic2040/work/Rosa-Desktop/src/MsgManager.go
2023-12-18 23:01:00.281 [info] /home/mihalic2040/work/Rosa-Desktop/src/DbManager.go.git closed
2023-12-18 23:01:07.659 [info] /home/mihalic2040/work/Rosa-Desktop/src/MsgManager.go closed
2023-12-18 23:01:07.672 [info] Active editor: file:///home/mihalic2040/work/Rosa-Desktop/src/Models.go
2023-12-18 23:01:07.682 [info] /home/mihalic2040/work/Rosa-Desktop/src/MsgManager.go.git closed
2023-12-18 23:01:10.550 [info] /home/mihalic2040/work/Rosa-Desktop/src/Models.go closed
2023-12-18 23:01:10.560 [info] Active editor: file:///home/mihalic2040/work/Rosa-Desktop/src/ProfileMgr/model.go
2023-12-18 23:01:10.570 [info] /home/mihalic2040/work/Rosa-Desktop/src/Models.go.git closed
2023-12-18 23:01:11.790 [info] /home/mihalic2040/work/Rosa-Desktop/src/ProfileMgr/model.go closed
2023-12-18 23:01:11.802 [info] Active editor: file:///home/mihalic2040/work/Rosa-Desktop/src/Models.go
2023-12-18 23:01:11.811 [info] /home/mihalic2040/work/Rosa-Desktop/src/ProfileMgr/model.go.git closed
2023-12-18 23:01:12.267 [info] /home/mihalic2040/work/Rosa-Desktop/src/Models.go closed
2023-12-18 23:01:12.278 [info] Active editor: file:///home/mihalic2040/work/Rosa-Desktop/src/DbManager.go
2023-12-18 23:01:12.289 [info] /home/mihalic2040/work/Rosa-Desktop/src/Models.go.git closed
2023-12-18 23:01:49.529 [info] /home/mihalic2040/work/Rosa-Desktop/src/DbManager.go closed
2023-12-18 23:01:49.541 [info] Active editor: file:///home/mihalic2040/work/Rosa-Desktop/frontend/src/main.tsx
2023-12-18 23:01:49.547 [info] /home/mihalic2040/work/Rosa-Desktop/src/DbManager.go.git closed
2023-12-18 23:01:55.104 [info] /home/mihalic2040/work/Rosa-Desktop/frontend/src/main.tsx closed
2023-12-18 23:01:55.119 [info] Active editor: file:///home/mihalic2040/work/Rosa-Desktop/frontend/src/Router.tsx
2023-12-18 23:01:55.130 [info] /home/mihalic2040/work/Rosa-Desktop/frontend/src/main.tsx.git closed
2023-12-18 23:01:56.468 [info] /home/mihalic2040/work/Rosa-Desktop/frontend/src/pages/RightBar.tsx closed
2023-12-18 23:07:14.563 [info] Active editor: file:///home/mihalic2040/work/Rosa-Desktop/frontend/src/pages/Login.tsx
2023-12-18 23:07:14.576 [info] /home/mihalic2040/work/Rosa-Desktop/frontend/src/Router.tsx.git closed
2023-12-18 23:07:18.715 [info] Active editor: file:///home/mihalic2040/work/Rosa-Desktop/frontend/src/itemkit/Chat.tsx
2023-12-18 23:07:18.731 [info] /home/mihalic2040/work/Rosa-Desktop/frontend/src/pages/Login.tsx.git closed
2023-12-18 23:08:56.065 [info] /opt/visual-studio-code/resources/app/extensions/node_modules/typescript/lib/lib.dom.d.ts closed
2023-12-18 23:09:17.180 [info] /home/mihalic2040/work/Rosa-Desktop/frontend/wailsjs/go/models.ts closed
2023-12-18 23:22:50.922 [info] Active editor: file:///home/mihalic2040/work/Rosa-Desktop/src/MsgManager.go
2023-12-18 23:22:50.936 [info] /home/mihalic2040/work/Rosa-Desktop/frontend/src/itemkit/Chat.tsx.git closed
2023-12-18 23:25:53.286 [info] Active editor: file:///home/mihalic2040/work/Rosa-Desktop/frontend/src/itemkit/Chat.tsx
2023-12-18 23:25:53.301 [info] /home/mihalic2040/work/Rosa-Desktop/src/MsgManager.go.git closed
2023-12-18 23:26:53.395 [info] Active editor: file:///home/mihalic2040/work/Rosa-Desktop/src/MsgManager.go
2023-12-18 23:26:53.407 [info] /home/mihalic2040/work/Rosa-Desktop/frontend/src/itemkit/Chat.tsx.git closed
2023-12-18 23:27:26.583 [info] Active editor: file:///home/mihalic2040/work/Rosa-Desktop/frontend/src/index.css
2023-12-18 23:27:26.594 [info] /home/mihalic2040/work/Rosa-Desktop/src/MsgManager.go.git closed
2023-12-18 23:27:28.257 [info] Active editor: file:///home/mihalic2040/work/Rosa-Desktop/frontend/src/Router.tsx
2023-12-18 23:27:28.271 [info] /home/mihalic2040/work/Rosa-Desktop/frontend/src/index.css.git closed
2023-12-18 23:27:29.175 [info] Active editor: file:///home/mihalic2040/work/Rosa-Desktop/frontend/src/itemkit/Chat.tsx
2023-12-18 23:27:29.189 [info] /home/mihalic2040/work/Rosa-Desktop/frontend/src/Router.tsx.git closed
2023-12-18 23:44:49.083 [info] Active editor: file:///home/mihalic2040/work/Rosa-Desktop/src/MsgManager.go
2023-12-18 23:44:49.100 [info] /home/mihalic2040/work/Rosa-Desktop/frontend/src/itemkit/Chat.tsx.git closed
2023-12-18 23:44:51.298 [info] Active editor: file:///home/mihalic2040/work/Rosa-Desktop/frontend/src/pages/Login.tsx
2023-12-18 23:44:51.315 [info] /home/mihalic2040/work/Rosa-Desktop/src/MsgManager.go.git closed
2023-12-18 23:44:52.529 [info] Active editor: file:///home/mihalic2040/work/Rosa-Desktop/frontend/src/Router.tsx
2023-12-18 23:44:52.541 [info] /home/mihalic2040/work/Rosa-Desktop/frontend/src/pages/Login.tsx.git closed
2023-12-18 23:46:25.450 [info] Active editor: file:///home/mihalic2040/work/Rosa-Desktop/frontend/src/itemkit/Chat.tsx
2023-12-18 23:46:25.462 [info] /home/mihalic2040/work/Rosa-Desktop/frontend/src/Router.tsx.git closed
2023-12-18 23:46:53.961 [info] Active editor: file:///home/mihalic2040/work/Rosa-Desktop/src/MsgManager.go
2023-12-18 23:46:53.985 [info] /home/mihalic2040/work/Rosa-Desktop/frontend/src/itemkit/Chat.tsx.git closed
2023-12-18 23:46:54.916 [info] Active editor: file:///home/mihalic2040/work/Rosa-Desktop/src/MsgManager.go
2023-12-18 23:46:54.933 [info] /home/mihalic2040/work/Rosa-Desktop/src/MsgManager.go.git closed
2023-12-18 23:46:59.777 [info] Active editor: file:///home/mihalic2040/work/Rosa-Desktop/frontend/src/itemkit/Chat.tsx
2023-12-18 23:46:59.804 [info] /home/mihalic2040/work/Rosa-Desktop/src/MsgManager.go closed
2023-12-18 23:46:59.804 [info] /home/mihalic2040/work/Rosa-Desktop/src/MsgManager.go.git closed
2023-12-18 23:47:02.529 [info] Active editor: file:///home/mihalic2040/work/Rosa-Desktop/src/DbManager.go
2023-12-18 23:47:02.543 [info] /home/mihalic2040/work/Rosa-Desktop/frontend/src/itemkit/Chat.tsx.git closed
2023-12-18 23:47:04.865 [info] Active editor: file:///home/mihalic2040/work/Rosa-Desktop/src/DbManager.go
2023-12-18 23:47:04.883 [info] /home/mihalic2040/work/Rosa-Desktop/src/DbManager.go.git closed
2023-12-18 23:47:18.500 [info] Active editor: file:///home/mihalic2040/work/Rosa-Desktop/frontend/src/itemkit/Chat.tsx
