2023-12-21 21:36:20.312 [info] Configuration changed
2023-12-21 21:37:24.876 [info] Active editor: file:///home/mihalic2040/Desktop/INfa/Orig/lab13/BigBob/1.py
2023-12-21 21:37:30.576 [info] /home/mihalic2040/.vscode/extensions/ms-python.vscode-pylance-2023.12.1/dist/typeshed-fallback/stdlib/builtins.pyi closed
2023-12-21 21:40:13.338 [info] /home/mihalic2040/.config/Code/User/settings.json closed
2023-12-21 21:40:13.349 [info] Configuration changed
2023-12-21 21:40:14.070 [info] /home/mihalic2040/.config/Code/User/settings.json closed
2023-12-21 21:40:14.085 [info] Configuration changed
2023-12-21 21:40:14.181 [info] /home/mihalic2040/.config/Code/User/settings.json closed
2023-12-21 21:40:14.195 [info] Configuration changed
2023-12-21 21:40:14.862 [info] /home/mihalic2040/.config/Code/User/settings.json closed
2023-12-21 21:40:14.888 [info] Configuration changed
2023-12-21 21:40:15.017 [info] /home/mihalic2040/.config/Code/User/settings.json closed
2023-12-21 21:40:15.031 [info] Configuration changed
2023-12-21 21:40:55.372 [info] /home/mihalic2040/Desktop/INfa/Orig/lab13/BigBob/1.py closed
2023-12-21 21:40:55.391 [info] Active editor: file:///home/mihalic2040/Desktop/INfa/Orig/lab13/BigBob/2.py
2023-12-21 21:40:56.856 [info] /home/mihalic2040/.config/Code/User/settings.json closed
2023-12-21 21:40:56.874 [info] Configuration changed
2023-12-21 21:41:04.130 [info] /home/mihalic2040/.config/Code/User/settings.json closed
2023-12-21 21:41:04.152 [info] Configuration changed
2023-12-21 21:41:04.236 [info] /home/mihalic2040/.config/Code/User/settings.json closed
2023-12-21 21:41:04.249 [info] Configuration changed
2023-12-21 21:41:31.367 [info] /home/mihalic2040/Desktop/INfa/Orig/lab13/BigBob/2.py closed
2023-12-21 21:41:31.378 [info] Active editor: file:///home/mihalic2040/Desktop/INfa/Orig/lab13/BigBob/3.py
2023-12-21 21:42:39.463 [info] /home/mihalic2040/.vscode/extensions/ms-python.vscode-pylance-2023.12.1/dist/typeshed-fallback/stdlib/builtins.pyi closed
2023-12-21 21:43:51.931 [info] /home/mihalic2040/.config/Code/User/settings.json closed
2023-12-21 21:43:51.945 [info] Configuration changed
2023-12-21 21:43:52.259 [info] /home/mihalic2040/.config/Code/User/settings.json closed
2023-12-21 21:43:52.275 [info] Configuration changed
2023-12-21 21:44:15.917 [info] /home/mihalic2040/Desktop/INfa/Orig/lab13/BigBob/3.py closed
2023-12-21 21:44:15.935 [info] Active editor: file:///home/mihalic2040/Desktop/INfa/Orig/lab13/BigBob/4.py
2023-12-21 21:44:23.455 [info] /home/mihalic2040/.vscode/extensions/ms-python.vscode-pylance-2023.12.1/dist/typeshed-fallback/stdlib/builtins.pyi closed
