2023-12-14 17:43:39 Loading main app package /usr/lib/obsidian/obsidian.asar
2023-12-14 17:43:39 Checking for update using Github
2023-12-14 17:43:40 Success.
2023-12-14 17:43:40 Latest version is 1.4.16
2023-12-14 17:43:40 App is up to date.
2023-12-14 17:45:16 Loading main app package /usr/lib/obsidian/obsidian.asar
2023-12-14 17:45:17 Checking for update using Github
2023-12-14 17:45:17 Success.
2023-12-14 17:45:17 Latest version is 1.4.16
2023-12-14 17:45:17 App is up to date.
2023-12-14 18:23:17 Loading main app package /usr/lib/obsidian/obsidian.asar
2023-12-14 18:23:18 Checking for update using Github
2023-12-14 18:23:18 Success.
2023-12-14 18:23:18 Latest version is 1.4.16
2023-12-14 18:23:18 App is up to date.
2023-12-16 20:21:50 Loading main app package /usr/lib/obsidian/obsidian.asar
2023-12-16 20:21:50 Checking for update using Github
2023-12-16 20:21:50 Success.
2023-12-16 20:21:50 Latest version is 1.4.16
2023-12-16 20:21:50 App is up to date.
2023-12-18 18:52:35 Loading main app package /usr/lib/obsidian/obsidian.asar
2023-12-18 18:52:35 Checking for update using Github
2023-12-18 18:52:35 Success.
2023-12-18 18:52:35 Latest version is 1.4.16
2023-12-18 18:52:35 App is up to date.
2023-12-18 19:49:32 Loading main app package /usr/lib/obsidian/obsidian.asar
2023-12-18 19:49:32 Checking for update using Github
2023-12-18 19:49:32 Success.
2023-12-18 19:49:32 Latest version is 1.4.16
2023-12-18 19:49:32 App is up to date.
2023-12-20 18:11:45 Loading main app package /usr/lib/obsidian/obsidian.asar
2023-12-20 18:11:45 Checking for update using Github
2023-12-20 18:11:45 Success.
2023-12-20 18:11:45 Latest version is 1.4.16
2023-12-20 18:11:45 App is up to date.
2023-12-20 19:11:45 Checking for update using Github
2023-12-20 19:11:45 Success.
2023-12-20 19:11:45 Latest version is 1.4.16
2023-12-20 19:11:45 App is up to date.
2023-12-20 20:11:45 Checking for update using Github
2023-12-20 20:11:45 Success.
2023-12-20 20:11:45 Latest version is 1.4.16
2023-12-20 20:11:45 App is up to date.
2023-12-20 21:11:45 Checking for update using Github
2023-12-20 21:11:45 Success.
2023-12-20 21:11:45 Latest version is 1.4.16
2023-12-20 21:11:45 App is up to date.
2023-12-20 22:11:45 Checking for update using Github
2023-12-20 22:11:45 Success.
2023-12-20 22:11:45 Latest version is 1.4.16
2023-12-20 22:11:45 App is up to date.
