2023-12-20 18:24:11.693 [info] Log level: Info
2023-12-20 18:24:11.693 [info] Validating found git in: "git"
2023-12-20 18:24:11.693 [info] Using git "2.43.0" from "git"
2023-12-20 18:24:11.693 [info] > git rev-parse --show-toplevel [9ms]
2023-12-20 18:24:11.693 [info] > git rev-parse --git-dir --git-common-dir [182ms]
2023-12-20 18:24:11.693 [info] Open repository: /home/mihalic2040/work/Rosa-Desktop
2023-12-20 18:24:11.696 [info] > git rev-parse --show-toplevel [8ms]
2023-12-20 18:24:11.697 [info] > git config --get commit.template [19ms]
2023-12-20 18:24:11.755 [info] > git rev-parse --show-toplevel [24ms]
2023-12-20 18:24:11.769 [info] > git for-each-ref --format=%(refname)%00%(upstream:short)%00%(objectname)%00%(upstream:track)%00%(upstream:remotename)%00%(upstream:remoteref) refs/heads/main refs/remotes/main [17ms]
2023-12-20 18:24:11.773 [info] > git rev-parse --show-toplevel [5ms]
2023-12-20 18:24:11.800 [info] > git rev-parse --show-toplevel [3ms]
2023-12-20 18:24:11.837 [info] > git rev-parse --show-toplevel [2ms]
2023-12-20 18:24:11.848 [info] > git status -z -uall [34ms]
2023-12-20 18:24:11.848 [info] > git rev-parse --show-toplevel [3ms]
2023-12-20 18:24:11.902 [info] > git config --get commit.template [4ms]
2023-12-20 18:24:11.902 [info] > git rev-parse --show-toplevel [30ms]
2023-12-20 18:24:11.926 [info] > git for-each-ref --format=%(refname)%00%(upstream:short)%00%(objectname)%00%(upstream:track)%00%(upstream:remotename)%00%(upstream:remoteref) refs/heads/main refs/remotes/main [2ms]
2023-12-20 18:24:11.972 [info] > git status -z -uall [29ms]
2023-12-20 18:24:12.358 [info] > git check-ignore -v -z --stdin [39ms]
2023-12-20 18:24:12.733 [info] > git show --textconv :frontend/src/Router.tsx [18ms]
2023-12-20 18:24:12.767 [info] > git show --textconv :src/DbManager.go [16ms]
2023-12-20 18:24:12.768 [info] > git ls-files --stage -- /home/mihalic2040/work/Rosa-Desktop/frontend/src/Router.tsx [37ms]
2023-12-20 18:24:12.786 [info] > git ls-files --stage -- /home/mihalic2040/work/Rosa-Desktop/src/DbManager.go [20ms]
2023-12-20 18:24:12.816 [info] > git cat-file -s f4a9c09ec74a1ad5c769dce2f4867dd9b0f922af [11ms]
2023-12-20 18:24:12.817 [info] > git cat-file -s 2063b884bfa600b70c45969fee0ae5dc9a98f951 [32ms]
2023-12-20 18:24:20.289 [info] > git show --textconv :src/Dht.go [8ms]
2023-12-20 18:24:20.290 [info] > git ls-files --stage -- /home/mihalic2040/work/Rosa-Desktop/src/Dht.go [2ms]
2023-12-20 18:24:20.550 [info] > git check-ignore -v -z --stdin [1ms]
2023-12-20 18:24:21.117 [info] > git config --get commit.template [5ms]
2023-12-20 18:24:21.119 [info] > git for-each-ref --format=%(refname)%00%(upstream:short)%00%(objectname)%00%(upstream:track)%00%(upstream:remotename)%00%(upstream:remoteref) refs/heads/main refs/remotes/main [2ms]
2023-12-20 18:24:21.135 [info] > git status -z -uall [10ms]
2023-12-20 18:24:41.226 [info] > git config --get commit.template [0ms]
2023-12-20 18:24:41.235 [info] > git for-each-ref --format=%(refname)%00%(upstream:short)%00%(objectname)%00%(upstream:track)%00%(upstream:remotename)%00%(upstream:remoteref) refs/heads/main refs/remotes/main [1ms]
2023-12-20 18:24:41.302 [info] > git status -z -uall [40ms]
2023-12-20 18:25:08.058 [info] > git show --textconv :src/Dht.go [8ms]
2023-12-20 18:25:08.060 [info] > git ls-files --stage -- /home/mihalic2040/work/Rosa-Desktop/src/Dht.go [2ms]
2023-12-20 18:25:09.364 [info] > git show --textconv :src/DbManager.go [5ms]
2023-12-20 18:25:09.376 [info] > git show --textconv :src/Dht.go [7ms]
2023-12-20 18:25:09.377 [info] > git ls-files --stage -- /home/mihalic2040/work/Rosa-Desktop/src/DbManager.go [13ms]
2023-12-20 18:25:09.383 [info] > git ls-files --stage -- /home/mihalic2040/work/Rosa-Desktop/src/Dht.go [8ms]
2023-12-20 18:25:09.384 [info] > git cat-file -s f4a9c09ec74a1ad5c769dce2f4867dd9b0f922af [2ms]
2023-12-20 18:26:01.695 [info] > git config --get commit.template [1ms]
2023-12-20 18:26:01.700 [info] > git for-each-ref --format=%(refname)%00%(upstream:short)%00%(objectname)%00%(upstream:track)%00%(upstream:remotename)%00%(upstream:remoteref) refs/heads/main refs/remotes/main [1ms]
2023-12-20 18:26:01.715 [info] > git status -z -uall [10ms]
2023-12-20 18:27:02.546 [info] > git config --get commit.template [5ms]
2023-12-20 18:27:02.547 [info] > git for-each-ref --format=%(refname)%00%(upstream:short)%00%(objectname)%00%(upstream:track)%00%(upstream:remotename)%00%(upstream:remoteref) refs/heads/main refs/remotes/main [1ms]
2023-12-20 18:27:02.564 [info] > git status -z -uall [12ms]
2023-12-20 18:27:07.579 [info] > git config --get commit.template [7ms]
2023-12-20 18:27:07.580 [info] > git for-each-ref --format=%(refname)%00%(upstream:short)%00%(objectname)%00%(upstream:track)%00%(upstream:remotename)%00%(upstream:remoteref) refs/heads/main refs/remotes/main [1ms]
2023-12-20 18:27:07.596 [info] > git status -z -uall [11ms]
2023-12-20 18:27:28.790 [info] > git config --get commit.template [7ms]
2023-12-20 18:27:28.790 [info] > git for-each-ref --format=%(refname)%00%(upstream:short)%00%(objectname)%00%(upstream:track)%00%(upstream:remotename)%00%(upstream:remoteref) refs/heads/main refs/remotes/main [1ms]
2023-12-20 18:27:28.806 [info] > git status -z -uall [11ms]
2023-12-20 18:27:53.307 [info] > git config --get commit.template [1ms]
2023-12-20 18:27:53.316 [info] > git for-each-ref --format=%(refname)%00%(upstream:short)%00%(objectname)%00%(upstream:track)%00%(upstream:remotename)%00%(upstream:remoteref) refs/heads/main refs/remotes/main [2ms]
2023-12-20 18:27:53.346 [info] > git status -z -uall [20ms]
2023-12-20 18:28:00.407 [info] > git show --textconv :src/MsgManager.go [8ms]
2023-12-20 18:28:00.408 [info] > git ls-files --stage -- /home/mihalic2040/work/Rosa-Desktop/src/MsgManager.go [2ms]
2023-12-20 18:28:00.415 [info] > git cat-file -s fb88b09a384ae33f8aa576757044ffa290189777 [0ms]
2023-12-20 18:29:25.581 [info] > git config --get commit.template [5ms]
2023-12-20 18:29:25.581 [info] > git for-each-ref --format=%(refname)%00%(upstream:short)%00%(objectname)%00%(upstream:track)%00%(upstream:remotename)%00%(upstream:remoteref) refs/heads/main refs/remotes/main [1ms]
2023-12-20 18:29:25.605 [info] > git ls-files --stage -- /home/mihalic2040/work/Rosa-Desktop/src/Dht.go [7ms]
2023-12-20 18:29:25.606 [info] > git status -z -uall [16ms]
2023-12-20 18:29:25.606 [info] > git ls-files --stage -- /home/mihalic2040/work/Rosa-Desktop/src/MsgManager.go [2ms]
2023-12-20 18:29:25.619 [info] > git cat-file -s fb88b09a384ae33f8aa576757044ffa290189777 [8ms]
2023-12-20 18:29:25.621 [info] > git show --textconv :src/Dht.go [2ms]
2023-12-20 18:29:25.638 [info] > git show --textconv :src/MsgManager.go [2ms]
2023-12-20 18:29:30.624 [info] > git config --get commit.template [6ms]
2023-12-20 18:29:30.625 [info] > git for-each-ref --format=%(refname)%00%(upstream:short)%00%(objectname)%00%(upstream:track)%00%(upstream:remotename)%00%(upstream:remoteref) refs/heads/main refs/remotes/main [2ms]
2023-12-20 18:29:30.646 [info] > git status -z -uall [15ms]
2023-12-20 18:31:15.930 [info] > git config --get commit.template [11ms]
2023-12-20 18:31:15.931 [info] > git for-each-ref --format=%(refname)%00%(upstream:short)%00%(objectname)%00%(upstream:track)%00%(upstream:remotename)%00%(upstream:remoteref) refs/heads/main refs/remotes/main [3ms]
2023-12-20 18:31:15.966 [info] > git status -z -uall [25ms]
2023-12-20 18:31:48.901 [info] > git config --get commit.template [18ms]
2023-12-20 18:31:48.902 [info] > git for-each-ref --format=%(refname)%00%(upstream:short)%00%(objectname)%00%(upstream:track)%00%(upstream:remotename)%00%(upstream:remoteref) refs/heads/main refs/remotes/main [4ms]
2023-12-20 18:31:48.948 [info] > git status -z -uall [32ms]
2023-12-20 18:32:02.207 [info] > git config --get commit.template [18ms]
2023-12-20 18:32:02.209 [info] > git for-each-ref --format=%(refname)%00%(upstream:short)%00%(objectname)%00%(upstream:track)%00%(upstream:remotename)%00%(upstream:remoteref) refs/heads/main refs/remotes/main [4ms]
2023-12-20 18:32:02.261 [info] > git status -z -uall [35ms]
2023-12-20 18:32:39.869 [info] > git config --get commit.template [17ms]
2023-12-20 18:32:39.871 [info] > git for-each-ref --format=%(refname)%00%(upstream:short)%00%(objectname)%00%(upstream:track)%00%(upstream:remotename)%00%(upstream:remoteref) refs/heads/main refs/remotes/main [3ms]
2023-12-20 18:32:39.907 [info] > git status -z -uall [18ms]
2023-12-20 18:33:21.283 [info] > git config --get commit.template [4ms]
2023-12-20 18:33:21.283 [info] > git for-each-ref --format=%(refname)%00%(upstream:short)%00%(objectname)%00%(upstream:track)%00%(upstream:remotename)%00%(upstream:remoteref) refs/heads/main refs/remotes/main [1ms]
2023-12-20 18:33:21.311 [info] > git status -z -uall [23ms]
2023-12-20 18:33:21.311 [info] > git ls-files --stage -- /home/mihalic2040/work/Rosa-Desktop/src/MsgManager.go [1ms]
2023-12-20 18:33:21.317 [info] > git ls-files --stage -- /home/mihalic2040/work/Rosa-Desktop/src/Dht.go [16ms]
2023-12-20 18:33:21.319 [info] > git cat-file -s fb88b09a384ae33f8aa576757044ffa290189777 [2ms]
2023-12-20 18:33:21.332 [info] > git show --textconv :src/Dht.go [6ms]
2023-12-20 18:33:21.333 [info] > git show --textconv :src/MsgManager.go [2ms]
2023-12-20 18:33:23.333 [info] > git show --textconv :src/DbManager.go [6ms]
2023-12-20 18:33:23.335 [info] > git ls-files --stage -- /home/mihalic2040/work/Rosa-Desktop/src/DbManager.go [1ms]
2023-12-20 18:33:23.341 [info] > git cat-file -s f4a9c09ec74a1ad5c769dce2f4867dd9b0f922af [1ms]
2023-12-20 18:33:26.327 [info] > git config --get commit.template [0ms]
2023-12-20 18:33:26.332 [info] > git for-each-ref --format=%(refname)%00%(upstream:short)%00%(objectname)%00%(upstream:track)%00%(upstream:remotename)%00%(upstream:remoteref) refs/heads/main refs/remotes/main [1ms]
2023-12-20 18:33:26.347 [info] > git status -z -uall [10ms]
2023-12-20 18:34:06.369 [info] > git config --get commit.template [8ms]
2023-12-20 18:34:06.369 [info] > git for-each-ref --format=%(refname)%00%(upstream:short)%00%(objectname)%00%(upstream:track)%00%(upstream:remotename)%00%(upstream:remoteref) refs/heads/main refs/remotes/main [1ms]
2023-12-20 18:34:06.392 [info] > git status -z -uall [15ms]
2023-12-20 18:34:06.462 [info] > git ls-files --stage -- /home/mihalic2040/work/Rosa-Desktop/src/Dht.go [6ms]
2023-12-20 18:34:06.467 [info] > git ls-files --stage -- /home/mihalic2040/work/Rosa-Desktop/src/DbManager.go [6ms]
2023-12-20 18:34:06.472 [info] > git show --textconv :src/Dht.go [5ms]
2023-12-20 18:34:06.473 [info] > git cat-file -s f4a9c09ec74a1ad5c769dce2f4867dd9b0f922af [1ms]
2023-12-20 18:34:06.481 [info] > git show --textconv :src/DbManager.go [2ms]
2023-12-20 18:34:30.293 [info] > git for-each-ref --format=%(refname)%00%(upstream:short)%00%(objectname)%00%(upstream:track)%00%(upstream:remotename)%00%(upstream:remoteref) refs/heads/main refs/remotes/main [2ms]
2023-12-20 18:34:30.293 [info] > git config --get commit.template [9ms]
2023-12-20 18:34:30.306 [info] > git ls-files --stage -- /home/mihalic2040/work/Rosa-Desktop/src/Dht.go [7ms]
2023-12-20 18:34:30.307 [info] > git ls-files --stage -- /home/mihalic2040/work/Rosa-Desktop/src/DbManager.go [2ms]
2023-12-20 18:34:30.321 [info] > git show --textconv :src/Dht.go [4ms]
2023-12-20 18:34:30.321 [info] > git cat-file -s f4a9c09ec74a1ad5c769dce2f4867dd9b0f922af [9ms]
2023-12-20 18:34:30.330 [info] > git show --textconv :src/DbManager.go [1ms]
2023-12-20 18:34:30.332 [info] > git status -z -uall [11ms]
2023-12-20 18:34:35.347 [info] > git config --get commit.template [7ms]
2023-12-20 18:34:35.347 [info] > git for-each-ref --format=%(refname)%00%(upstream:short)%00%(objectname)%00%(upstream:track)%00%(upstream:remotename)%00%(upstream:remoteref) refs/heads/main refs/remotes/main [1ms]
2023-12-20 18:34:35.369 [info] > git status -z -uall [15ms]
2023-12-20 18:34:41.344 [info] > git show --textconv :src/MsgManager.go [4ms]
2023-12-20 18:34:41.346 [info] > git ls-files --stage -- /home/mihalic2040/work/Rosa-Desktop/src/MsgManager.go [1ms]
2023-12-20 18:34:41.350 [info] > git cat-file -s fb88b09a384ae33f8aa576757044ffa290189777 [1ms]
2023-12-20 18:42:22.074 [info] > git config --get commit.template [1ms]
2023-12-20 18:42:22.088 [info] > git ls-files --stage -- /home/mihalic2040/work/Rosa-Desktop/src/Dht.go [6ms]
2023-12-20 18:42:22.099 [info] > git ls-files --stage -- /home/mihalic2040/work/Rosa-Desktop/src/MsgManager.go [11ms]
2023-12-20 18:42:22.105 [info] > git for-each-ref --format=%(refname)%00%(upstream:short)%00%(objectname)%00%(upstream:track)%00%(upstream:remotename)%00%(upstream:remoteref) refs/heads/main refs/remotes/main [7ms]
2023-12-20 18:42:22.105 [info] > git cat-file -s 9cbc4444288ad2683f20eb067dca2679c9636c25 [12ms]
2023-12-20 18:42:22.106 [info] > git cat-file -s bf2b27322d3be449bc1b60350522c3c3c82cf935 [2ms]
2023-12-20 18:42:22.122 [info] > git status -z -uall [11ms]
2023-12-20 18:42:22.122 [info] > git show --textconv :src/Dht.go [5ms]
2023-12-20 18:42:22.126 [info] > git show --textconv :src/MsgManager.go [4ms]
2023-12-20 18:50:37.736 [info] > git config --get commit.template [2ms]
2023-12-20 18:50:37.745 [info] > git for-each-ref --format=%(refname)%00%(upstream:short)%00%(objectname)%00%(upstream:track)%00%(upstream:remotename)%00%(upstream:remoteref) refs/heads/main refs/remotes/main [2ms]
2023-12-20 18:50:37.765 [info] > git status -z -uall [14ms]
2023-12-20 19:01:40.720 [info] > git config --get commit.template [1ms]
2023-12-20 19:01:40.728 [info] > git for-each-ref --format=%(refname)%00%(upstream:short)%00%(objectname)%00%(upstream:track)%00%(upstream:remotename)%00%(upstream:remoteref) refs/heads/main refs/remotes/main [1ms]
2023-12-20 19:01:40.747 [info] > git status -z -uall [14ms]
2023-12-20 19:01:44.414 [info] > git ls-files --stage -- /home/mihalic2040/work/Rosa-Desktop/src/Dht.go [7ms]
2023-12-20 19:01:44.421 [info] > git ls-files --stage -- /home/mihalic2040/work/Rosa-Desktop/src/MsgManager.go [7ms]
2023-12-20 19:01:44.426 [info] > git cat-file -s 9cbc4444288ad2683f20eb067dca2679c9636c25 [5ms]
2023-12-20 19:01:44.427 [info] > git cat-file -s bf2b27322d3be449bc1b60350522c3c3c82cf935 [1ms]
2023-12-20 19:01:44.447 [info] > git show --textconv :src/Dht.go [10ms]
2023-12-20 19:01:44.447 [info] > git show --textconv :src/MsgManager.go [0ms]
2023-12-20 19:03:59.379 [info] > git config --get commit.template [7ms]
2023-12-20 19:03:59.379 [info] > git for-each-ref --format=%(refname)%00%(upstream:short)%00%(objectname)%00%(upstream:track)%00%(upstream:remotename)%00%(upstream:remoteref) refs/heads/main refs/remotes/main [1ms]
2023-12-20 19:03:59.400 [info] > git status -z -uall [15ms]
2023-12-20 19:04:09.149 [info] > git config --get commit.template [8ms]
2023-12-20 19:04:09.150 [info] > git for-each-ref --format=%(refname)%00%(upstream:short)%00%(objectname)%00%(upstream:track)%00%(upstream:remotename)%00%(upstream:remoteref) refs/heads/main refs/remotes/main [1ms]
2023-12-20 19:04:09.168 [info] > git status -z -uall [12ms]
2023-12-20 19:06:42.680 [info] > git check-ignore -v -z --stdin [2ms]
2023-12-20 19:07:00.732 [info] > git config --get commit.template [13ms]
2023-12-20 19:07:00.734 [info] > git for-each-ref --format=%(refname)%00%(upstream:short)%00%(objectname)%00%(upstream:track)%00%(upstream:remotename)%00%(upstream:remoteref) refs/heads/main refs/remotes/main [3ms]
2023-12-20 19:07:00.771 [info] > git status -z -uall [30ms]
2023-12-20 19:07:00.771 [info] > git ls-files --stage -- /home/mihalic2040/work/Rosa-Desktop/src/Dht.go [11ms]
2023-12-20 19:07:00.780 [info] > git cat-file -s 9cbc4444288ad2683f20eb067dca2679c9636c25 [3ms]
2023-12-20 19:07:00.780 [info] > git ls-files --stage -- /home/mihalic2040/work/Rosa-Desktop/src/MsgManager.go [10ms]
2023-12-20 19:07:00.790 [info] > git cat-file -s bf2b27322d3be449bc1b60350522c3c3c82cf935 [2ms]
2023-12-20 19:07:00.810 [info] > git show --textconv :src/Dht.go [7ms]
2023-12-20 19:07:00.811 [info] > git show --textconv :src/MsgManager.go [2ms]
2023-12-20 19:08:00.656 [info] > git config --get commit.template [8ms]
2023-12-20 19:08:00.656 [info] > git for-each-ref --format=%(refname)%00%(upstream:short)%00%(objectname)%00%(upstream:track)%00%(upstream:remotename)%00%(upstream:remoteref) refs/heads/main refs/remotes/main [2ms]
2023-12-20 19:08:00.683 [info] > git status -z -uall [18ms]
2023-12-20 19:08:35.649 [info] > git config --get commit.template [1ms]
2023-12-20 19:08:35.654 [info] > git for-each-ref --format=%(refname)%00%(upstream:short)%00%(objectname)%00%(upstream:track)%00%(upstream:remotename)%00%(upstream:remoteref) refs/heads/main refs/remotes/main [1ms]
2023-12-20 19:08:35.672 [info] > git status -z -uall [13ms]
2023-12-20 19:09:13.817 [info] > git ls-files --stage -- /home/mihalic2040/work/Rosa-Desktop/src/Dht.go [20ms]
2023-12-20 19:09:13.827 [info] > git config --get commit.template [43ms]
2023-12-20 19:09:13.829 [info] > git ls-files --stage -- /home/mihalic2040/work/Rosa-Desktop/src/MsgManager.go [16ms]
2023-12-20 19:09:13.848 [info] > git cat-file -s bf2b27322d3be449bc1b60350522c3c3c82cf935 [8ms]
2023-12-20 19:09:13.850 [info] > git cat-file -s 9cbc4444288ad2683f20eb067dca2679c9636c25 [23ms]
2023-12-20 19:09:13.853 [info] > git for-each-ref --format=%(refname)%00%(upstream:short)%00%(objectname)%00%(upstream:track)%00%(upstream:remotename)%00%(upstream:remoteref) refs/heads/main refs/remotes/main [4ms]
2023-12-20 19:09:13.888 [info] > git status -z -uall [23ms]
2023-12-20 19:09:13.888 [info] > git show --textconv :src/MsgManager.go [10ms]
2023-12-20 19:09:13.892 [info] > git show --textconv :src/Dht.go [5ms]
2023-12-20 19:09:18.905 [info] > git config --get commit.template [6ms]
2023-12-20 19:09:18.906 [info] > git for-each-ref --format=%(refname)%00%(upstream:short)%00%(objectname)%00%(upstream:track)%00%(upstream:remotename)%00%(upstream:remoteref) refs/heads/main refs/remotes/main [2ms]
2023-12-20 19:09:18.927 [info] > git status -z -uall [12ms]
2023-12-20 19:10:03.009 [info] > git config --get commit.template [1ms]
2023-12-20 19:10:03.019 [info] > git for-each-ref --format=%(refname)%00%(upstream:short)%00%(objectname)%00%(upstream:track)%00%(upstream:remotename)%00%(upstream:remoteref) refs/heads/main refs/remotes/main [2ms]
2023-12-20 19:10:03.051 [info] > git status -z -uall [20ms]
2023-12-20 19:10:08.888 [info] > git config --get commit.template [0ms]
2023-12-20 19:10:08.895 [info] > git for-each-ref --format=%(refname)%00%(upstream:short)%00%(objectname)%00%(upstream:track)%00%(upstream:remotename)%00%(upstream:remoteref) refs/heads/main refs/remotes/main [1ms]
2023-12-20 19:10:08.913 [info] > git status -z -uall [14ms]
2023-12-20 19:10:40.367 [info] > git config --get commit.template [10ms]
2023-12-20 19:10:40.369 [info] > git for-each-ref --format=%(refname)%00%(upstream:short)%00%(objectname)%00%(upstream:track)%00%(upstream:remotename)%00%(upstream:remoteref) refs/heads/main refs/remotes/main [3ms]
2023-12-20 19:10:40.412 [info] > git status -z -uall [30ms]
2023-12-20 19:11:35.226 [info] > git ls-files --stage -- /home/mihalic2040/work/Rosa-Desktop/src/MsgManager.go [8ms]
2023-12-20 19:11:35.245 [info] > git ls-files --stage -- /home/mihalic2040/work/Rosa-Desktop/src/Dht.go [36ms]
2023-12-20 19:11:35.262 [info] > git config --get commit.template [65ms]
2023-12-20 19:11:35.262 [info] > git cat-file -s 9cbc4444288ad2683f20eb067dca2679c9636c25 [1ms]
2023-12-20 19:11:35.263 [info] > git cat-file -s bf2b27322d3be449bc1b60350522c3c3c82cf935 [19ms]
2023-12-20 19:11:35.276 [info] > git for-each-ref --format=%(refname)%00%(upstream:short)%00%(objectname)%00%(upstream:track)%00%(upstream:remotename)%00%(upstream:remoteref) refs/heads/main refs/remotes/main [1ms]
2023-12-20 19:11:35.317 [info] > git status -z -uall [24ms]
2023-12-20 19:11:35.317 [info] > git show --textconv :src/Dht.go [11ms]
2023-12-20 19:11:35.320 [info] > git show --textconv :src/MsgManager.go [4ms]
2023-12-20 19:13:25.431 [info] > git for-each-ref --format=%(refname)%00%(upstream:short)%00%(objectname)%00%(upstream:track)%00%(upstream:remotename)%00%(upstream:remoteref) refs/heads/main refs/remotes/main [1ms]
2023-12-20 19:13:25.432 [info] > git config --get commit.template [14ms]
2023-12-20 19:13:25.456 [info] > git status -z -uall [14ms]
2023-12-20 19:28:35.753 [info] > git config --get commit.template [1ms]
2023-12-20 19:28:35.764 [info] > git for-each-ref --format=%(refname)%00%(upstream:short)%00%(objectname)%00%(upstream:track)%00%(upstream:remotename)%00%(upstream:remoteref) refs/heads/main refs/remotes/main [2ms]
2023-12-20 19:28:35.786 [info] > git status -z -uall [14ms]
