2023-12-20 17:51:28.697 [warning] Via 'product.json#extensionEnabledApiProposals' extension 'ms-python.python' wants API proposal 'registerIssueDataProvider' but that proposal DOES NOT EXIST. Likely, the proposal has been finalized (check 'vscode.d.ts') or was abandoned.
2023-12-20 17:51:29.070 [info] Started local extension host with pid 5378.
2023-12-20 17:51:32.120 [info] [perf] Render performance baseline is 34ms
2023-12-20 18:14:50.491 [error] no package data for import "github.com/Mihalic2040/Hub/src/types": Error: no package data for import "github.com/Mihalic2040/Hub/src/types"
	at handleResponse (/home/mihalic2040/.vscode/extensions/golang.go-0.40.0/dist/goMain.js:8422:40)
	at handleMessage (/home/mihalic2040/.vscode/extensions/golang.go-0.40.0/dist/goMain.js:8232:11)
	at processMessageQueue (/home/mihalic2040/.vscode/extensions/golang.go-0.40.0/dist/goMain.js:8247:13)
	at Immediate.<anonymous> (/home/mihalic2040/.vscode/extensions/golang.go-0.40.0/dist/goMain.js:8223:11)
	at process.processImmediate (node:internal/timers:476:21)
2023-12-20 18:14:51.154 [error] no package data for import "github.com/libp2p/go-libp2p-kad-dht": Error: no package data for import "github.com/libp2p/go-libp2p-kad-dht"
	at handleResponse (/home/mihalic2040/.vscode/extensions/golang.go-0.40.0/dist/goMain.js:8422:40)
	at handleMessage (/home/mihalic2040/.vscode/extensions/golang.go-0.40.0/dist/goMain.js:8232:11)
	at processMessageQueue (/home/mihalic2040/.vscode/extensions/golang.go-0.40.0/dist/goMain.js:8247:13)
	at Immediate.<anonymous> (/home/mihalic2040/.vscode/extensions/golang.go-0.40.0/dist/goMain.js:8223:11)
	at process.processImmediate (node:internal/timers:476:21)
2023-12-20 18:14:53.081 [error] failed to resolve import "github.com/libp2p/go-libp2p-kad-dht": Error: failed to resolve import "github.com/libp2p/go-libp2p-kad-dht"
	at handleResponse (/home/mihalic2040/.vscode/extensions/golang.go-0.40.0/dist/goMain.js:8422:40)
	at handleMessage (/home/mihalic2040/.vscode/extensions/golang.go-0.40.0/dist/goMain.js:8232:11)
	at processMessageQueue (/home/mihalic2040/.vscode/extensions/golang.go-0.40.0/dist/goMain.js:8247:13)
	at Immediate.<anonymous> (/home/mihalic2040/.vscode/extensions/golang.go-0.40.0/dist/goMain.js:8223:11)
	at process.processImmediate (node:internal/timers:476:21)
2023-12-20 18:14:53.223 [error] no package data for import "github.com/libp2p/go-libp2p-kad-dht": Error: no package data for import "github.com/libp2p/go-libp2p-kad-dht"
	at handleResponse (/home/mihalic2040/.vscode/extensions/golang.go-0.40.0/dist/goMain.js:8422:40)
	at handleMessage (/home/mihalic2040/.vscode/extensions/golang.go-0.40.0/dist/goMain.js:8232:11)
	at processMessageQueue (/home/mihalic2040/.vscode/extensions/golang.go-0.40.0/dist/goMain.js:8247:13)
	at Immediate.<anonymous> (/home/mihalic2040/.vscode/extensions/golang.go-0.40.0/dist/goMain.js:8223:11)
	at process.processImmediate (node:internal/timers:476:21)
2023-12-20 18:14:59.871 [error] no package data for import "github.com/libp2p/go-libp2p-kad-dht": Error: no package data for import "github.com/libp2p/go-libp2p-kad-dht"
	at handleResponse (/home/mihalic2040/.vscode/extensions/golang.go-0.40.0/dist/goMain.js:8422:40)
	at handleMessage (/home/mihalic2040/.vscode/extensions/golang.go-0.40.0/dist/goMain.js:8232:11)
	at processMessageQueue (/home/mihalic2040/.vscode/extensions/golang.go-0.40.0/dist/goMain.js:8247:13)
	at Immediate.<anonymous> (/home/mihalic2040/.vscode/extensions/golang.go-0.40.0/dist/goMain.js:8223:11)
	at process.processImmediate (node:internal/timers:476:21)
2023-12-20 18:15:01.704 [error] no package data for import "github.com/libp2p/go-libp2p-kad-dht": Error: no package data for import "github.com/libp2p/go-libp2p-kad-dht"
	at handleResponse (/home/mihalic2040/.vscode/extensions/golang.go-0.40.0/dist/goMain.js:8422:40)
	at handleMessage (/home/mihalic2040/.vscode/extensions/golang.go-0.40.0/dist/goMain.js:8232:11)
	at processMessageQueue (/home/mihalic2040/.vscode/extensions/golang.go-0.40.0/dist/goMain.js:8247:13)
	at Immediate.<anonymous> (/home/mihalic2040/.vscode/extensions/golang.go-0.40.0/dist/goMain.js:8223:11)
	at process.processImmediate (node:internal/timers:476:21)
2023-12-20 18:15:17.335 [error] no package data for import "github.com/libp2p/go-libp2p-kad-dht": Error: no package data for import "github.com/libp2p/go-libp2p-kad-dht"
	at handleResponse (/home/mihalic2040/.vscode/extensions/golang.go-0.40.0/dist/goMain.js:8422:40)
	at handleMessage (/home/mihalic2040/.vscode/extensions/golang.go-0.40.0/dist/goMain.js:8232:11)
	at processMessageQueue (/home/mihalic2040/.vscode/extensions/golang.go-0.40.0/dist/goMain.js:8247:13)
	at Immediate.<anonymous> (/home/mihalic2040/.vscode/extensions/golang.go-0.40.0/dist/goMain.js:8223:11)
	at process.processImmediate (node:internal/timers:476:21)
2023-12-20 18:15:20.018 [error] no package data for import "github.com/libp2p/go-libp2p-kad-dht": Error: no package data for import "github.com/libp2p/go-libp2p-kad-dht"
	at handleResponse (/home/mihalic2040/.vscode/extensions/golang.go-0.40.0/dist/goMain.js:8422:40)
	at handleMessage (/home/mihalic2040/.vscode/extensions/golang.go-0.40.0/dist/goMain.js:8232:11)
	at processMessageQueue (/home/mihalic2040/.vscode/extensions/golang.go-0.40.0/dist/goMain.js:8247:13)
	at Immediate.<anonymous> (/home/mihalic2040/.vscode/extensions/golang.go-0.40.0/dist/goMain.js:8223:11)
	at process.processImmediate (node:internal/timers:476:21)
2023-12-20 18:15:27.918 [error] no package data for import "github.com/Mihalic2040/Hub/src/types": Error: no package data for import "github.com/Mihalic2040/Hub/src/types"
	at handleResponse (/home/mihalic2040/.vscode/extensions/golang.go-0.40.0/dist/goMain.js:8422:40)
	at handleMessage (/home/mihalic2040/.vscode/extensions/golang.go-0.40.0/dist/goMain.js:8232:11)
	at processMessageQueue (/home/mihalic2040/.vscode/extensions/golang.go-0.40.0/dist/goMain.js:8247:13)
	at Immediate.<anonymous> (/home/mihalic2040/.vscode/extensions/golang.go-0.40.0/dist/goMain.js:8223:11)
	at process.processImmediate (node:internal/timers:476:21)
2023-12-20 18:15:33.299 [error] no package data for import "github.com/Mihalic2040/Hub/src/types": Error: no package data for import "github.com/Mihalic2040/Hub/src/types"
	at handleResponse (/home/mihalic2040/.vscode/extensions/golang.go-0.40.0/dist/goMain.js:8422:40)
	at handleMessage (/home/mihalic2040/.vscode/extensions/golang.go-0.40.0/dist/goMain.js:8232:11)
	at processMessageQueue (/home/mihalic2040/.vscode/extensions/golang.go-0.40.0/dist/goMain.js:8247:13)
	at Immediate.<anonymous> (/home/mihalic2040/.vscode/extensions/golang.go-0.40.0/dist/goMain.js:8223:11)
	at process.processImmediate (node:internal/timers:476:21)
2023-12-20 18:15:38.370 [error] no package data for import "github.com/libp2p/go-libp2p-kad-dht": Error: no package data for import "github.com/libp2p/go-libp2p-kad-dht"
	at handleResponse (/home/mihalic2040/.vscode/extensions/golang.go-0.40.0/dist/goMain.js:8422:40)
	at handleMessage (/home/mihalic2040/.vscode/extensions/golang.go-0.40.0/dist/goMain.js:8232:11)
	at processMessageQueue (/home/mihalic2040/.vscode/extensions/golang.go-0.40.0/dist/goMain.js:8247:13)
	at Immediate.<anonymous> (/home/mihalic2040/.vscode/extensions/golang.go-0.40.0/dist/goMain.js:8223:11)
	at process.processImmediate (node:internal/timers:476:21)
2023-12-20 18:15:48.719 [error] no package data for import "github.com/libp2p/go-libp2p-kad-dht": Error: no package data for import "github.com/libp2p/go-libp2p-kad-dht"
	at handleResponse (/home/mihalic2040/.vscode/extensions/golang.go-0.40.0/dist/goMain.js:8422:40)
	at handleMessage (/home/mihalic2040/.vscode/extensions/golang.go-0.40.0/dist/goMain.js:8232:11)
	at processMessageQueue (/home/mihalic2040/.vscode/extensions/golang.go-0.40.0/dist/goMain.js:8247:13)
	at Immediate.<anonymous> (/home/mihalic2040/.vscode/extensions/golang.go-0.40.0/dist/goMain.js:8223:11)
	at process.processImmediate (node:internal/timers:476:21)
2023-12-20 18:15:49.262 [error] failed to resolve import "github.com/libp2p/go-libp2p-kad-dht": Error: failed to resolve import "github.com/libp2p/go-libp2p-kad-dht"
	at handleResponse (/home/mihalic2040/.vscode/extensions/golang.go-0.40.0/dist/goMain.js:8422:40)
	at handleMessage (/home/mihalic2040/.vscode/extensions/golang.go-0.40.0/dist/goMain.js:8232:11)
	at processMessageQueue (/home/mihalic2040/.vscode/extensions/golang.go-0.40.0/dist/goMain.js:8247:13)
	at Immediate.<anonymous> (/home/mihalic2040/.vscode/extensions/golang.go-0.40.0/dist/goMain.js:8223:11)
	at process.processImmediate (node:internal/timers:476:21)
2023-12-20 18:18:04.102 [error] Error: 16:13: mixed named and unnamed parameters
	at handleResponse (/home/mihalic2040/.vscode/extensions/golang.go-0.40.0/dist/goMain.js:8422:40)
	at handleMessage (/home/mihalic2040/.vscode/extensions/golang.go-0.40.0/dist/goMain.js:8232:11)
	at processMessageQueue (/home/mihalic2040/.vscode/extensions/golang.go-0.40.0/dist/goMain.js:8247:13)
	at Immediate.<anonymous> (/home/mihalic2040/.vscode/extensions/golang.go-0.40.0/dist/goMain.js:8223:11)
	at process.processImmediate (node:internal/timers:476:21)
2023-12-20 18:20:07.587 [error] no package data for import "github.com/libp2p/go-libp2p-kad-dht": Error: no package data for import "github.com/libp2p/go-libp2p-kad-dht"
	at handleResponse (/home/mihalic2040/.vscode/extensions/golang.go-0.40.0/dist/goMain.js:8422:40)
	at handleMessage (/home/mihalic2040/.vscode/extensions/golang.go-0.40.0/dist/goMain.js:8232:11)
	at processMessageQueue (/home/mihalic2040/.vscode/extensions/golang.go-0.40.0/dist/goMain.js:8247:13)
	at Immediate.<anonymous> (/home/mihalic2040/.vscode/extensions/golang.go-0.40.0/dist/goMain.js:8223:11)
	at process.processImmediate (node:internal/timers:476:21)
2023-12-20 18:20:13.577 [error] no package data for import "github.com/libp2p/go-libp2p-kad-dht": Error: no package data for import "github.com/libp2p/go-libp2p-kad-dht"
	at handleResponse (/home/mihalic2040/.vscode/extensions/golang.go-0.40.0/dist/goMain.js:8422:40)
	at handleMessage (/home/mihalic2040/.vscode/extensions/golang.go-0.40.0/dist/goMain.js:8232:11)
	at processMessageQueue (/home/mihalic2040/.vscode/extensions/golang.go-0.40.0/dist/goMain.js:8247:13)
	at Immediate.<anonymous> (/home/mihalic2040/.vscode/extensions/golang.go-0.40.0/dist/goMain.js:8223:11)
	at process.processImmediate (node:internal/timers:476:21)
2023-12-20 18:21:59.982 [error] no package data for import "github.com/libp2p/go-libp2p-kad-dht": Error: no package data for import "github.com/libp2p/go-libp2p-kad-dht"
	at handleResponse (/home/mihalic2040/.vscode/extensions/golang.go-0.40.0/dist/goMain.js:8422:40)
	at handleMessage (/home/mihalic2040/.vscode/extensions/golang.go-0.40.0/dist/goMain.js:8232:11)
	at processMessageQueue (/home/mihalic2040/.vscode/extensions/golang.go-0.40.0/dist/goMain.js:8247:13)
	at Immediate.<anonymous> (/home/mihalic2040/.vscode/extensions/golang.go-0.40.0/dist/goMain.js:8223:11)
	at process.processImmediate (node:internal/timers:476:21)
2023-12-20 18:22:17.183 [error] no package data for import "github.com/libp2p/go-libp2p-kad-dht": Error: no package data for import "github.com/libp2p/go-libp2p-kad-dht"
	at handleResponse (/home/mihalic2040/.vscode/extensions/golang.go-0.40.0/dist/goMain.js:8422:40)
	at handleMessage (/home/mihalic2040/.vscode/extensions/golang.go-0.40.0/dist/goMain.js:8232:11)
	at processMessageQueue (/home/mihalic2040/.vscode/extensions/golang.go-0.40.0/dist/goMain.js:8247:13)
	at Immediate.<anonymous> (/home/mihalic2040/.vscode/extensions/golang.go-0.40.0/dist/goMain.js:8223:11)
	at process.processImmediate (node:internal/timers:476:21)
2023-12-20 18:23:48.929 [error] no package data for import "github.com/libp2p/go-libp2p-kad-dht": Error: no package data for import "github.com/libp2p/go-libp2p-kad-dht"
	at handleResponse (/home/mihalic2040/.vscode/extensions/golang.go-0.40.0/dist/goMain.js:8422:40)
	at handleMessage (/home/mihalic2040/.vscode/extensions/golang.go-0.40.0/dist/goMain.js:8232:11)
	at processMessageQueue (/home/mihalic2040/.vscode/extensions/golang.go-0.40.0/dist/goMain.js:8247:13)
	at Immediate.<anonymous> (/home/mihalic2040/.vscode/extensions/golang.go-0.40.0/dist/goMain.js:8223:11)
	at process.processImmediate (node:internal/timers:476:21)
2023-12-20 18:23:51.800 [error] no package data for import "github.com/libp2p/go-libp2p-kad-dht": Error: no package data for import "github.com/libp2p/go-libp2p-kad-dht"
	at handleResponse (/home/mihalic2040/.vscode/extensions/golang.go-0.40.0/dist/goMain.js:8422:40)
	at handleMessage (/home/mihalic2040/.vscode/extensions/golang.go-0.40.0/dist/goMain.js:8232:11)
	at processMessageQueue (/home/mihalic2040/.vscode/extensions/golang.go-0.40.0/dist/goMain.js:8247:13)
	at Immediate.<anonymous> (/home/mihalic2040/.vscode/extensions/golang.go-0.40.0/dist/goMain.js:8223:11)
	at process.processImmediate (node:internal/timers:476:21)
