Starting linting the current package at /home/mihalic2040/work/Rosa-Desktop/src
/home/mihalic2040/work/Rosa-Desktop/src>Finished running tool: /home/mihalic2040/go/bin/staticcheck
/home/mihalic2040/work/Rosa-Desktop/src/DbManager.go:44:5 should omit comparison to bool constant, can be simplified to !d.Started (S1002)
/home/mihalic2040/work/Rosa-Desktop/src/DbManager.go:58:5 should omit comparison to bool constant, can be simplified to d.Started (S1002)
/home/mihalic2040/work/Rosa-Desktop/src/DbManager.go:154:5 should omit comparison to bool constant, can be simplified to !d.Started (S1002)
/home/mihalic2040/work/Rosa-Desktop/src/DbManager.go:156:10 error strings should not be capitalized (ST1005)
/home/mihalic2040/work/Rosa-Desktop/src/DbManager.go:198:5 should omit comparison to bool constant, can be simplified to !d.Started (S1002)
/home/mihalic2040/work/Rosa-Desktop/src/DbManager.go:203:2 empty branch (SA9003)
/home/mihalic2040/work/Rosa-Desktop/src/DbManager.go:250:5 should omit comparison to bool constant, can be simplified to !d.Started (S1002)
/home/mihalic2040/work/Rosa-Desktop/src/DbManager.go:252:10 error strings should not be capitalized (ST1005)
/home/mihalic2040/work/Rosa-Desktop/src/MsgManager.go:47:5 should omit comparison to bool constant, can be simplified to !Mgr.Started (S1002)
/home/mihalic2040/work/Rosa-Desktop/src/MsgManager.go:88:10 error strings should not be capitalized (ST1005)
/home/mihalic2040/work/Rosa-Desktop/src/MsgManager.go:121:15 error strings should not be capitalized (ST1005)
/home/mihalic2040/work/Rosa-Desktop/src/MsgManager.go:125:2 empty branch (SA9003)

Starting linting the current package at /home/mihalic2040/work/Rosa-Desktop/src
/home/mihalic2040/work/Rosa-Desktop/src>Finished running tool: /home/mihalic2040/go/bin/staticcheck
/home/mihalic2040/work/Rosa-Desktop/src/DbManager.go:44:5 should omit comparison to bool constant, can be simplified to !d.Started (S1002)
/home/mihalic2040/work/Rosa-Desktop/src/DbManager.go:58:5 should omit comparison to bool constant, can be simplified to d.Started (S1002)
/home/mihalic2040/work/Rosa-Desktop/src/DbManager.go:154:5 should omit comparison to bool constant, can be simplified to !d.Started (S1002)
/home/mihalic2040/work/Rosa-Desktop/src/DbManager.go:156:10 error strings should not be capitalized (ST1005)
/home/mihalic2040/work/Rosa-Desktop/src/DbManager.go:198:5 should omit comparison to bool constant, can be simplified to !d.Started (S1002)
/home/mihalic2040/work/Rosa-Desktop/src/DbManager.go:203:2 empty branch (SA9003)
/home/mihalic2040/work/Rosa-Desktop/src/DbManager.go:250:5 should omit comparison to bool constant, can be simplified to !d.Started (S1002)
/home/mihalic2040/work/Rosa-Desktop/src/DbManager.go:252:10 error strings should not be capitalized (ST1005)
/home/mihalic2040/work/Rosa-Desktop/src/MsgManager.go:47:5 should omit comparison to bool constant, can be simplified to !Mgr.Started (S1002)
/home/mihalic2040/work/Rosa-Desktop/src/MsgManager.go:88:10 error strings should not be capitalized (ST1005)
/home/mihalic2040/work/Rosa-Desktop/src/MsgManager.go:121:15 error strings should not be capitalized (ST1005)
/home/mihalic2040/work/Rosa-Desktop/src/MsgManager.go:125:2 empty branch (SA9003)

Starting linting the current package at /home/mihalic2040/work/Rosa-Desktop/src
/home/mihalic2040/work/Rosa-Desktop/src>Finished running tool: /home/mihalic2040/go/bin/staticcheck
/home/mihalic2040/work/Rosa-Desktop/src/DbManager.go:44:5 should omit comparison to bool constant, can be simplified to !d.Started (S1002)
/home/mihalic2040/work/Rosa-Desktop/src/DbManager.go:58:5 should omit comparison to bool constant, can be simplified to d.Started (S1002)
/home/mihalic2040/work/Rosa-Desktop/src/DbManager.go:154:5 should omit comparison to bool constant, can be simplified to !d.Started (S1002)
/home/mihalic2040/work/Rosa-Desktop/src/DbManager.go:156:10 error strings should not be capitalized (ST1005)
/home/mihalic2040/work/Rosa-Desktop/src/DbManager.go:198:5 should omit comparison to bool constant, can be simplified to !d.Started (S1002)
/home/mihalic2040/work/Rosa-Desktop/src/DbManager.go:203:2 empty branch (SA9003)
/home/mihalic2040/work/Rosa-Desktop/src/DbManager.go:250:5 should omit comparison to bool constant, can be simplified to !d.Started (S1002)
/home/mihalic2040/work/Rosa-Desktop/src/DbManager.go:252:10 error strings should not be capitalized (ST1005)
/home/mihalic2040/work/Rosa-Desktop/src/MsgManager.go:47:5 should omit comparison to bool constant, can be simplified to !Mgr.Started (S1002)
/home/mihalic2040/work/Rosa-Desktop/src/MsgManager.go:88:10 error strings should not be capitalized (ST1005)
/home/mihalic2040/work/Rosa-Desktop/src/MsgManager.go:121:15 error strings should not be capitalized (ST1005)
/home/mihalic2040/work/Rosa-Desktop/src/MsgManager.go:125:2 empty branch (SA9003)

